{"/home/runner/work/secure_file/secure_file/client/src/hooks/use-auth.ts": {"path":"/home/runner/work/secure_file/secure_file/client/src/hooks/use-auth.ts","statementMap":{"0":{"start":{"line":15,"column":19},"end":{"line":17,"column":null}},"1":{"start":{"line":19,"column":2},"end":{"line":21,"column":null}},"2":{"start":{"line":20,"column":4},"end":{"line":20,"column":null}},"3":{"start":{"line":23,"column":2},"end":{"line":25,"column":null}},"4":{"start":{"line":24,"column":4},"end":{"line":24,"column":null}},"5":{"start":{"line":27,"column":2},"end":{"line":27,"column":null}},"6":{"start":{"line":31,"column":2},"end":{"line":31,"column":null}},"7":{"start":{"line":35,"column":8},"end":{"line":35,"column":null}},"8":{"start":{"line":36,"column":32},"end":{"line":41,"column":null}},"9":{"start":{"line":43,"column":8},"end":{"line":48,"column":null}},"10":{"start":{"line":46,"column":6},"end":{"line":46,"column":null}},"11":{"start":{"line":50,"column":2},"end":{"line":56,"column":null}}},"fnMap":{"0":{"name":"fetchUser","decl":{"start":{"line":14,"column":15},"end":{"line":14,"column":49}},"loc":{"start":{"line":14,"column":49},"end":{"line":28,"column":null}},"line":14},"1":{"name":"logout","decl":{"start":{"line":30,"column":15},"end":{"line":30,"column":39}},"loc":{"start":{"line":30,"column":39},"end":{"line":32,"column":null}},"line":30},"2":{"name":"useAuth","decl":{"start":{"line":34,"column":16},"end":{"line":34,"column":26}},"loc":{"start":{"line":34,"column":26},"end":{"line":57,"column":null}},"line":34},"3":{"name":"(anonymous_3)","decl":{"start":{"line":45,"column":15},"end":{"line":45,"column":21}},"loc":{"start":{"line":45,"column":21},"end":{"line":47,"column":null}},"line":45}},"branchMap":{"0":{"loc":{"start":{"line":19,"column":2},"end":{"line":21,"column":null}},"type":"if","locations":[{"start":{"line":19,"column":2},"end":{"line":21,"column":null}},{"start":{},"end":{}}],"line":19},"1":{"loc":{"start":{"line":23,"column":2},"end":{"line":25,"column":null}},"type":"if","locations":[{"start":{"line":23,"column":2},"end":{"line":25,"column":null}},{"start":{},"end":{}}],"line":23}},"s":{"0":0,"1":0,"2":0,"3":0,"4":0,"5":0,"6":0,"7":0,"8":0,"9":0,"10":0,"11":0},"f":{"0":0,"1":0,"2":0,"3":0},"b":{"0":[0,0],"1":[0,0]},"meta":{"lastBranch":2,"lastFunction":4,"lastStatement":12,"seen":{"f:14:15:14:49":0,"s:15:19:17:Infinity":0,"b:19:2:21:Infinity:undefined:undefined:undefined:undefined":0,"s:19:2:21:Infinity":1,"s:20:4:20:Infinity":2,"b:23:2:25:Infinity:undefined:undefined:undefined:undefined":1,"s:23:2:25:Infinity":3,"s:24:4:24:Infinity":4,"s:27:2:27:Infinity":5,"f:30:15:30:39":1,"s:31:2:31:Infinity":6,"f:34:16:34:26":2,"s:35:8:35:Infinity":7,"s:36:32:41:Infinity":8,"s:43:8:48:Infinity":9,"f:45:15:45:21":3,"s:46:6:46:Infinity":10,"s:50:2:56:Infinity":11}}}
,"/home/runner/work/secure_file/secure_file/client/src/hooks/use-toast.ts": {"path":"/home/runner/work/secure_file/secure_file/client/src/hooks/use-toast.ts","statementMap":{"0":{"start":{"line":18,"column":20},"end":{"line":18,"column":null}},"1":{"start":{"line":19,"column":27},"end":{"line":19,"column":null}},"2":{"start":{"line":28,"column":20},"end":{"line":33,"column":null}},"3":{"start":{"line":35,"column":12},"end":{"line":35,"column":null}},"4":{"start":{"line":38,"column":2},"end":{"line":38,"column":null}},"5":{"start":{"line":39,"column":2},"end":{"line":39,"column":null}},"6":{"start":{"line":66,"column":22},"end":{"line":66,"column":null}},"7":{"start":{"line":68,"column":25},"end":{"line":82,"column":null}},"8":{"start":{"line":69,"column":2},"end":{"line":71,"column":null}},"9":{"start":{"line":70,"column":4},"end":{"line":70,"column":null}},"10":{"start":{"line":73,"column":18},"end":{"line":79,"column":null}},"11":{"start":{"line":74,"column":4},"end":{"line":74,"column":null}},"12":{"start":{"line":75,"column":4},"end":{"line":78,"column":null}},"13":{"start":{"line":81,"column":2},"end":{"line":81,"column":null}},"14":{"start":{"line":84,"column":23},"end":{"line":137,"column":null}},"15":{"start":{"line":85,"column":2},"end":{"line":136,"column":null}},"16":{"start":{"line":87,"column":6},"end":{"line":90,"column":null}},"17":{"start":{"line":93,"column":6},"end":{"line":98,"column":null}},"18":{"start":{"line":96,"column":10},"end":{"line":96,"column":null}},"19":{"start":{"line":101,"column":26},"end":{"line":101,"column":null}},"20":{"start":{"line":105,"column":6},"end":{"line":111,"column":null}},"21":{"start":{"line":106,"column":8},"end":{"line":106,"column":null}},"22":{"start":{"line":108,"column":8},"end":{"line":110,"column":null}},"23":{"start":{"line":109,"column":10},"end":{"line":109,"column":null}},"24":{"start":{"line":113,"column":6},"end":{"line":123,"column":null}},"25":{"start":{"line":116,"column":10},"end":{"line":121,"column":null}},"26":{"start":{"line":126,"column":6},"end":{"line":131,"column":null}},"27":{"start":{"line":127,"column":8},"end":{"line":130,"column":null}},"28":{"start":{"line":132,"column":6},"end":{"line":135,"column":null}},"29":{"start":{"line":134,"column":43},"end":{"line":134,"column":66}},"30":{"start":{"line":139,"column":49},"end":{"line":139,"column":null}},"31":{"start":{"line":141,"column":25},"end":{"line":141,"column":null}},"32":{"start":{"line":144,"column":2},"end":{"line":144,"column":null}},"33":{"start":{"line":145,"column":2},"end":{"line":147,"column":null}},"34":{"start":{"line":146,"column":4},"end":{"line":146,"column":null}},"35":{"start":{"line":153,"column":13},"end":{"line":153,"column":null}},"36":{"start":{"line":155,"column":17},"end":{"line":159,"column":null}},"37":{"start":{"line":156,"column":4},"end":{"line":159,"column":null}},"38":{"start":{"line":160,"column":18},"end":{"line":160,"column":null}},"39":{"start":{"line":160,"column":24},"end":{"line":160,"column":null}},"40":{"start":{"line":162,"column":2},"end":{"line":172,"column":null}},"41":{"start":{"line":169,"column":8},"end":{"line":169,"column":null}},"42":{"start":{"line":169,"column":19},"end":{"line":169,"column":null}},"43":{"start":{"line":174,"column":2},"end":{"line":178,"column":null}},"44":{"start":{"line":182,"column":28},"end":{"line":182,"column":null}},"45":{"start":{"line":184,"column":2},"end":{"line":192,"column":null}},"46":{"start":{"line":185,"column":4},"end":{"line":185,"column":null}},"47":{"start":{"line":186,"column":4},"end":{"line":191,"column":null}},"48":{"start":{"line":187,"column":20},"end":{"line":187,"column":null}},"49":{"start":{"line":188,"column":6},"end":{"line":190,"column":null}},"50":{"start":{"line":189,"column":8},"end":{"line":189,"column":null}},"51":{"start":{"line":194,"column":2},"end":{"line":198,"column":null}},"52":{"start":{"line":197,"column":35},"end":{"line":197,"column":null}}},"fnMap":{"0":{"name":"genId","decl":{"start":{"line":37,"column":9},"end":{"line":37,"column":17}},"loc":{"start":{"line":37,"column":17},"end":{"line":40,"column":null}},"line":37},"1":{"name":"(anonymous_1)","decl":{"start":{"line":68,"column":25},"end":{"line":68,"column":26}},"loc":{"start":{"line":68,"column":46},"end":{"line":82,"column":null}},"line":68},"2":{"name":"(anonymous_2)","decl":{"start":{"line":73,"column":29},"end":{"line":73,"column":35}},"loc":{"start":{"line":73,"column":35},"end":{"line":79,"column":5}},"line":73},"3":{"name":"(anonymous_3)","decl":{"start":{"line":84,"column":23},"end":{"line":84,"column":24}},"loc":{"start":{"line":84,"column":64},"end":{"line":137,"column":null}},"line":84},"4":{"name":"(anonymous_4)","decl":{"start":{"line":95,"column":33},"end":{"line":95,"column":34}},"loc":{"start":{"line":96,"column":10},"end":{"line":96,"column":null}},"line":96},"5":{"name":"(anonymous_5)","decl":{"start":{"line":108,"column":29},"end":{"line":108,"column":30}},"loc":{"start":{"line":108,"column":40},"end":{"line":110,"column":9}},"line":108},"6":{"name":"(anonymous_6)","decl":{"start":{"line":115,"column":33},"end":{"line":115,"column":34}},"loc":{"start":{"line":116,"column":10},"end":{"line":121,"column":null}},"line":116},"7":{"name":"(anonymous_7)","decl":{"start":{"line":134,"column":36},"end":{"line":134,"column":37}},"loc":{"start":{"line":134,"column":43},"end":{"line":134,"column":66}},"line":134},"8":{"name":"dispatch","decl":{"start":{"line":143,"column":9},"end":{"line":143,"column":18}},"loc":{"start":{"line":143,"column":34},"end":{"line":148,"column":null}},"line":143},"9":{"name":"(anonymous_9)","decl":{"start":{"line":145,"column":20},"end":{"line":145,"column":21}},"loc":{"start":{"line":145,"column":34},"end":{"line":147,"column":3}},"line":145},"10":{"name":"toast","decl":{"start":{"line":152,"column":9},"end":{"line":152,"column":15}},"loc":{"start":{"line":152,"column":36},"end":{"line":179,"column":null}},"line":152},"11":{"name":"(anonymous_11)","decl":{"start":{"line":155,"column":17},"end":{"line":155,"column":18}},"loc":{"start":{"line":156,"column":4},"end":{"line":159,"column":null}},"line":156},"12":{"name":"(anonymous_12)","decl":{"start":{"line":160,"column":18},"end":{"line":160,"column":24}},"loc":{"start":{"line":160,"column":24},"end":{"line":160,"column":null}},"line":160},"13":{"name":"(anonymous_13)","decl":{"start":{"line":168,"column":20},"end":{"line":168,"column":21}},"loc":{"start":{"line":168,"column":30},"end":{"line":170,"column":null}},"line":168},"14":{"name":"useToast","decl":{"start":{"line":181,"column":9},"end":{"line":181,"column":20}},"loc":{"start":{"line":181,"column":20},"end":{"line":199,"column":null}},"line":181},"15":{"name":"(anonymous_15)","decl":{"start":{"line":184,"column":18},"end":{"line":184,"column":24}},"loc":{"start":{"line":184,"column":24},"end":{"line":192,"column":5}},"line":184},"16":{"name":"(anonymous_16)","decl":{"start":{"line":186,"column":11},"end":{"line":186,"column":17}},"loc":{"start":{"line":186,"column":17},"end":{"line":191,"column":null}},"line":186},"17":{"name":"(anonymous_17)","decl":{"start":{"line":197,"column":13},"end":{"line":197,"column":14}},"loc":{"start":{"line":197,"column":35},"end":{"line":197,"column":null}},"line":197}},"branchMap":{"0":{"loc":{"start":{"line":69,"column":2},"end":{"line":71,"column":null}},"type":"if","locations":[{"start":{"line":69,"column":2},"end":{"line":71,"column":null}},{"start":{},"end":{}}],"line":69},"1":{"loc":{"start":{"line":85,"column":2},"end":{"line":136,"column":null}},"type":"switch","locations":[{"start":{"line":86,"column":4},"end":{"line":90,"column":null}},{"start":{"line":92,"column":4},"end":{"line":98,"column":null}},{"start":{"line":100,"column":4},"end":{"line":124,"column":null}},{"start":{"line":125,"column":4},"end":{"line":135,"column":null}}],"line":85},"2":{"loc":{"start":{"line":96,"column":10},"end":{"line":96,"column":null}},"type":"cond-expr","locations":[{"start":{"line":96,"column":37},"end":{"line":96,"column":65}},{"start":{"line":96,"column":65},"end":{"line":96,"column":null}}],"line":96},"3":{"loc":{"start":{"line":105,"column":6},"end":{"line":111,"column":null}},"type":"if","locations":[{"start":{"line":105,"column":6},"end":{"line":111,"column":null}},{"start":{"line":107,"column":13},"end":{"line":111,"column":null}}],"line":105},"4":{"loc":{"start":{"line":116,"column":10},"end":{"line":121,"column":null}},"type":"cond-expr","locations":[{"start":{"line":117,"column":14},"end":{"line":120,"column":null}},{"start":{"line":121,"column":14},"end":{"line":121,"column":null}}],"line":116},"5":{"loc":{"start":{"line":116,"column":10},"end":{"line":116,"column":null}},"type":"binary-expr","locations":[{"start":{"line":116,"column":10},"end":{"line":116,"column":30}},{"start":{"line":116,"column":30},"end":{"line":116,"column":null}}],"line":116},"6":{"loc":{"start":{"line":126,"column":6},"end":{"line":131,"column":null}},"type":"if","locations":[{"start":{"line":126,"column":6},"end":{"line":131,"column":null}},{"start":{},"end":{}}],"line":126},"7":{"loc":{"start":{"line":169,"column":8},"end":{"line":169,"column":null}},"type":"if","locations":[{"start":{"line":169,"column":8},"end":{"line":169,"column":null}},{"start":{},"end":{}}],"line":169},"8":{"loc":{"start":{"line":188,"column":6},"end":{"line":190,"column":null}},"type":"if","locations":[{"start":{"line":188,"column":6},"end":{"line":190,"column":null}},{"start":{},"end":{}}],"line":188}},"s":{"0":1,"1":1,"2":1,"3":1,"4":7,"5":7,"6":1,"7":1,"8":3,"9":1,"10":2,"11":0,"12":0,"13":2,"14":1,"15":17,"16":10,"17":2,"18":4,"19":2,"20":2,"21":1,"22":1,"23":2,"24":2,"25":4,"26":3,"27":1,"28":2,"29":4,"30":1,"31":1,"32":7,"33":7,"34":0,"35":7,"36":7,"37":0,"38":7,"39":0,"40":7,"41":0,"42":0,"43":7,"44":0,"45":0,"46":0,"47":0,"48":0,"49":0,"50":0,"51":0,"52":0},"f":{"0":7,"1":3,"2":0,"3":17,"4":4,"5":2,"6":4,"7":4,"8":7,"9":0,"10":7,"11":0,"12":0,"13":0,"14":0,"15":0,"16":0,"17":0},"b":{"0":[1,2],"1":[10,2,2,3],"2":[2,2],"3":[1,1],"4":[3,1],"5":[4,3],"6":[1,2],"7":[0,0],"8":[0,0]},"meta":{"lastBranch":9,"lastFunction":18,"lastStatement":53,"seen":{"s:18:20:18:Infinity":0,"s:19:27:19:Infinity":1,"s:28:20:33:Infinity":2,"s:35:12:35:Infinity":3,"f:37:9:37:17":0,"s:38:2:38:Infinity":4,"s:39:2:39:Infinity":5,"s:66:22:66:Infinity":6,"s:68:25:82:Infinity":7,"f:68:25:68:26":1,"b:69:2:71:Infinity:undefined:undefined:undefined:undefined":0,"s:69:2:71:Infinity":8,"s:70:4:70:Infinity":9,"s:73:18:79:Infinity":10,"f:73:29:73:35":2,"s:74:4:74:Infinity":11,"s:75:4:78:Infinity":12,"s:81:2:81:Infinity":13,"s:84:23:137:Infinity":14,"f:84:23:84:24":3,"b:86:4:90:Infinity:92:4:98:Infinity:100:4:124:Infinity:125:4:135:Infinity":1,"s:85:2:136:Infinity":15,"s:87:6:90:Infinity":16,"s:93:6:98:Infinity":17,"f:95:33:95:34":4,"s:96:10:96:Infinity":18,"b:96:37:96:65:96:65:96:Infinity":2,"s:101:26:101:Infinity":19,"b:105:6:111:Infinity:107:13:111:Infinity":3,"s:105:6:111:Infinity":20,"s:106:8:106:Infinity":21,"s:108:8:110:Infinity":22,"f:108:29:108:30":5,"s:109:10:109:Infinity":23,"s:113:6:123:Infinity":24,"f:115:33:115:34":6,"s:116:10:121:Infinity":25,"b:117:14:120:Infinity:121:14:121:Infinity":4,"b:116:10:116:30:116:30:116:Infinity":5,"b:126:6:131:Infinity:undefined:undefined:undefined:undefined":6,"s:126:6:131:Infinity":26,"s:127:8:130:Infinity":27,"s:132:6:135:Infinity":28,"f:134:36:134:37":7,"s:134:43:134:66":29,"s:139:49:139:Infinity":30,"s:141:25:141:Infinity":31,"f:143:9:143:18":8,"s:144:2:144:Infinity":32,"s:145:2:147:Infinity":33,"f:145:20:145:21":9,"s:146:4:146:Infinity":34,"f:152:9:152:15":10,"s:153:13:153:Infinity":35,"s:155:17:159:Infinity":36,"f:155:17:155:18":11,"s:156:4:159:Infinity":37,"s:160:18:160:Infinity":38,"f:160:18:160:24":12,"s:160:24:160:Infinity":39,"s:162:2:172:Infinity":40,"f:168:20:168:21":13,"b:169:8:169:Infinity:undefined:undefined:undefined:undefined":7,"s:169:8:169:Infinity":41,"s:169:19:169:Infinity":42,"s:174:2:178:Infinity":43,"f:181:9:181:20":14,"s:182:28:182:Infinity":44,"s:184:2:192:Infinity":45,"f:184:18:184:24":15,"s:185:4:185:Infinity":46,"s:186:4:191:Infinity":47,"f:186:11:186:17":16,"s:187:20:187:Infinity":48,"b:188:6:190:Infinity:undefined:undefined:undefined:undefined":8,"s:188:6:190:Infinity":49,"s:189:8:189:Infinity":50,"s:194:2:198:Infinity":51,"f:197:13:197:14":17,"s:197:35:197:Infinity":52}}}
,"/home/runner/work/secure_file/secure_file/client/src/hooks/use-upload.ts": {"path":"/home/runner/work/secure_file/secure_file/client/src/hooks/use-upload.ts","statementMap":{"0":{"start":{"line":65,"column":36},"end":{"line":65,"column":null}},"1":{"start":{"line":66,"column":24},"end":{"line":66,"column":null}},"2":{"start":{"line":67,"column":30},"end":{"line":67,"column":null}},"3":{"start":{"line":73,"column":8},"end":{"line":95,"column":null}},"4":{"start":{"line":75,"column":23},"end":{"line":85,"column":null}},"5":{"start":{"line":87,"column":6},"end":{"line":90,"column":null}},"6":{"start":{"line":88,"column":26},"end":{"line":88,"column":null}},"7":{"start":{"line":88,"column":61},"end":{"line":88,"column":64}},"8":{"start":{"line":89,"column":8},"end":{"line":89,"column":null}},"9":{"start":{"line":92,"column":6},"end":{"line":92,"column":null}},"10":{"start":{"line":100,"column":8},"end":{"line":115,"column":null}},"11":{"start":{"line":102,"column":23},"end":{"line":108,"column":null}},"12":{"start":{"line":110,"column":6},"end":{"line":112,"column":null}},"13":{"start":{"line":111,"column":8},"end":{"line":111,"column":null}},"14":{"start":{"line":123,"column":8},"end":{"line":151,"column":null}},"15":{"start":{"line":125,"column":6},"end":{"line":125,"column":null}},"16":{"start":{"line":126,"column":6},"end":{"line":126,"column":null}},"17":{"start":{"line":127,"column":6},"end":{"line":127,"column":null}},"18":{"start":{"line":129,"column":6},"end":{"line":148,"column":null}},"19":{"start":{"line":131,"column":8},"end":{"line":131,"column":null}},"20":{"start":{"line":132,"column":31},"end":{"line":132,"column":null}},"21":{"start":{"line":135,"column":8},"end":{"line":135,"column":null}},"22":{"start":{"line":136,"column":8},"end":{"line":136,"column":null}},"23":{"start":{"line":138,"column":8},"end":{"line":138,"column":null}},"24":{"start":{"line":139,"column":8},"end":{"line":139,"column":null}},"25":{"start":{"line":140,"column":8},"end":{"line":140,"column":null}},"26":{"start":{"line":142,"column":22},"end":{"line":142,"column":null}},"27":{"start":{"line":143,"column":8},"end":{"line":143,"column":null}},"28":{"start":{"line":144,"column":8},"end":{"line":144,"column":null}},"29":{"start":{"line":145,"column":8},"end":{"line":145,"column":null}},"30":{"start":{"line":147,"column":8},"end":{"line":147,"column":null}},"31":{"start":{"line":166,"column":8},"end":{"line":199,"column":null}},"32":{"start":{"line":175,"column":23},"end":{"line":185,"column":null}},"33":{"start":{"line":187,"column":6},"end":{"line":189,"column":null}},"34":{"start":{"line":188,"column":8},"end":{"line":188,"column":null}},"35":{"start":{"line":191,"column":19},"end":{"line":191,"column":null}},"36":{"start":{"line":192,"column":6},"end":{"line":196,"column":null}},"37":{"start":{"line":201,"column":2},"end":{"line":207,"column":null}}},"fnMap":{"0":{"name":"useUpload","decl":{"start":{"line":64,"column":16},"end":{"line":64,"column":26}},"loc":{"start":{"line":64,"column":58},"end":{"line":208,"column":null}},"line":64},"1":{"name":"(anonymous_1)","decl":{"start":{"line":74,"column":4},"end":{"line":74,"column":11}},"loc":{"start":{"line":74,"column":51},"end":{"line":93,"column":null}},"line":74},"2":{"name":"(anonymous_2)","decl":{"start":{"line":88,"column":54},"end":{"line":88,"column":61}},"loc":{"start":{"line":88,"column":61},"end":{"line":88,"column":64}},"line":88},"3":{"name":"(anonymous_3)","decl":{"start":{"line":101,"column":4},"end":{"line":101,"column":11}},"loc":{"start":{"line":101,"column":60},"end":{"line":113,"column":null}},"line":101},"4":{"name":"(anonymous_4)","decl":{"start":{"line":124,"column":4},"end":{"line":124,"column":11}},"loc":{"start":{"line":124,"column":58},"end":{"line":149,"column":null}},"line":124},"5":{"name":"(anonymous_5)","decl":{"start":{"line":167,"column":4},"end":{"line":167,"column":null}},"loc":{"start":{"line":173,"column":10},"end":{"line":197,"column":null}},"line":173}},"branchMap":{"0":{"loc":{"start":{"line":64,"column":26},"end":{"line":64,"column":58}},"type":"default-arg","locations":[{"start":{"line":64,"column":54},"end":{"line":64,"column":58}}],"line":64},"1":{"loc":{"start":{"line":83,"column":23},"end":{"line":83,"column":null}},"type":"binary-expr","locations":[{"start":{"line":83,"column":23},"end":{"line":83,"column":36}},{"start":{"line":83,"column":36},"end":{"line":83,"column":null}}],"line":83},"2":{"loc":{"start":{"line":87,"column":6},"end":{"line":90,"column":null}},"type":"if","locations":[{"start":{"line":87,"column":6},"end":{"line":90,"column":null}},{"start":{},"end":{}}],"line":87},"3":{"loc":{"start":{"line":89,"column":24},"end":{"line":89,"column":69}},"type":"binary-expr","locations":[{"start":{"line":89,"column":24},"end":{"line":89,"column":43}},{"start":{"line":89,"column":43},"end":{"line":89,"column":69}}],"line":89},"4":{"loc":{"start":{"line":106,"column":26},"end":{"line":106,"column":null}},"type":"binary-expr","locations":[{"start":{"line":106,"column":26},"end":{"line":106,"column":39}},{"start":{"line":106,"column":39},"end":{"line":106,"column":null}}],"line":106},"5":{"loc":{"start":{"line":110,"column":6},"end":{"line":112,"column":null}},"type":"if","locations":[{"start":{"line":110,"column":6},"end":{"line":112,"column":null}},{"start":{},"end":{}}],"line":110},"6":{"loc":{"start":{"line":142,"column":22},"end":{"line":142,"column":null}},"type":"cond-expr","locations":[{"start":{"line":142,"column":45},"end":{"line":142,"column":51}},{"start":{"line":142,"column":51},"end":{"line":142,"column":null}}],"line":142},"7":{"loc":{"start":{"line":183,"column":23},"end":{"line":183,"column":null}},"type":"binary-expr","locations":[{"start":{"line":183,"column":23},"end":{"line":183,"column":36}},{"start":{"line":183,"column":36},"end":{"line":183,"column":null}}],"line":183},"8":{"loc":{"start":{"line":187,"column":6},"end":{"line":189,"column":null}},"type":"if","locations":[{"start":{"line":187,"column":6},"end":{"line":189,"column":null}},{"start":{},"end":{}}],"line":187},"9":{"loc":{"start":{"line":195,"column":35},"end":{"line":195,"column":75}},"type":"binary-expr","locations":[{"start":{"line":195,"column":35},"end":{"line":195,"column":48}},{"start":{"line":195,"column":48},"end":{"line":195,"column":75}}],"line":195}},"s":{"0":0,"1":0,"2":0,"3":0,"4":0,"5":0,"6":0,"7":0,"8":0,"9":0,"10":0,"11":0,"12":0,"13":0,"14":0,"15":0,"16":0,"17":0,"18":0,"19":0,"20":0,"21":0,"22":0,"23":0,"24":0,"25":0,"26":0,"27":0,"28":0,"29":0,"30":0,"31":0,"32":0,"33":0,"34":0,"35":0,"36":0,"37":0},"f":{"0":0,"1":0,"2":0,"3":0,"4":0,"5":0},"b":{"0":[0],"1":[0,0],"2":[0,0],"3":[0,0],"4":[0,0],"5":[0,0],"6":[0,0],"7":[0,0],"8":[0,0],"9":[0,0]},"meta":{"lastBranch":10,"lastFunction":6,"lastStatement":38,"seen":{"f:64:16:64:26":0,"b:64:54:64:58":0,"s:65:36:65:Infinity":0,"s:66:24:66:Infinity":1,"s:67:30:67:Infinity":2,"s:73:8:95:Infinity":3,"f:74:4:74:11":1,"s:75:23:85:Infinity":4,"b:83:23:83:36:83:36:83:Infinity":1,"b:87:6:90:Infinity:undefined:undefined:undefined:undefined":2,"s:87:6:90:Infinity":5,"s:88:26:88:Infinity":6,"f:88:54:88:61":2,"s:88:61:88:64":7,"s:89:8:89:Infinity":8,"b:89:24:89:43:89:43:89:69":3,"s:92:6:92:Infinity":9,"s:100:8:115:Infinity":10,"f:101:4:101:11":3,"s:102:23:108:Infinity":11,"b:106:26:106:39:106:39:106:Infinity":4,"b:110:6:112:Infinity:undefined:undefined:undefined:undefined":5,"s:110:6:112:Infinity":12,"s:111:8:111:Infinity":13,"s:123:8:151:Infinity":14,"f:124:4:124:11":4,"s:125:6:125:Infinity":15,"s:126:6:126:Infinity":16,"s:127:6:127:Infinity":17,"s:129:6:148:Infinity":18,"s:131:8:131:Infinity":19,"s:132:31:132:Infinity":20,"s:135:8:135:Infinity":21,"s:136:8:136:Infinity":22,"s:138:8:138:Infinity":23,"s:139:8:139:Infinity":24,"s:140:8:140:Infinity":25,"s:142:22:142:Infinity":26,"b:142:45:142:51:142:51:142:Infinity":6,"s:143:8:143:Infinity":27,"s:144:8:144:Infinity":28,"s:145:8:145:Infinity":29,"s:147:8:147:Infinity":30,"s:166:8:199:Infinity":31,"f:167:4:167:Infinity":5,"s:175:23:185:Infinity":32,"b:183:23:183:36:183:36:183:Infinity":7,"b:187:6:189:Infinity:undefined:undefined:undefined:undefined":8,"s:187:6:189:Infinity":33,"s:188:8:188:Infinity":34,"s:191:19:191:Infinity":35,"s:192:6:196:Infinity":36,"b:195:35:195:48:195:48:195:75":9,"s:201:2:207:Infinity":37}}}
,"/home/runner/work/secure_file/secure_file/client/src/lib/auth-utils.ts": {"path":"/home/runner/work/secure_file/secure_file/client/src/lib/auth-utils.ts","statementMap":{"0":{"start":{"line":12,"column":2},"end":{"line":12,"column":null}},"1":{"start":{"line":17,"column":2},"end":{"line":23,"column":null}},"2":{"start":{"line":18,"column":4},"end":{"line":22,"column":null}},"3":{"start":{"line":24,"column":2},"end":{"line":26,"column":null}},"4":{"start":{"line":25,"column":4},"end":{"line":25,"column":null}}},"fnMap":{"0":{"name":"isUnauthorizedError","decl":{"start":{"line":11,"column":16},"end":{"line":11,"column":36}},"loc":{"start":{"line":11,"column":59},"end":{"line":13,"column":null}},"line":11},"1":{"name":"redirectToLogin","decl":{"start":{"line":16,"column":16},"end":{"line":16,"column":32}},"loc":{"start":{"line":16,"column":116},"end":{"line":27,"column":null}},"line":16},"2":{"name":"(anonymous_2)","decl":{"start":{"line":24,"column":13},"end":{"line":24,"column":19}},"loc":{"start":{"line":24,"column":19},"end":{"line":26,"column":5}},"line":24}},"branchMap":{"0":{"loc":{"start":{"line":17,"column":2},"end":{"line":23,"column":null}},"type":"if","locations":[{"start":{"line":17,"column":2},"end":{"line":23,"column":null}},{"start":{},"end":{}}],"line":17}},"s":{"0":8,"1":4,"2":1,"3":4,"4":4},"f":{"0":8,"1":4,"2":4},"b":{"0":[1,3]},"meta":{"lastBranch":1,"lastFunction":3,"lastStatement":5,"seen":{"f:11:16:11:36":0,"s:12:2:12:Infinity":0,"f:16:16:16:32":1,"b:17:2:23:Infinity:undefined:undefined:undefined:undefined":0,"s:17:2:23:Infinity":1,"s:18:4:22:Infinity":2,"s:24:2:26:Infinity":3,"f:24:13:24:19":2,"s:25:4:25:Infinity":4}}}
,"/home/runner/work/secure_file/secure_file/client/src/lib/queryClient.ts": {"path":"/home/runner/work/secure_file/secure_file/client/src/lib/queryClient.ts","statementMap":{"0":{"start":{"line":14,"column":2},"end":{"line":17,"column":null}},"1":{"start":{"line":15,"column":18},"end":{"line":15,"column":null}},"2":{"start":{"line":16,"column":4},"end":{"line":16,"column":null}},"3":{"start":{"line":25,"column":14},"end":{"line":30,"column":null}},"4":{"start":{"line":32,"column":2},"end":{"line":32,"column":null}},"5":{"start":{"line":33,"column":2},"end":{"line":33,"column":null}},"6":{"start":{"line":40,"column":2},"end":{"line":52,"column":null}},"7":{"start":{"line":41,"column":2},"end":{"line":52,"column":null}},"8":{"start":{"line":42,"column":16},"end":{"line":44,"column":null}},"9":{"start":{"line":46,"column":4},"end":{"line":48,"column":null}},"10":{"start":{"line":47,"column":6},"end":{"line":47,"column":null}},"11":{"start":{"line":50,"column":4},"end":{"line":50,"column":null}},"12":{"start":{"line":51,"column":4},"end":{"line":51,"column":null}},"13":{"start":{"line":54,"column":27},"end":{"line":67,"column":null}}},"fnMap":{"0":{"name":"throwIfResNotOk","decl":{"start":{"line":13,"column":15},"end":{"line":13,"column":31}},"loc":{"start":{"line":13,"column":46},"end":{"line":18,"column":null}},"line":13},"1":{"name":"apiRequest","decl":{"start":{"line":20,"column":22},"end":{"line":20,"column":null}},"loc":{"start":{"line":24,"column":21},"end":{"line":34,"column":null}},"line":24},"2":{"name":"(anonymous_2)","decl":{"start":{"line":40,"column":2},"end":{"line":40,"column":3}},"loc":{"start":{"line":41,"column":2},"end":{"line":52,"column":null}},"line":41},"3":{"name":"(anonymous_3)","decl":{"start":{"line":41,"column":2},"end":{"line":41,"column":9}},"loc":{"start":{"line":41,"column":26},"end":{"line":52,"column":null}},"line":41}},"branchMap":{"0":{"loc":{"start":{"line":14,"column":2},"end":{"line":17,"column":null}},"type":"if","locations":[{"start":{"line":14,"column":2},"end":{"line":17,"column":null}},{"start":{},"end":{}}],"line":14},"1":{"loc":{"start":{"line":15,"column":18},"end":{"line":15,"column":null}},"type":"binary-expr","locations":[{"start":{"line":15,"column":18},"end":{"line":15,"column":39}},{"start":{"line":15,"column":39},"end":{"line":15,"column":null}}],"line":15},"2":{"loc":{"start":{"line":27,"column":13},"end":{"line":27,"column":null}},"type":"cond-expr","locations":[{"start":{"line":27,"column":20},"end":{"line":27,"column":61}},{"start":{"line":27,"column":61},"end":{"line":27,"column":null}}],"line":27},"3":{"loc":{"start":{"line":28,"column":10},"end":{"line":28,"column":null}},"type":"cond-expr","locations":[{"start":{"line":28,"column":17},"end":{"line":28,"column":40}},{"start":{"line":28,"column":40},"end":{"line":28,"column":null}}],"line":28},"4":{"loc":{"start":{"line":46,"column":4},"end":{"line":48,"column":null}},"type":"if","locations":[{"start":{"line":46,"column":4},"end":{"line":48,"column":null}},{"start":{},"end":{}}],"line":46},"5":{"loc":{"start":{"line":46,"column":8},"end":{"line":46,"column":69}},"type":"binary-expr","locations":[{"start":{"line":46,"column":8},"end":{"line":46,"column":49}},{"start":{"line":46,"column":49},"end":{"line":46,"column":69}}],"line":46}},"s":{"0":15,"1":5,"2":5,"3":9,"4":9,"5":6,"6":1,"7":8,"8":7,"9":7,"10":1,"11":6,"12":4,"13":1},"f":{"0":15,"1":9,"2":8,"3":7},"b":{"0":[5,10],"1":[5,1],"2":[3,6],"3":[3,6],"4":[1,6],"5":[7,2]},"meta":{"lastBranch":6,"lastFunction":4,"lastStatement":14,"seen":{"f:13:15:13:31":0,"b:14:2:17:Infinity:undefined:undefined:undefined:undefined":0,"s:14:2:17:Infinity":0,"s:15:18:15:Infinity":1,"b:15:18:15:39:15:39:15:Infinity":1,"s:16:4:16:Infinity":2,"f:20:22:20:Infinity":1,"s:25:14:30:Infinity":3,"b:27:20:27:61:27:61:27:Infinity":2,"b:28:17:28:40:28:40:28:Infinity":3,"s:32:2:32:Infinity":4,"s:33:2:33:Infinity":5,"s:40:2:52:Infinity":6,"f:40:2:40:3":2,"s:41:2:52:Infinity":7,"f:41:2:41:9":3,"s:42:16:44:Infinity":8,"b:46:4:48:Infinity:undefined:undefined:undefined:undefined":4,"s:46:4:48:Infinity":9,"b:46:8:46:49:46:49:46:69":5,"s:47:6:47:Infinity":10,"s:50:4:50:Infinity":11,"s:51:4:51:Infinity":12,"s:54:27:67:Infinity":13}}}
,"/home/runner/work/secure_file/secure_file/client/src/lib/utils.ts": {"path":"/home/runner/work/secure_file/secure_file/client/src/lib/utils.ts","statementMap":{"0":{"start":{"line":15,"column":2},"end":{"line":15,"column":null}}},"fnMap":{"0":{"name":"cn","decl":{"start":{"line":14,"column":16},"end":{"line":14,"column":22}},"loc":{"start":{"line":14,"column":44},"end":{"line":16,"column":null}},"line":14}},"branchMap":{},"s":{"0":9},"f":{"0":9},"b":{},"meta":{"lastBranch":0,"lastFunction":1,"lastStatement":1,"seen":{"f:14:16:14:22":0,"s:15:2:15:Infinity":0}}}
,"/home/runner/work/secure_file/secure_file/server/db.ts": {"path":"/home/runner/work/secure_file/secure_file/server/db.ts","statementMap":{"0":{"start":{"line":15,"column":17},"end":{"line":15,"column":null}},"1":{"start":{"line":17,"column":0},"end":{"line":21,"column":null}},"2":{"start":{"line":18,"column":2},"end":{"line":20,"column":null}},"3":{"start":{"line":23,"column":20},"end":{"line":23,"column":null}},"4":{"start":{"line":24,"column":13},"end":{"line":24,"column":null}}},"fnMap":{},"branchMap":{"0":{"loc":{"start":{"line":17,"column":0},"end":{"line":21,"column":null}},"type":"if","locations":[{"start":{"line":17,"column":0},"end":{"line":21,"column":null}},{"start":{},"end":{}}],"line":17}},"s":{"0":1,"1":1,"2":0,"3":1,"4":1},"f":{},"b":{"0":[0,1]},"meta":{"lastBranch":1,"lastFunction":0,"lastStatement":5,"seen":{"s:15:17:15:Infinity":0,"b:17:0:21:Infinity:undefined:undefined:undefined:undefined":0,"s:17:0:21:Infinity":1,"s:18:2:20:Infinity":2,"s:23:20:23:Infinity":3,"s:24:13:24:Infinity":4}}}
,"/home/runner/work/secure_file/secure_file/server/routes.ts": {"path":"/home/runner/work/secure_file/secure_file/server/routes.ts","statementMap":{"0":{"start":{"line":20,"column":29},"end":{"line":20,"column":null}},"1":{"start":{"line":26,"column":2},"end":{"line":26,"column":null}},"2":{"start":{"line":27,"column":2},"end":{"line":27,"column":null}},"3":{"start":{"line":28,"column":2},"end":{"line":28,"column":null}},"4":{"start":{"line":30,"column":2},"end":{"line":40,"column":null}},"5":{"start":{"line":31,"column":4},"end":{"line":39,"column":null}},"6":{"start":{"line":32,"column":21},"end":{"line":32,"column":null}},"7":{"start":{"line":33,"column":23},"end":{"line":33,"column":null}},"8":{"start":{"line":34,"column":22},"end":{"line":34,"column":null}},"9":{"start":{"line":35,"column":6},"end":{"line":35,"column":null}},"10":{"start":{"line":37,"column":6},"end":{"line":37,"column":null}},"11":{"start":{"line":38,"column":6},"end":{"line":38,"column":null}},"12":{"start":{"line":42,"column":2},"end":{"line":59,"column":null}},"13":{"start":{"line":43,"column":4},"end":{"line":58,"column":null}},"14":{"start":{"line":44,"column":21},"end":{"line":44,"column":null}},"15":{"start":{"line":45,"column":21},"end":{"line":45,"column":null}},"16":{"start":{"line":46,"column":6},"end":{"line":48,"column":null}},"17":{"start":{"line":47,"column":8},"end":{"line":47,"column":null}},"18":{"start":{"line":50,"column":6},"end":{"line":52,"column":null}},"19":{"start":{"line":51,"column":8},"end":{"line":51,"column":null}},"20":{"start":{"line":53,"column":19},"end":{"line":53,"column":null}},"21":{"start":{"line":54,"column":6},"end":{"line":54,"column":null}},"22":{"start":{"line":56,"column":6},"end":{"line":56,"column":null}},"23":{"start":{"line":57,"column":6},"end":{"line":57,"column":null}},"24":{"start":{"line":61,"column":2},"end":{"line":79,"column":null}},"25":{"start":{"line":62,"column":4},"end":{"line":78,"column":null}},"26":{"start":{"line":63,"column":21},"end":{"line":63,"column":null}},"27":{"start":{"line":64,"column":19},"end":{"line":68,"column":null}},"28":{"start":{"line":69,"column":21},"end":{"line":69,"column":null}},"29":{"start":{"line":70,"column":6},"end":{"line":70,"column":null}},"30":{"start":{"line":72,"column":6},"end":{"line":72,"column":null}},"31":{"start":{"line":73,"column":6},"end":{"line":77,"column":null}},"32":{"start":{"line":74,"column":8},"end":{"line":74,"column":null}},"33":{"start":{"line":76,"column":8},"end":{"line":76,"column":null}},"34":{"start":{"line":81,"column":2},"end":{"line":90,"column":null}},"35":{"start":{"line":82,"column":4},"end":{"line":89,"column":null}},"36":{"start":{"line":83,"column":21},"end":{"line":83,"column":null}},"37":{"start":{"line":84,"column":6},"end":{"line":84,"column":null}},"38":{"start":{"line":85,"column":6},"end":{"line":85,"column":null}},"39":{"start":{"line":87,"column":6},"end":{"line":87,"column":null}},"40":{"start":{"line":88,"column":6},"end":{"line":88,"column":null}},"41":{"start":{"line":92,"column":2},"end":{"line":102,"column":null}},"42":{"start":{"line":93,"column":4},"end":{"line":101,"column":null}},"43":{"start":{"line":94,"column":21},"end":{"line":94,"column":null}},"44":{"start":{"line":95,"column":23},"end":{"line":95,"column":null}},"45":{"start":{"line":96,"column":20},"end":{"line":96,"column":null}},"46":{"start":{"line":97,"column":6},"end":{"line":97,"column":null}},"47":{"start":{"line":99,"column":6},"end":{"line":99,"column":null}},"48":{"start":{"line":100,"column":6},"end":{"line":100,"column":null}},"49":{"start":{"line":104,"column":2},"end":{"line":128,"column":null}},"50":{"start":{"line":105,"column":4},"end":{"line":127,"column":null}},"51":{"start":{"line":106,"column":21},"end":{"line":106,"column":null}},"52":{"start":{"line":109,"column":35},"end":{"line":109,"column":null}},"53":{"start":{"line":111,"column":19},"end":{"line":116,"column":null}},"54":{"start":{"line":118,"column":19},"end":{"line":118,"column":null}},"55":{"start":{"line":119,"column":6},"end":{"line":119,"column":null}},"56":{"start":{"line":121,"column":6},"end":{"line":121,"column":null}},"57":{"start":{"line":122,"column":6},"end":{"line":126,"column":null}},"58":{"start":{"line":123,"column":8},"end":{"line":123,"column":null}},"59":{"start":{"line":125,"column":8},"end":{"line":125,"column":null}},"60":{"start":{"line":130,"column":2},"end":{"line":139,"column":null}},"61":{"start":{"line":131,"column":4},"end":{"line":138,"column":null}},"62":{"start":{"line":132,"column":21},"end":{"line":132,"column":null}},"63":{"start":{"line":133,"column":6},"end":{"line":133,"column":null}},"64":{"start":{"line":134,"column":6},"end":{"line":134,"column":null}},"65":{"start":{"line":136,"column":6},"end":{"line":136,"column":null}},"66":{"start":{"line":137,"column":6},"end":{"line":137,"column":null}},"67":{"start":{"line":141,"column":2},"end":{"line":157,"column":null}},"68":{"start":{"line":142,"column":4},"end":{"line":156,"column":null}},"69":{"start":{"line":143,"column":21},"end":{"line":143,"column":null}},"70":{"start":{"line":144,"column":19},"end":{"line":144,"column":null}},"71":{"start":{"line":145,"column":6},"end":{"line":147,"column":null}},"72":{"start":{"line":146,"column":8},"end":{"line":146,"column":null}},"73":{"start":{"line":148,"column":6},"end":{"line":150,"column":null}},"74":{"start":{"line":149,"column":8},"end":{"line":149,"column":null}},"75":{"start":{"line":151,"column":21},"end":{"line":151,"column":null}},"76":{"start":{"line":152,"column":6},"end":{"line":152,"column":null}},"77":{"start":{"line":154,"column":6},"end":{"line":154,"column":null}},"78":{"start":{"line":155,"column":6},"end":{"line":155,"column":null}},"79":{"start":{"line":159,"column":28},"end":{"line":163,"column":null}},"80":{"start":{"line":165,"column":2},"end":{"line":201,"column":null}},"81":{"start":{"line":166,"column":4},"end":{"line":200,"column":null}},"82":{"start":{"line":167,"column":25},"end":{"line":167,"column":null}},"83":{"start":{"line":168,"column":6},"end":{"line":170,"column":null}},"84":{"start":{"line":169,"column":8},"end":{"line":169,"column":null}},"85":{"start":{"line":172,"column":46},"end":{"line":172,"column":null}},"86":{"start":{"line":174,"column":19},"end":{"line":174,"column":null}},"87":{"start":{"line":175,"column":6},"end":{"line":177,"column":null}},"88":{"start":{"line":176,"column":8},"end":{"line":176,"column":null}},"89":{"start":{"line":179,"column":6},"end":{"line":181,"column":null}},"90":{"start":{"line":180,"column":8},"end":{"line":180,"column":null}},"91":{"start":{"line":183,"column":27},"end":{"line":183,"column":null}},"92":{"start":{"line":184,"column":6},"end":{"line":187,"column":null}},"93":{"start":{"line":186,"column":8},"end":{"line":186,"column":null}},"94":{"start":{"line":189,"column":24},"end":{"line":194,"column":null}},"95":{"start":{"line":196,"column":6},"end":{"line":196,"column":null}},"96":{"start":{"line":198,"column":6},"end":{"line":198,"column":null}},"97":{"start":{"line":199,"column":6},"end":{"line":199,"column":null}},"98":{"start":{"line":203,"column":2},"end":{"line":223,"column":null}},"99":{"start":{"line":204,"column":4},"end":{"line":222,"column":null}},"100":{"start":{"line":205,"column":21},"end":{"line":205,"column":null}},"101":{"start":{"line":206,"column":24},"end":{"line":206,"column":null}},"102":{"start":{"line":208,"column":6},"end":{"line":210,"column":null}},"103":{"start":{"line":209,"column":8},"end":{"line":209,"column":null}},"104":{"start":{"line":212,"column":19},"end":{"line":212,"column":null}},"105":{"start":{"line":213,"column":6},"end":{"line":215,"column":null}},"106":{"start":{"line":214,"column":8},"end":{"line":214,"column":null}},"107":{"start":{"line":217,"column":6},"end":{"line":217,"column":null}},"108":{"start":{"line":218,"column":6},"end":{"line":218,"column":null}},"109":{"start":{"line":220,"column":6},"end":{"line":220,"column":null}},"110":{"start":{"line":221,"column":6},"end":{"line":221,"column":null}},"111":{"start":{"line":225,"column":2},"end":{"line":253,"column":null}},"112":{"start":{"line":226,"column":4},"end":{"line":252,"column":null}},"113":{"start":{"line":227,"column":24},"end":{"line":227,"column":null}},"114":{"start":{"line":228,"column":6},"end":{"line":230,"column":null}},"115":{"start":{"line":229,"column":8},"end":{"line":229,"column":null}},"116":{"start":{"line":232,"column":19},"end":{"line":232,"column":null}},"117":{"start":{"line":233,"column":6},"end":{"line":235,"column":null}},"118":{"start":{"line":234,"column":8},"end":{"line":234,"column":null}},"119":{"start":{"line":237,"column":24},"end":{"line":237,"column":null}},"120":{"start":{"line":239,"column":6},"end":{"line":248,"column":null}},"121":{"start":{"line":250,"column":6},"end":{"line":250,"column":null}},"122":{"start":{"line":251,"column":6},"end":{"line":251,"column":null}},"123":{"start":{"line":255,"column":2},"end":{"line":294,"column":null}},"124":{"start":{"line":256,"column":4},"end":{"line":293,"column":null}},"125":{"start":{"line":257,"column":24},"end":{"line":257,"column":null}},"126":{"start":{"line":258,"column":6},"end":{"line":260,"column":null}},"127":{"start":{"line":259,"column":8},"end":{"line":259,"column":null}},"128":{"start":{"line":263,"column":6},"end":{"line":265,"column":null}},"129":{"start":{"line":264,"column":8},"end":{"line":264,"column":null}},"130":{"start":{"line":267,"column":6},"end":{"line":277,"column":null}},"131":{"start":{"line":268,"column":29},"end":{"line":268,"column":null}},"132":{"start":{"line":269,"column":8},"end":{"line":271,"column":null}},"133":{"start":{"line":270,"column":10},"end":{"line":270,"column":null}},"134":{"start":{"line":273,"column":24},"end":{"line":273,"column":null}},"135":{"start":{"line":274,"column":8},"end":{"line":276,"column":null}},"136":{"start":{"line":275,"column":10},"end":{"line":275,"column":null}},"137":{"start":{"line":279,"column":19},"end":{"line":279,"column":null}},"138":{"start":{"line":280,"column":6},"end":{"line":282,"column":null}},"139":{"start":{"line":281,"column":8},"end":{"line":281,"column":null}},"140":{"start":{"line":284,"column":6},"end":{"line":284,"column":null}},"141":{"start":{"line":286,"column":6},"end":{"line":289,"column":null}},"142":{"start":{"line":291,"column":6},"end":{"line":291,"column":null}},"143":{"start":{"line":292,"column":6},"end":{"line":292,"column":null}},"144":{"start":{"line":296,"column":2},"end":{"line":305,"column":null}},"145":{"start":{"line":297,"column":4},"end":{"line":304,"column":null}},"146":{"start":{"line":298,"column":21},"end":{"line":298,"column":null}},"147":{"start":{"line":299,"column":20},"end":{"line":299,"column":null}},"148":{"start":{"line":300,"column":6},"end":{"line":300,"column":null}},"149":{"start":{"line":302,"column":6},"end":{"line":302,"column":null}},"150":{"start":{"line":303,"column":6},"end":{"line":303,"column":null}},"151":{"start":{"line":307,"column":2},"end":{"line":307,"column":null}}},"fnMap":{"0":{"name":"registerRoutes","decl":{"start":{"line":22,"column":22},"end":{"line":22,"column":null}},"loc":{"start":{"line":25,"column":19},"end":{"line":308,"column":null}},"line":25},"1":{"name":"(anonymous_1)","decl":{"start":{"line":30,"column":43},"end":{"line":30,"column":50}},"loc":{"start":{"line":30,"column":68},"end":{"line":40,"column":3}},"line":30},"2":{"name":"(anonymous_2)","decl":{"start":{"line":42,"column":58},"end":{"line":42,"column":65}},"loc":{"start":{"line":42,"column":83},"end":{"line":59,"column":3}},"line":42},"3":{"name":"(anonymous_3)","decl":{"start":{"line":61,"column":44},"end":{"line":61,"column":51}},"loc":{"start":{"line":61,"column":69},"end":{"line":79,"column":3}},"line":61},"4":{"name":"(anonymous_4)","decl":{"start":{"line":81,"column":50},"end":{"line":81,"column":57}},"loc":{"start":{"line":81,"column":75},"end":{"line":90,"column":3}},"line":81},"5":{"name":"(anonymous_5)","decl":{"start":{"line":92,"column":41},"end":{"line":92,"column":48}},"loc":{"start":{"line":92,"column":66},"end":{"line":102,"column":3}},"line":92},"6":{"name":"(anonymous_6)","decl":{"start":{"line":104,"column":42},"end":{"line":104,"column":49}},"loc":{"start":{"line":104,"column":67},"end":{"line":128,"column":3}},"line":104},"7":{"name":"(anonymous_7)","decl":{"start":{"line":130,"column":48},"end":{"line":130,"column":55}},"loc":{"start":{"line":130,"column":73},"end":{"line":139,"column":3}},"line":130},"8":{"name":"(anonymous_8)","decl":{"start":{"line":141,"column":56},"end":{"line":141,"column":63}},"loc":{"start":{"line":141,"column":81},"end":{"line":157,"column":3}},"line":141},"9":{"name":"(anonymous_9)","decl":{"start":{"line":165,"column":43},"end":{"line":165,"column":50}},"loc":{"start":{"line":165,"column":68},"end":{"line":201,"column":3}},"line":165},"10":{"name":"(anonymous_10)","decl":{"start":{"line":203,"column":49},"end":{"line":203,"column":56}},"loc":{"start":{"line":203,"column":74},"end":{"line":223,"column":3}},"line":203},"11":{"name":"(anonymous_11)","decl":{"start":{"line":225,"column":37},"end":{"line":225,"column":44}},"loc":{"start":{"line":225,"column":57},"end":{"line":253,"column":3}},"line":225},"12":{"name":"(anonymous_12)","decl":{"start":{"line":255,"column":42},"end":{"line":255,"column":49}},"loc":{"start":{"line":255,"column":62},"end":{"line":294,"column":3}},"line":255},"13":{"name":"(anonymous_13)","decl":{"start":{"line":296,"column":41},"end":{"line":296,"column":48}},"loc":{"start":{"line":296,"column":66},"end":{"line":305,"column":3}},"line":296}},"branchMap":{"0":{"loc":{"start":{"line":34,"column":63},"end":{"line":34,"column":79}},"type":"binary-expr","locations":[{"start":{"line":34,"column":63},"end":{"line":34,"column":75}},{"start":{"line":34,"column":75},"end":{"line":34,"column":79}}],"line":34},"1":{"loc":{"start":{"line":46,"column":6},"end":{"line":48,"column":null}},"type":"if","locations":[{"start":{"line":46,"column":6},"end":{"line":48,"column":null}},{"start":{},"end":{}}],"line":46},"2":{"loc":{"start":{"line":50,"column":6},"end":{"line":52,"column":null}},"type":"if","locations":[{"start":{"line":50,"column":6},"end":{"line":52,"column":null}},{"start":{},"end":{}}],"line":50},"3":{"loc":{"start":{"line":67,"column":18},"end":{"line":67,"column":null}},"type":"binary-expr","locations":[{"start":{"line":67,"column":18},"end":{"line":67,"column":39}},{"start":{"line":67,"column":39},"end":{"line":67,"column":null}}],"line":67},"4":{"loc":{"start":{"line":73,"column":6},"end":{"line":77,"column":null}},"type":"if","locations":[{"start":{"line":73,"column":6},"end":{"line":77,"column":null}},{"start":{"line":75,"column":13},"end":{"line":77,"column":null}}],"line":73},"5":{"loc":{"start":{"line":96,"column":59},"end":{"line":96,"column":75}},"type":"binary-expr","locations":[{"start":{"line":96,"column":59},"end":{"line":96,"column":71}},{"start":{"line":96,"column":71},"end":{"line":96,"column":75}}],"line":96},"6":{"loc":{"start":{"line":115,"column":18},"end":{"line":115,"column":null}},"type":"binary-expr","locations":[{"start":{"line":115,"column":18},"end":{"line":115,"column":39}},{"start":{"line":115,"column":39},"end":{"line":115,"column":null}}],"line":115},"7":{"loc":{"start":{"line":122,"column":6},"end":{"line":126,"column":null}},"type":"if","locations":[{"start":{"line":122,"column":6},"end":{"line":126,"column":null}},{"start":{"line":124,"column":13},"end":{"line":126,"column":null}}],"line":122},"8":{"loc":{"start":{"line":145,"column":6},"end":{"line":147,"column":null}},"type":"if","locations":[{"start":{"line":145,"column":6},"end":{"line":147,"column":null}},{"start":{},"end":{}}],"line":145},"9":{"loc":{"start":{"line":148,"column":6},"end":{"line":150,"column":null}},"type":"if","locations":[{"start":{"line":148,"column":6},"end":{"line":150,"column":null}},{"start":{},"end":{}}],"line":148},"10":{"loc":{"start":{"line":168,"column":6},"end":{"line":170,"column":null}},"type":"if","locations":[{"start":{"line":168,"column":6},"end":{"line":170,"column":null}},{"start":{},"end":{}}],"line":168},"11":{"loc":{"start":{"line":175,"column":6},"end":{"line":177,"column":null}},"type":"if","locations":[{"start":{"line":175,"column":6},"end":{"line":177,"column":null}},{"start":{},"end":{}}],"line":175},"12":{"loc":{"start":{"line":179,"column":6},"end":{"line":181,"column":null}},"type":"if","locations":[{"start":{"line":179,"column":6},"end":{"line":181,"column":null}},{"start":{},"end":{}}],"line":179},"13":{"loc":{"start":{"line":184,"column":6},"end":{"line":187,"column":null}},"type":"if","locations":[{"start":{"line":184,"column":6},"end":{"line":187,"column":null}},{"start":{},"end":{}}],"line":184},"14":{"loc":{"start":{"line":192,"column":19},"end":{"line":192,"column":null}},"type":"cond-expr","locations":[{"start":{"line":192,"column":31},"end":{"line":192,"column":53}},{"start":{"line":192,"column":53},"end":{"line":192,"column":null}}],"line":192},"15":{"loc":{"start":{"line":208,"column":6},"end":{"line":210,"column":null}},"type":"if","locations":[{"start":{"line":208,"column":6},"end":{"line":210,"column":null}},{"start":{},"end":{}}],"line":208},"16":{"loc":{"start":{"line":213,"column":6},"end":{"line":215,"column":null}},"type":"if","locations":[{"start":{"line":213,"column":6},"end":{"line":215,"column":null}},{"start":{},"end":{}}],"line":213},"17":{"loc":{"start":{"line":213,"column":10},"end":{"line":213,"column":43}},"type":"binary-expr","locations":[{"start":{"line":213,"column":10},"end":{"line":213,"column":19}},{"start":{"line":213,"column":19},"end":{"line":213,"column":43}}],"line":213},"18":{"loc":{"start":{"line":228,"column":6},"end":{"line":230,"column":null}},"type":"if","locations":[{"start":{"line":228,"column":6},"end":{"line":230,"column":null}},{"start":{},"end":{}}],"line":228},"19":{"loc":{"start":{"line":228,"column":10},"end":{"line":228,"column":45}},"type":"binary-expr","locations":[{"start":{"line":228,"column":10},"end":{"line":228,"column":24}},{"start":{"line":228,"column":24},"end":{"line":228,"column":45}}],"line":228},"20":{"loc":{"start":{"line":233,"column":6},"end":{"line":235,"column":null}},"type":"if","locations":[{"start":{"line":233,"column":6},"end":{"line":235,"column":null}},{"start":{},"end":{}}],"line":233},"21":{"loc":{"start":{"line":237,"column":24},"end":{"line":237,"column":null}},"type":"binary-expr","locations":[{"start":{"line":237,"column":24},"end":{"line":237,"column":47}},{"start":{"line":237,"column":47},"end":{"line":237,"column":null}}],"line":237},"22":{"loc":{"start":{"line":247,"column":23},"end":{"line":247,"column":null}},"type":"binary-expr","locations":[{"start":{"line":247,"column":23},"end":{"line":247,"column":50}},{"start":{"line":247,"column":50},"end":{"line":247,"column":null}}],"line":247},"23":{"loc":{"start":{"line":258,"column":6},"end":{"line":260,"column":null}},"type":"if","locations":[{"start":{"line":258,"column":6},"end":{"line":260,"column":null}},{"start":{},"end":{}}],"line":258},"24":{"loc":{"start":{"line":258,"column":10},"end":{"line":258,"column":45}},"type":"binary-expr","locations":[{"start":{"line":258,"column":10},"end":{"line":258,"column":24}},{"start":{"line":258,"column":24},"end":{"line":258,"column":45}}],"line":258},"25":{"loc":{"start":{"line":263,"column":6},"end":{"line":265,"column":null}},"type":"if","locations":[{"start":{"line":263,"column":6},"end":{"line":265,"column":null}},{"start":{},"end":{}}],"line":263},"26":{"loc":{"start":{"line":263,"column":10},"end":{"line":263,"column":77}},"type":"binary-expr","locations":[{"start":{"line":263,"column":10},"end":{"line":263,"column":33}},{"start":{"line":263,"column":33},"end":{"line":263,"column":77}}],"line":263},"27":{"loc":{"start":{"line":267,"column":6},"end":{"line":277,"column":null}},"type":"if","locations":[{"start":{"line":267,"column":6},"end":{"line":277,"column":null}},{"start":{},"end":{}}],"line":267},"28":{"loc":{"start":{"line":269,"column":8},"end":{"line":271,"column":null}},"type":"if","locations":[{"start":{"line":269,"column":8},"end":{"line":271,"column":null}},{"start":{},"end":{}}],"line":269},"29":{"loc":{"start":{"line":274,"column":8},"end":{"line":276,"column":null}},"type":"if","locations":[{"start":{"line":274,"column":8},"end":{"line":276,"column":null}},{"start":{},"end":{}}],"line":274},"30":{"loc":{"start":{"line":280,"column":6},"end":{"line":282,"column":null}},"type":"if","locations":[{"start":{"line":280,"column":6},"end":{"line":282,"column":null}},{"start":{},"end":{}}],"line":280}},"s":{"0":1,"1":58,"2":58,"3":58,"4":58,"5":3,"6":3,"7":3,"8":3,"9":2,"10":1,"11":1,"12":58,"13":4,"14":4,"15":4,"16":3,"17":1,"18":2,"19":1,"20":1,"21":1,"22":1,"23":1,"24":58,"25":4,"26":4,"27":4,"28":4,"29":2,"30":2,"31":2,"32":1,"33":1,"34":58,"35":2,"36":2,"37":2,"38":1,"39":1,"40":1,"41":58,"42":3,"43":3,"44":3,"45":3,"46":2,"47":1,"48":1,"49":58,"50":4,"51":4,"52":4,"53":4,"54":4,"55":2,"56":2,"57":2,"58":1,"59":1,"60":58,"61":2,"62":2,"63":2,"64":1,"65":1,"66":1,"67":58,"68":4,"69":4,"70":4,"71":3,"72":1,"73":2,"74":1,"75":1,"76":1,"77":1,"78":1,"79":58,"80":58,"81":7,"82":7,"83":7,"84":1,"85":6,"86":6,"87":6,"88":1,"89":5,"90":1,"91":4,"92":4,"93":1,"94":4,"95":3,"96":1,"97":1,"98":58,"99":5,"100":5,"101":5,"102":4,"103":1,"104":3,"105":3,"106":2,"107":1,"108":1,"109":1,"110":1,"111":58,"112":7,"113":7,"114":6,"115":2,"116":4,"117":4,"118":1,"119":3,"120":7,"121":1,"122":1,"123":58,"124":9,"125":9,"126":8,"127":2,"128":6,"129":1,"130":5,"131":3,"132":3,"133":1,"134":2,"135":2,"136":1,"137":3,"138":3,"139":1,"140":2,"141":2,"142":1,"143":1,"144":58,"145":2,"146":2,"147":2,"148":1,"149":1,"150":1,"151":58},"f":{"0":58,"1":3,"2":4,"3":4,"4":2,"5":3,"6":4,"7":2,"8":4,"9":7,"10":5,"11":7,"12":9,"13":2},"b":{"0":[3,2],"1":[1,2],"2":[1,1],"3":[4,3],"4":[1,1],"5":[3,2],"6":[4,3],"7":[1,1],"8":[1,2],"9":[1,1],"10":[1,6],"11":[1,5],"12":[1,4],"13":[1,3],"14":[1,3],"15":[1,3],"16":[2,1],"17":[3,2],"18":[2,4],"19":[6,5],"20":[1,3],"21":[3,1],"22":[7,2],"23":[2,6],"24":[8,7],"25":[1,5],"26":[6,1],"27":[3,2],"28":[1,2],"29":[1,1],"30":[1,2]},"meta":{"lastBranch":31,"lastFunction":14,"lastStatement":152,"seen":{"s:20:29:20:Infinity":0,"f:22:22:22:Infinity":0,"s:26:2:26:Infinity":1,"s:27:2:27:Infinity":2,"s:28:2:28:Infinity":3,"s:30:2:40:Infinity":4,"f:30:43:30:50":1,"s:31:4:39:Infinity":5,"s:32:21:32:Infinity":6,"s:33:23:33:Infinity":7,"s:34:22:34:Infinity":8,"b:34:63:34:75:34:75:34:79":0,"s:35:6:35:Infinity":9,"s:37:6:37:Infinity":10,"s:38:6:38:Infinity":11,"s:42:2:59:Infinity":12,"f:42:58:42:65":2,"s:43:4:58:Infinity":13,"s:44:21:44:Infinity":14,"s:45:21:45:Infinity":15,"b:46:6:48:Infinity:undefined:undefined:undefined:undefined":1,"s:46:6:48:Infinity":16,"s:47:8:47:Infinity":17,"b:50:6:52:Infinity:undefined:undefined:undefined:undefined":2,"s:50:6:52:Infinity":18,"s:51:8:51:Infinity":19,"s:53:19:53:Infinity":20,"s:54:6:54:Infinity":21,"s:56:6:56:Infinity":22,"s:57:6:57:Infinity":23,"s:61:2:79:Infinity":24,"f:61:44:61:51":3,"s:62:4:78:Infinity":25,"s:63:21:63:Infinity":26,"s:64:19:68:Infinity":27,"b:67:18:67:39:67:39:67:Infinity":3,"s:69:21:69:Infinity":28,"s:70:6:70:Infinity":29,"s:72:6:72:Infinity":30,"b:73:6:77:Infinity:75:13:77:Infinity":4,"s:73:6:77:Infinity":31,"s:74:8:74:Infinity":32,"s:76:8:76:Infinity":33,"s:81:2:90:Infinity":34,"f:81:50:81:57":4,"s:82:4:89:Infinity":35,"s:83:21:83:Infinity":36,"s:84:6:84:Infinity":37,"s:85:6:85:Infinity":38,"s:87:6:87:Infinity":39,"s:88:6:88:Infinity":40,"s:92:2:102:Infinity":41,"f:92:41:92:48":5,"s:93:4:101:Infinity":42,"s:94:21:94:Infinity":43,"s:95:23:95:Infinity":44,"s:96:20:96:Infinity":45,"b:96:59:96:71:96:71:96:75":5,"s:97:6:97:Infinity":46,"s:99:6:99:Infinity":47,"s:100:6:100:Infinity":48,"s:104:2:128:Infinity":49,"f:104:42:104:49":6,"s:105:4:127:Infinity":50,"s:106:21:106:Infinity":51,"s:109:35:109:Infinity":52,"s:111:19:116:Infinity":53,"b:115:18:115:39:115:39:115:Infinity":6,"s:118:19:118:Infinity":54,"s:119:6:119:Infinity":55,"s:121:6:121:Infinity":56,"b:122:6:126:Infinity:124:13:126:Infinity":7,"s:122:6:126:Infinity":57,"s:123:8:123:Infinity":58,"s:125:8:125:Infinity":59,"s:130:2:139:Infinity":60,"f:130:48:130:55":7,"s:131:4:138:Infinity":61,"s:132:21:132:Infinity":62,"s:133:6:133:Infinity":63,"s:134:6:134:Infinity":64,"s:136:6:136:Infinity":65,"s:137:6:137:Infinity":66,"s:141:2:157:Infinity":67,"f:141:56:141:63":8,"s:142:4:156:Infinity":68,"s:143:21:143:Infinity":69,"s:144:19:144:Infinity":70,"b:145:6:147:Infinity:undefined:undefined:undefined:undefined":8,"s:145:6:147:Infinity":71,"s:146:8:146:Infinity":72,"b:148:6:150:Infinity:undefined:undefined:undefined:undefined":9,"s:148:6:150:Infinity":73,"s:149:8:149:Infinity":74,"s:151:21:151:Infinity":75,"s:152:6:152:Infinity":76,"s:154:6:154:Infinity":77,"s:155:6:155:Infinity":78,"s:159:28:163:Infinity":79,"s:165:2:201:Infinity":80,"f:165:43:165:50":9,"s:166:4:200:Infinity":81,"s:167:25:167:Infinity":82,"b:168:6:170:Infinity:undefined:undefined:undefined:undefined":10,"s:168:6:170:Infinity":83,"s:169:8:169:Infinity":84,"s:172:46:172:Infinity":85,"s:174:19:174:Infinity":86,"b:175:6:177:Infinity:undefined:undefined:undefined:undefined":11,"s:175:6:177:Infinity":87,"s:176:8:176:Infinity":88,"b:179:6:181:Infinity:undefined:undefined:undefined:undefined":12,"s:179:6:181:Infinity":89,"s:180:8:180:Infinity":90,"s:183:27:183:Infinity":91,"b:184:6:187:Infinity:undefined:undefined:undefined:undefined":13,"s:184:6:187:Infinity":92,"s:186:8:186:Infinity":93,"s:189:24:194:Infinity":94,"b:192:31:192:53:192:53:192:Infinity":14,"s:196:6:196:Infinity":95,"s:198:6:198:Infinity":96,"s:199:6:199:Infinity":97,"s:203:2:223:Infinity":98,"f:203:49:203:56":10,"s:204:4:222:Infinity":99,"s:205:21:205:Infinity":100,"s:206:24:206:Infinity":101,"b:208:6:210:Infinity:undefined:undefined:undefined:undefined":15,"s:208:6:210:Infinity":102,"s:209:8:209:Infinity":103,"s:212:19:212:Infinity":104,"b:213:6:215:Infinity:undefined:undefined:undefined:undefined":16,"s:213:6:215:Infinity":105,"b:213:10:213:19:213:19:213:43":17,"s:214:8:214:Infinity":106,"s:217:6:217:Infinity":107,"s:218:6:218:Infinity":108,"s:220:6:220:Infinity":109,"s:221:6:221:Infinity":110,"s:225:2:253:Infinity":111,"f:225:37:225:44":11,"s:226:4:252:Infinity":112,"s:227:24:227:Infinity":113,"b:228:6:230:Infinity:undefined:undefined:undefined:undefined":18,"s:228:6:230:Infinity":114,"b:228:10:228:24:228:24:228:45":19,"s:229:8:229:Infinity":115,"s:232:19:232:Infinity":116,"b:233:6:235:Infinity:undefined:undefined:undefined:undefined":20,"s:233:6:235:Infinity":117,"s:234:8:234:Infinity":118,"s:237:24:237:Infinity":119,"b:237:24:237:47:237:47:237:Infinity":21,"s:239:6:248:Infinity":120,"b:247:23:247:50:247:50:247:Infinity":22,"s:250:6:250:Infinity":121,"s:251:6:251:Infinity":122,"s:255:2:294:Infinity":123,"f:255:42:255:49":12,"s:256:4:293:Infinity":124,"s:257:24:257:Infinity":125,"b:258:6:260:Infinity:undefined:undefined:undefined:undefined":23,"s:258:6:260:Infinity":126,"b:258:10:258:24:258:24:258:45":24,"s:259:8:259:Infinity":127,"b:263:6:265:Infinity:undefined:undefined:undefined:undefined":25,"s:263:6:265:Infinity":128,"b:263:10:263:33:263:33:263:77":26,"s:264:8:264:Infinity":129,"b:267:6:277:Infinity:undefined:undefined:undefined:undefined":27,"s:267:6:277:Infinity":130,"s:268:29:268:Infinity":131,"b:269:8:271:Infinity:undefined:undefined:undefined:undefined":28,"s:269:8:271:Infinity":132,"s:270:10:270:Infinity":133,"s:273:24:273:Infinity":134,"b:274:8:276:Infinity:undefined:undefined:undefined:undefined":29,"s:274:8:276:Infinity":135,"s:275:10:275:Infinity":136,"s:279:19:279:Infinity":137,"b:280:6:282:Infinity:undefined:undefined:undefined:undefined":30,"s:280:6:282:Infinity":138,"s:281:8:281:Infinity":139,"s:284:6:284:Infinity":140,"s:286:6:289:Infinity":141,"s:291:6:291:Infinity":142,"s:292:6:292:Infinity":143,"s:296:2:305:Infinity":144,"f:296:41:296:48":13,"s:297:4:304:Infinity":145,"s:298:21:298:Infinity":146,"s:299:20:299:Infinity":147,"s:300:6:300:Infinity":148,"s:302:6:302:Infinity":149,"s:303:6:303:Infinity":150,"s:307:2:307:Infinity":151}}}
,"/home/runner/work/secure_file/secure_file/server/storage.ts": {"path":"/home/runner/work/secure_file/secure_file/server/storage.ts","statementMap":{"0":{"start":{"line":19,"column":28},"end":{"line":19,"column":null}},"1":{"start":{"line":45,"column":21},"end":{"line":45,"column":null}},"2":{"start":{"line":46,"column":4},"end":{"line":46,"column":null}},"3":{"start":{"line":50,"column":4},"end":{"line":54,"column":null}},"4":{"start":{"line":51,"column":6},"end":{"line":53,"column":null}},"5":{"start":{"line":55,"column":4},"end":{"line":57,"column":null}},"6":{"start":{"line":62,"column":27},"end":{"line":62,"column":null}},"7":{"start":{"line":63,"column":35},"end":{"line":63,"column":null}},"8":{"start":{"line":65,"column":4},"end":{"line":70,"column":null}},"9":{"start":{"line":66,"column":23},"end":{"line":66,"column":null}},"10":{"start":{"line":67,"column":6},"end":{"line":67,"column":null}},"11":{"start":{"line":67,"column":19},"end":{"line":67,"column":null}},"12":{"start":{"line":68,"column":6},"end":{"line":68,"column":null}},"13":{"start":{"line":69,"column":6},"end":{"line":69,"column":null}},"14":{"start":{"line":72,"column":4},"end":{"line":72,"column":null}},"15":{"start":{"line":76,"column":21},"end":{"line":76,"column":null}},"16":{"start":{"line":77,"column":4},"end":{"line":77,"column":null}},"17":{"start":{"line":82,"column":25},"end":{"line":82,"column":null}},"18":{"start":{"line":83,"column":4},"end":{"line":85,"column":null}},"19":{"start":{"line":84,"column":6},"end":{"line":84,"column":null}},"20":{"start":{"line":87,"column":24},"end":{"line":87,"column":null}},"21":{"start":{"line":88,"column":4},"end":{"line":90,"column":null}},"22":{"start":{"line":89,"column":6},"end":{"line":89,"column":null}},"23":{"start":{"line":92,"column":4},"end":{"line":92,"column":null}},"24":{"start":{"line":96,"column":19},"end":{"line":96,"column":null}},"25":{"start":{"line":97,"column":4},"end":{"line":97,"column":null}},"26":{"start":{"line":101,"column":4},"end":{"line":105,"column":null}},"27":{"start":{"line":102,"column":6},"end":{"line":104,"column":null}},"28":{"start":{"line":106,"column":4},"end":{"line":108,"column":null}},"29":{"start":{"line":112,"column":19},"end":{"line":112,"column":null}},"30":{"start":{"line":113,"column":4},"end":{"line":113,"column":null}},"31":{"start":{"line":117,"column":4},"end":{"line":117,"column":null}},"32":{"start":{"line":118,"column":4},"end":{"line":118,"column":null}},"33":{"start":{"line":123,"column":18},"end":{"line":123,"column":null}},"34":{"start":{"line":124,"column":24},"end":{"line":127,"column":null}},"35":{"start":{"line":128,"column":4},"end":{"line":128,"column":null}},"36":{"start":{"line":132,"column":4},"end":{"line":134,"column":null}},"37":{"start":{"line":138,"column":24},"end":{"line":138,"column":null}},"38":{"start":{"line":139,"column":4},"end":{"line":139,"column":null}},"39":{"start":{"line":143,"column":24},"end":{"line":143,"column":null}},"40":{"start":{"line":144,"column":4},"end":{"line":144,"column":null}},"41":{"start":{"line":148,"column":4},"end":{"line":148,"column":null}},"42":{"start":{"line":152,"column":4},"end":{"line":154,"column":null}},"43":{"start":{"line":158,"column":24},"end":{"line":164,"column":null}},"44":{"start":{"line":166,"column":26},"end":{"line":171,"column":null}},"45":{"start":{"line":173,"column":4},"end":{"line":177,"column":null}},"46":{"start":{"line":181,"column":23},"end":{"line":181,"column":null}}},"fnMap":{"0":{"name":"(anonymous_0)","decl":{"start":{"line":44,"column":8},"end":{"line":44,"column":21}},"loc":{"start":{"line":44,"column":58},"end":{"line":47,"column":null}},"line":44},"1":{"name":"(anonymous_1)","decl":{"start":{"line":49,"column":8},"end":{"line":49,"column":27}},"loc":{"start":{"line":49,"column":87},"end":{"line":58,"column":null}},"line":49},"2":{"name":"(anonymous_2)","decl":{"start":{"line":60,"column":8},"end":{"line":60,"column":22}},"loc":{"start":{"line":60,"column":59},"end":{"line":73,"column":null}},"line":60},"3":{"name":"(anonymous_3)","decl":{"start":{"line":75,"column":8},"end":{"line":75,"column":18}},"loc":{"start":{"line":75,"column":59},"end":{"line":78,"column":null}},"line":75},"4":{"name":"(anonymous_4)","decl":{"start":{"line":80,"column":8},"end":{"line":80,"column":21}},"loc":{"start":{"line":80,"column":64},"end":{"line":93,"column":null}},"line":80},"5":{"name":"(anonymous_5)","decl":{"start":{"line":95,"column":8},"end":{"line":95,"column":19}},"loc":{"start":{"line":95,"column":52},"end":{"line":98,"column":null}},"line":95},"6":{"name":"(anonymous_6)","decl":{"start":{"line":100,"column":8},"end":{"line":100,"column":25}},"loc":{"start":{"line":100,"column":83},"end":{"line":109,"column":null}},"line":100},"7":{"name":"(anonymous_7)","decl":{"start":{"line":111,"column":8},"end":{"line":111,"column":16}},"loc":{"start":{"line":111,"column":55},"end":{"line":114,"column":null}},"line":111},"8":{"name":"(anonymous_8)","decl":{"start":{"line":116,"column":8},"end":{"line":116,"column":19}},"loc":{"start":{"line":116,"column":62},"end":{"line":119,"column":null}},"line":116},"9":{"name":"(anonymous_9)","decl":{"start":{"line":121,"column":8},"end":{"line":121,"column":24}},"loc":{"start":{"line":121,"column":82},"end":{"line":129,"column":null}},"line":121},"10":{"name":"(anonymous_10)","decl":{"start":{"line":131,"column":8},"end":{"line":131,"column":28}},"loc":{"start":{"line":131,"column":66},"end":{"line":135,"column":null}},"line":131},"11":{"name":"(anonymous_11)","decl":{"start":{"line":137,"column":8},"end":{"line":137,"column":21}},"loc":{"start":{"line":137,"column":65},"end":{"line":140,"column":null}},"line":137},"12":{"name":"(anonymous_12)","decl":{"start":{"line":142,"column":8},"end":{"line":142,"column":28}},"loc":{"start":{"line":142,"column":75},"end":{"line":145,"column":null}},"line":142},"13":{"name":"(anonymous_13)","decl":{"start":{"line":147,"column":8},"end":{"line":147,"column":24}},"loc":{"start":{"line":147,"column":51},"end":{"line":149,"column":null}},"line":147},"14":{"name":"(anonymous_14)","decl":{"start":{"line":151,"column":8},"end":{"line":151,"column":31}},"loc":{"start":{"line":151,"column":58},"end":{"line":155,"column":null}},"line":151},"15":{"name":"(anonymous_15)","decl":{"start":{"line":157,"column":8},"end":{"line":157,"column":17}},"loc":{"start":{"line":157,"column":107},"end":{"line":178,"column":null}},"line":157}},"branchMap":{"0":{"loc":{"start":{"line":50,"column":4},"end":{"line":54,"column":null}},"type":"if","locations":[{"start":{"line":50,"column":4},"end":{"line":54,"column":null}},{"start":{},"end":{}}],"line":50},"1":{"loc":{"start":{"line":67,"column":6},"end":{"line":67,"column":null}},"type":"if","locations":[{"start":{"line":67,"column":6},"end":{"line":67,"column":null}},{"start":{},"end":{}}],"line":67},"2":{"loc":{"start":{"line":101,"column":4},"end":{"line":105,"column":null}},"type":"if","locations":[{"start":{"line":101,"column":4},"end":{"line":105,"column":null}},{"start":{},"end":{}}],"line":101},"3":{"loc":{"start":{"line":174,"column":18},"end":{"line":174,"column":null}},"type":"binary-expr","locations":[{"start":{"line":174,"column":18},"end":{"line":174,"column":38}},{"start":{"line":174,"column":38},"end":{"line":174,"column":null}}],"line":174},"4":{"loc":{"start":{"line":175,"column":20},"end":{"line":175,"column":null}},"type":"binary-expr","locations":[{"start":{"line":175,"column":20},"end":{"line":175,"column":42}},{"start":{"line":175,"column":42},"end":{"line":175,"column":null}}],"line":175},"5":{"loc":{"start":{"line":176,"column":24},"end":{"line":176,"column":49}},"type":"binary-expr","locations":[{"start":{"line":176,"column":24},"end":{"line":176,"column":48}},{"start":{"line":176,"column":48},"end":{"line":176,"column":49}}],"line":176}},"s":{"0":1,"1":1,"2":1,"3":2,"4":1,"5":1,"6":3,"7":3,"8":3,"9":5,"10":5,"11":1,"12":4,"13":4,"14":3,"15":2,"16":2,"17":3,"18":3,"19":1,"20":3,"21":3,"22":0,"23":3,"24":1,"25":1,"26":2,"27":1,"28":1,"29":2,"30":2,"31":1,"32":1,"33":2,"34":2,"35":2,"36":1,"37":2,"38":2,"39":2,"40":2,"41":1,"42":1,"43":2,"44":2,"45":2,"46":1},"f":{"0":1,"1":2,"2":3,"3":2,"4":3,"5":1,"6":2,"7":2,"8":1,"9":2,"10":1,"11":2,"12":2,"13":1,"14":1,"15":2},"b":{"0":[1,1],"1":[1,4],"2":[1,1],"3":[2,1],"4":[2,1],"5":[2,1]},"meta":{"lastBranch":6,"lastFunction":16,"lastStatement":47,"seen":{"s:19:28:19:Infinity":0,"f:44:8:44:21":0,"s:45:21:45:Infinity":1,"s:46:4:46:Infinity":2,"f:49:8:49:27":1,"b:50:4:54:Infinity:undefined:undefined:undefined:undefined":0,"s:50:4:54:Infinity":3,"s:51:6:53:Infinity":4,"s:55:4:57:Infinity":5,"f:60:8:60:22":2,"s:62:27:62:Infinity":6,"s:63:35:63:Infinity":7,"s:65:4:70:Infinity":8,"s:66:23:66:Infinity":9,"b:67:6:67:Infinity:undefined:undefined:undefined:undefined":1,"s:67:6:67:Infinity":10,"s:67:19:67:Infinity":11,"s:68:6:68:Infinity":12,"s:69:6:69:Infinity":13,"s:72:4:72:Infinity":14,"f:75:8:75:18":3,"s:76:21:76:Infinity":15,"s:77:4:77:Infinity":16,"f:80:8:80:21":4,"s:82:25:82:Infinity":17,"s:83:4:85:Infinity":18,"s:84:6:84:Infinity":19,"s:87:24:87:Infinity":20,"s:88:4:90:Infinity":21,"s:89:6:89:Infinity":22,"s:92:4:92:Infinity":23,"f:95:8:95:19":5,"s:96:19:96:Infinity":24,"s:97:4:97:Infinity":25,"f:100:8:100:25":6,"b:101:4:105:Infinity:undefined:undefined:undefined:undefined":2,"s:101:4:105:Infinity":26,"s:102:6:104:Infinity":27,"s:106:4:108:Infinity":28,"f:111:8:111:16":7,"s:112:19:112:Infinity":29,"s:113:4:113:Infinity":30,"f:116:8:116:19":8,"s:117:4:117:Infinity":31,"s:118:4:118:Infinity":32,"f:121:8:121:24":9,"s:123:18:123:Infinity":33,"s:124:24:127:Infinity":34,"s:128:4:128:Infinity":35,"f:131:8:131:28":10,"s:132:4:134:Infinity":36,"f:137:8:137:21":11,"s:138:24:138:Infinity":37,"s:139:4:139:Infinity":38,"f:142:8:142:28":12,"s:143:24:143:Infinity":39,"s:144:4:144:Infinity":40,"f:147:8:147:24":13,"s:148:4:148:Infinity":41,"f:151:8:151:31":14,"s:152:4:154:Infinity":42,"f:157:8:157:17":15,"s:158:24:164:Infinity":43,"s:166:26:171:Infinity":44,"s:173:4:177:Infinity":45,"b:174:18:174:38:174:38:174:Infinity":3,"b:175:20:175:42:175:42:175:Infinity":4,"b:176:24:176:48:176:48:176:49":5,"s:181:23:181:Infinity":46}}}
,"/home/runner/work/secure_file/secure_file/server/replit_integrations/auth/index.ts": {"path":"/home/runner/work/secure_file/secure_file/server/replit_integrations/auth/index.ts","statementMap":{},"fnMap":{},"branchMap":{},"s":{},"f":{},"b":{},"meta":{"lastBranch":0,"lastFunction":0,"lastStatement":0,"seen":{}}}
,"/home/runner/work/secure_file/secure_file/server/replit_integrations/auth/replitAuth.ts": {"path":"/home/runner/work/secure_file/secure_file/server/replit_integrations/auth/replitAuth.ts","statementMap":{"0":{"start":{"line":21,"column":6},"end":{"line":29,"column":null}},"1":{"start":{"line":23,"column":4},"end":{"line":26,"column":null}},"2":{"start":{"line":32,"column":21},"end":{"line":32,"column":null}},"3":{"start":{"line":33,"column":8},"end":{"line":33,"column":null}},"4":{"start":{"line":34,"column":23},"end":{"line":39,"column":null}},"5":{"start":{"line":40,"column":2},"end":{"line":50,"column":null}},"6":{"start":{"line":57,"column":2},"end":{"line":57,"column":null}},"7":{"start":{"line":58,"column":2},"end":{"line":58,"column":null}},"8":{"start":{"line":59,"column":2},"end":{"line":59,"column":null}},"9":{"start":{"line":60,"column":2},"end":{"line":60,"column":null}},"10":{"start":{"line":64,"column":2},"end":{"line":70,"column":null}},"11":{"start":{"line":74,"column":2},"end":{"line":74,"column":null}},"12":{"start":{"line":75,"column":2},"end":{"line":75,"column":null}},"13":{"start":{"line":76,"column":2},"end":{"line":76,"column":null}},"14":{"start":{"line":77,"column":2},"end":{"line":77,"column":null}},"15":{"start":{"line":79,"column":17},"end":{"line":79,"column":null}},"16":{"start":{"line":81,"column":33},"end":{"line":89,"column":null}},"17":{"start":{"line":85,"column":17},"end":{"line":85,"column":null}},"18":{"start":{"line":86,"column":4},"end":{"line":86,"column":null}},"19":{"start":{"line":87,"column":4},"end":{"line":87,"column":null}},"20":{"start":{"line":88,"column":4},"end":{"line":88,"column":null}},"21":{"start":{"line":92,"column":31},"end":{"line":92,"column":null}},"22":{"start":{"line":95,"column":25},"end":{"line":110,"column":null}},"23":{"start":{"line":96,"column":25},"end":{"line":96,"column":null}},"24":{"start":{"line":97,"column":4},"end":{"line":109,"column":null}},"25":{"start":{"line":98,"column":23},"end":{"line":106,"column":null}},"26":{"start":{"line":107,"column":6},"end":{"line":107,"column":null}},"27":{"start":{"line":108,"column":6},"end":{"line":108,"column":null}},"28":{"start":{"line":112,"column":2},"end":{"line":112,"column":null}},"29":{"start":{"line":112,"column":53},"end":{"line":112,"column":67}},"30":{"start":{"line":113,"column":2},"end":{"line":113,"column":null}},"31":{"start":{"line":113,"column":55},"end":{"line":113,"column":69}},"32":{"start":{"line":115,"column":2},"end":{"line":121,"column":null}},"33":{"start":{"line":116,"column":4},"end":{"line":116,"column":null}},"34":{"start":{"line":117,"column":4},"end":{"line":120,"column":null}},"35":{"start":{"line":123,"column":2},"end":{"line":129,"column":null}},"36":{"start":{"line":124,"column":4},"end":{"line":124,"column":null}},"37":{"start":{"line":125,"column":4},"end":{"line":128,"column":null}},"38":{"start":{"line":131,"column":2},"end":{"line":140,"column":null}},"39":{"start":{"line":132,"column":4},"end":{"line":139,"column":null}},"40":{"start":{"line":133,"column":6},"end":{"line":138,"column":null}},"41":{"start":{"line":143,"column":47},"end":{"line":170,"column":null}},"42":{"start":{"line":144,"column":15},"end":{"line":144,"column":null}},"43":{"start":{"line":146,"column":2},"end":{"line":148,"column":null}},"44":{"start":{"line":147,"column":4},"end":{"line":147,"column":null}},"45":{"start":{"line":150,"column":14},"end":{"line":150,"column":null}},"46":{"start":{"line":151,"column":2},"end":{"line":153,"column":null}},"47":{"start":{"line":152,"column":4},"end":{"line":152,"column":null}},"48":{"start":{"line":155,"column":23},"end":{"line":155,"column":null}},"49":{"start":{"line":156,"column":2},"end":{"line":159,"column":null}},"50":{"start":{"line":157,"column":4},"end":{"line":157,"column":null}},"51":{"start":{"line":158,"column":4},"end":{"line":158,"column":null}},"52":{"start":{"line":161,"column":2},"end":{"line":169,"column":null}},"53":{"start":{"line":162,"column":19},"end":{"line":162,"column":null}},"54":{"start":{"line":163,"column":26},"end":{"line":163,"column":null}},"55":{"start":{"line":164,"column":4},"end":{"line":164,"column":null}},"56":{"start":{"line":165,"column":4},"end":{"line":165,"column":null}},"57":{"start":{"line":167,"column":4},"end":{"line":167,"column":null}},"58":{"start":{"line":168,"column":4},"end":{"line":168,"column":null}}},"fnMap":{"0":{"name":"(anonymous_0)","decl":{"start":{"line":22,"column":2},"end":{"line":22,"column":14}},"loc":{"start":{"line":22,"column":14},"end":{"line":27,"column":null}},"line":22},"1":{"name":"getSession","decl":{"start":{"line":31,"column":16},"end":{"line":31,"column":29}},"loc":{"start":{"line":31,"column":29},"end":{"line":51,"column":null}},"line":31},"2":{"name":"updateUserSession","decl":{"start":{"line":53,"column":9},"end":{"line":53,"column":null}},"loc":{"start":{"line":56,"column":2},"end":{"line":61,"column":null}},"line":56},"3":{"name":"upsertUser","decl":{"start":{"line":63,"column":15},"end":{"line":63,"column":26}},"loc":{"start":{"line":63,"column":39},"end":{"line":71,"column":null}},"line":63},"4":{"name":"setupAuth","decl":{"start":{"line":73,"column":22},"end":{"line":73,"column":32}},"loc":{"start":{"line":73,"column":46},"end":{"line":141,"column":null}},"line":73},"5":{"name":"(anonymous_5)","decl":{"start":{"line":81,"column":33},"end":{"line":81,"column":null}},"loc":{"start":{"line":84,"column":7},"end":{"line":89,"column":null}},"line":84},"6":{"name":"(anonymous_6)","decl":{"start":{"line":95,"column":25},"end":{"line":95,"column":26}},"loc":{"start":{"line":95,"column":45},"end":{"line":110,"column":null}},"line":95},"7":{"name":"(anonymous_7)","decl":{"start":{"line":112,"column":25},"end":{"line":112,"column":26}},"loc":{"start":{"line":112,"column":53},"end":{"line":112,"column":67}},"line":112},"8":{"name":"(anonymous_8)","decl":{"start":{"line":113,"column":27},"end":{"line":113,"column":28}},"loc":{"start":{"line":113,"column":55},"end":{"line":113,"column":69}},"line":113},"9":{"name":"(anonymous_9)","decl":{"start":{"line":115,"column":24},"end":{"line":115,"column":25}},"loc":{"start":{"line":115,"column":44},"end":{"line":121,"column":3}},"line":115},"10":{"name":"(anonymous_10)","decl":{"start":{"line":123,"column":27},"end":{"line":123,"column":28}},"loc":{"start":{"line":123,"column":47},"end":{"line":129,"column":3}},"line":123},"11":{"name":"(anonymous_11)","decl":{"start":{"line":131,"column":25},"end":{"line":131,"column":26}},"loc":{"start":{"line":131,"column":39},"end":{"line":140,"column":3}},"line":131},"12":{"name":"(anonymous_12)","decl":{"start":{"line":132,"column":15},"end":{"line":132,"column":21}},"loc":{"start":{"line":132,"column":21},"end":{"line":139,"column":5}},"line":132},"13":{"name":"(anonymous_13)","decl":{"start":{"line":143,"column":47},"end":{"line":143,"column":54}},"loc":{"start":{"line":143,"column":73},"end":{"line":170,"column":null}},"line":143}},"branchMap":{"0":{"loc":{"start":{"line":24,"column":14},"end":{"line":24,"column":65}},"type":"binary-expr","locations":[{"start":{"line":24,"column":14},"end":{"line":24,"column":40}},{"start":{"line":24,"column":40},"end":{"line":24,"column":65}}],"line":24},"1":{"loc":{"start":{"line":97,"column":4},"end":{"line":109,"column":null}},"type":"if","locations":[{"start":{"line":97,"column":4},"end":{"line":109,"column":null}},{"start":{},"end":{}}],"line":97},"2":{"loc":{"start":{"line":146,"column":2},"end":{"line":148,"column":null}},"type":"if","locations":[{"start":{"line":146,"column":2},"end":{"line":148,"column":null}},{"start":{},"end":{}}],"line":146},"3":{"loc":{"start":{"line":146,"column":6},"end":{"line":146,"column":50}},"type":"binary-expr","locations":[{"start":{"line":146,"column":6},"end":{"line":146,"column":32}},{"start":{"line":146,"column":32},"end":{"line":146,"column":50}}],"line":146},"4":{"loc":{"start":{"line":151,"column":2},"end":{"line":153,"column":null}},"type":"if","locations":[{"start":{"line":151,"column":2},"end":{"line":153,"column":null}},{"start":{},"end":{}}],"line":151},"5":{"loc":{"start":{"line":156,"column":2},"end":{"line":159,"column":null}},"type":"if","locations":[{"start":{"line":156,"column":2},"end":{"line":159,"column":null}},{"start":{},"end":{}}],"line":156}},"s":{"0":0,"1":0,"2":0,"3":0,"4":0,"5":0,"6":0,"7":0,"8":0,"9":0,"10":0,"11":0,"12":0,"13":0,"14":0,"15":0,"16":0,"17":0,"18":0,"19":0,"20":0,"21":0,"22":0,"23":0,"24":0,"25":0,"26":0,"27":0,"28":0,"29":0,"30":0,"31":0,"32":0,"33":0,"34":0,"35":0,"36":0,"37":0,"38":0,"39":0,"40":0,"41":0,"42":0,"43":0,"44":0,"45":0,"46":0,"47":0,"48":0,"49":0,"50":0,"51":0,"52":0,"53":0,"54":0,"55":0,"56":0,"57":0,"58":0},"f":{"0":0,"1":0,"2":0,"3":0,"4":0,"5":0,"6":0,"7":0,"8":0,"9":0,"10":0,"11":0,"12":0,"13":0},"b":{"0":[0,0],"1":[0,0],"2":[0,0],"3":[0,0],"4":[0,0],"5":[0,0]},"meta":{"lastBranch":6,"lastFunction":14,"lastStatement":59,"seen":{"s:21:6:29:Infinity":0,"f:22:2:22:14":0,"s:23:4:26:Infinity":1,"b:24:14:24:40:24:40:24:65":0,"f:31:16:31:29":1,"s:32:21:32:Infinity":2,"s:33:8:33:Infinity":3,"s:34:23:39:Infinity":4,"s:40:2:50:Infinity":5,"f:53:9:53:Infinity":2,"s:57:2:57:Infinity":6,"s:58:2:58:Infinity":7,"s:59:2:59:Infinity":8,"s:60:2:60:Infinity":9,"f:63:15:63:26":3,"s:64:2:70:Infinity":10,"f:73:22:73:32":4,"s:74:2:74:Infinity":11,"s:75:2:75:Infinity":12,"s:76:2:76:Infinity":13,"s:77:2:77:Infinity":14,"s:79:17:79:Infinity":15,"s:81:33:89:Infinity":16,"f:81:33:81:Infinity":5,"s:85:17:85:Infinity":17,"s:86:4:86:Infinity":18,"s:87:4:87:Infinity":19,"s:88:4:88:Infinity":20,"s:92:31:92:Infinity":21,"s:95:25:110:Infinity":22,"f:95:25:95:26":6,"s:96:25:96:Infinity":23,"b:97:4:109:Infinity:undefined:undefined:undefined:undefined":1,"s:97:4:109:Infinity":24,"s:98:23:106:Infinity":25,"s:107:6:107:Infinity":26,"s:108:6:108:Infinity":27,"s:112:2:112:Infinity":28,"f:112:25:112:26":7,"s:112:53:112:67":29,"s:113:2:113:Infinity":30,"f:113:27:113:28":8,"s:113:55:113:69":31,"s:115:2:121:Infinity":32,"f:115:24:115:25":9,"s:116:4:116:Infinity":33,"s:117:4:120:Infinity":34,"s:123:2:129:Infinity":35,"f:123:27:123:28":10,"s:124:4:124:Infinity":36,"s:125:4:128:Infinity":37,"s:131:2:140:Infinity":38,"f:131:25:131
[...]
null}},"line":53},"2":{"name":"(anonymous_2)","decl":{"start":{"line":56,"column":2},"end":{"line":56,"column":46}},"loc":{"start":{"line":56,"column":46},"end":{"line":73,"column":null}},"line":56},"3":{"name":"(anonymous_3)","decl":{"start":{"line":62,"column":15},"end":{"line":62,"column":16}},"loc":{"start":{"line":62,"column":25},"end":{"line":62,"column":36}},"line":62},"4":{"name":"(anonymous_4)","decl":{"start":{"line":63,"column":18},"end":{"line":63,"column":19}},"loc":{"start":{"line":63,"column":28},"end":{"line":63,"column":43}},"line":63},"5":{"name":"(anonymous_5)","decl":{"start":{"line":76,"column":2},"end":{"line":76,"column":32}},"loc":{"start":{"line":76,"column":32},"end":{"line":85,"column":null}},"line":76},"6":{"name":"(anonymous_6)","decl":{"start":{"line":88,"column":8},"end":{"line":88,"column":27}},"loc":{"start":{"line":88,"column":67},"end":{"line":105,"column":null}},"line":88},"7":{"name":"(anonymous_7)","decl":{"start":{"line":108,"column":8},"end":{"line":108,"column":23}},"loc":{"start":{"line":108,"column":78},"end":{"line":141,"column":null}},"line":108},"8":{"name":"(anonymous_8)","decl":{"start":{"line":127,"column":25},"end":{"line":127,"column":26}},"loc":{"start":{"line":127,"column":34},"end":{"line":132,"column":7}},"line":127},"9":{"name":"(anonymous_9)","decl":{"start":{"line":144,"column":8},"end":{"line":144,"column":52}},"loc":{"start":{"line":144,"column":52},"end":{"line":165,"column":null}},"line":144},"10":{"name":"(anonymous_10)","decl":{"start":{"line":168,"column":8},"end":{"line":168,"column":28}},"loc":{"start":{"line":168,"column":63},"end":{"line":192,"column":null}},"line":168},"11":{"name":"(anonymous_11)","decl":{"start":{"line":194,"column":2},"end":{"line":194,"column":null}},"loc":{"start":{"line":196,"column":12},"end":{"line":217,"column":null}},"line":196},"12":{"name":"(anonymous_12)","decl":{"start":{"line":220,"column":8},"end":{"line":220,"column":null}},"loc":{"start":{"line":223,"column":21},"end":{"line":232,"column":null}},"line":223},"13":{"name":"(anonymous_13)","decl":{"start":{"line":235,"column":8},"end":{"line":235,"column":30}},"loc":{"start":{"line":243,"column":23},"end":{"line":249,"column":null}},"line":243},"14":{"name":"parseObjectPath","decl":{"start":{"line":252,"column":9},"end":{"line":252,"column":25}},"loc":{"start":{"line":255,"column":2},"end":{"line":271,"column":null}},"line":255},"15":{"name":"signObjectURL","decl":{"start":{"line":273,"column":15},"end":{"line":273,"column":29}},"loc":{"start":{"line":283,"column":20},"end":{"line":309,"column":null}},"line":283}},"branchMap":{"0":{"loc":{"start":{"line":57,"column":21},"end":{"line":57,"column":null}},"type":"binary-expr","locations":[{"start":{"line":57,"column":21},"end":{"line":57,"column":63}},{"start":{"line":57,"column":63},"end":{"line":57,"column":null}}],"line":57},"1":{"loc":{"start":{"line":66,"column":4},"end":{"line":71,"column":null}},"type":"if","locations":[{"start":{"line":66,"column":4},"end":{"line":71,"column":null}},{"start":{},"end":{}}],"line":66},"2":{"loc":{"start":{"line":77,"column":16},"end":{"line":77,"column":null}},"type":"binary-expr","locations":[{"start":{"line":77,"column":16},"end":{"line":77,"column":50}},{"start":{"line":77,"column":50},"end":{"line":77,"column":null}}],"line":77},"3":{"loc":{"start":{"line":78,"column":4},"end":{"line":83,"column":null}},"type":"if","locations":[{"start":{"line":78,"column":4},"end":{"line":83,"column":null}},{"start":{},"end":{}}],"line":78},"4":{"loc":{"start":{"line":99,"column":6},"end":{"line":101,"column":null}},"type":"if","locations":[{"start":{"line":99,"column":6},"end":{"line":101,"column":null}},{"start":{},"end":{}}],"line":99},"5":{"loc":{"start":{"line":108,"column":50},"end":{"line":108,"column":78}},"type":"default-arg","locations":[{"start":{"line":108,"column":72},"end":{"line":108,"column":78}}],"line":108},"6":{"loc":{"start":{"line":117,"column":24},"end":{"line":117,"column":null}},"type":"binary-expr","locations":[{"start":{"line":117,"column":24},"end":{"line":117,"column":48}},{"start":{"line":117,"column":48},"end":{"line":117,"column":null}}],"line":117},"7":{"loc":{"start":{"line":120,"column":10},"end":{"line":120,"column":null}},"type":"cond-expr","locations":[{"start":{"line":120,"column":21},"end":{"line":120,"column":32}},{"start":{"line":120,"column":32},"end":{"line":120,"column":null}}],"line":120},"8":{"loc":{"start":{"line":129,"column":8},"end":{"line":131,"column":null}},"type":"if","locations":[{"start":{"line":129,"column":8},"end":{"line":131,"column":null}},{"start":{},"end":{}}],"line":129},"9":{"loc":{"start":{"line":137,"column":6},"end":{"line":139,"column":null}},"type":"if","locations":[{"start":{"line":137,"column":6},"end":{"line":139,"column":null}},{"start":{},"end":{}}],"line":137},"10":{"loc":{"start":{"line":146,"column":4},"end":{"line":151,"column":null}},"type":"if","locations":[{"start":{"line":146,"column":4},"end":{"line":151,"column":null}},{"start":{},"end":{}}],"line":146},"11":{"loc":{"start":{"line":169,"column":4},"end":{"line":171,"column":null}},"type":"if","locations":[{"start":{"line":169,"column":4},"end":{"line":171,"column":null}},{"start":{},"end":{}}],"line":169},"12":{"loc":{"start":{"line":174,"column":4},"end":{"line":176,"column":null}},"type":"if","locations":[{"start":{"line":174,"column":4},"end":{"line":176,"column":null}},{"start":{},"end":{}}],"line":174},"13":{"loc":{"start":{"line":180,"column":4},"end":{"line":182,"column":null}},"type":"if","locations":[{"start":{"line":180,"column":4},"end":{"line":182,"column":null}},{"start":{},"end":{}}],"line":180},"14":{"loc":{"start":{"line":188,"column":4},"end":{"line":190,"column":null}},"type":"if","locations":[{"start":{"line":188,"column":4},"end":{"line":190,"column":null}},{"start":{},"end":{}}],"line":188},"15":{"loc":{"start":{"line":197,"column":4},"end":{"line":199,"column":null}},"type":"if","locations":[{"start":{"line":197,"column":4},"end":{"line":199,"column":null}},{"start":{},"end":{}}],"line":197},"16":{"loc":{"start":{"line":206,"column":4},"end":{"line":208,"column":null}},"type":"if","locations":[{"start":{"line":206,"column":4},"end":{"line":208,"column":null}},{"start":{},"end":{}}],"line":206},"17":{"loc":{"start":{"line":210,"column":4},"end":{"line":212,"column":null}},"type":"if","locations":[{"start":{"line":210,"column":4},"end":{"line":212,"column":null}},{"start":{},"end":{}}],"line":210},"18":{"loc":{"start":{"line":225,"column":4},"end":{"line":227,"column":null}},"type":"if","locations":[{"start":{"line":225,"column":4},"end":{"line":227,"column":null}},{"start":{},"end":{}}],"line":225},"19":{"loc":{"start":{"line":247,"column":27},"end":{"line":247,"column":null}},"type":"binary-expr","locations":[{"start":{"line":247,"column":27},"end":{"line":247,"column":50}},{"start":{"line":247,"column":50},"end":{"line":247,"column":null}}],"line":247},"20":{"loc":{"start":{"line":256,"column":2},"end":{"line":258,"column":null}},"type":"if","locations":[{"start":{"line":256,"column":2},"end":{"line":258,"column":null}},{"start":{},"end":{}}],"line":256},"21":{"loc":{"start":{"line":260,"column":2},"end":{"line":262,"column":null}},"type":"if","locations":[{"start":{"line":260,"column":2},"end":{"line":262,"column":null}},{"start":{},"end":{}}],"line":260},"22":{"loc":{"start":{"line":300,"column":2},"end":{"line":305,"column":null}},"type":"if","locations":[{"start":{"line":300,"column":2},"end":{"line":305,"column":null}},{"start":{},"end":{}}],"line":300}},"s":{"0":1,"1":1,"2":1,"3":5,"4":5,"5":5,"6":7,"7":7,"8":16,"9":16,"10":7,"11":3,"12":4,"13":10,"14":10,"15":3,"16":7,"17":0,"18":0,"19":0,"20":0,"21":0,"22":0,"23":0,"24":0,"25":0,"26":0,"27":0,"28":0,"29":0,"30":0,"31":0,"32":0,"33":0,"34":0,"35":0,"36":0,"37":0,"38":0,"39":0,"40":1,"41":1,"42":0,"43":0,"44":0,"45":0,"46":0,"47":2,"48":2,"49":0,"50":0,"51":0,"52":0,"53":0,"54":0,"55":0,"56":0,"57":0,"58":0,"59":0,"60":0,"61":0,"62":0,"63":0,"64":7,"65":1,"66":6,"67":6,"68":6,"69":6,"70":5,"71":6,"72":1,"73":5,"74":5,"75":0,"76":0,"77":0,"78":0,"79":0,"80":0,"81":0,"82":0,"83":0,"84":0,"85":0,"86":0,"87":0,"88":0,"89":0,"90":0,"91":0,"92":0,"93":0,"94":0,"95":0},"f":{"0":5,"1":20,"2":7,"3":16,"4":16,"5":10,"6":0,"7":0,"8":0,"9":1,"10":2,"11":7,"12":0,"13":0,"14":0,"15":0},"b":{"0":[7,2],"1":[3,4],"2":[10,3],"3":[3,7],"4":[0,0],"5":[0],"6":[0,0],"7":[0,0],"8":[0,0],"9":[0,0],"10":[0,1],"11":[2,0],"12":[0,0],"13":[0,0],"14":[0,0],"15":[1,6],"16":[5,1],"17":[1,5],"18":[0,0],"19":[0,0],"20":[0,0],"21":[0,0],"22":[0,0]},"meta":{"lastBranch":23,"lastFunction":16,"lastStatement":96,"seen":{"s:13:27:13:Infinity":0,"s:22:32:22:Infinity":1,"s:25:35:41:Infinity":2,"f:44:2:44:16":0,"s:45:4:45:Infinity":3,"s:46:4:46:Infinity":4,"s:47:4:47:Infinity":5,"f:53:2:53:16":1,"f:56:2:56:46":2,"s:57:21:57:Infinity":6,"b:57:21:57:63:57:63:57:Infinity":0,"s:58:18:65:Infinity":7,"f:62:15:62:16":3,"s:62:25:62:36":8,"f:63:18:63:19":4,"s:63:28:63:43":9,"b:66:4:71:Infinity:undefined:undefined:undefined:undefined":1,"s:66:4:71:Infinity":10,"s:67:6:70:Infinity":11,"s:72:4:72:Infinity":12,"f:76:2:76:32":5,"s:77:16:77:Infinity":13,"b:77:16:77:50:77:50:77:Infinity":2,"b:78:4:83:Infinity:undefined:undefined:undefined:undefined":3,"s:78:4:83:Infinity":14,"s:79:6:82:Infinity":15,"s:84:4:84:Infinity":16,"f:88:8:88:27":6,"s:89:4:102:Infinity":17,"s:90:23:90:Infinity":18,"s:93:41:93:Infinity":19,"s:94:21:94:Infinity":20,"s:95:19:95:Infinity":21,"s:98:23:98:Infinity":22,"b:99:6:101:Infinity:undefined:undefined:undefined:undefined":4,"s:99:6:101:Infinity":23,"s:100:8:100:Infinity":24,"s:104:4:104:Infinity":25,"f:108:8:108:23":7,"b:108:72:108:78":5,"s:109:4:140:Infinity":26,"s:111:25:111:Infinity":27,"s:113:24:113:Infinity":28,"s:114:23:114:Infinity":29,"s:116:6:122:Infinity":30,"b:117:24:117:48:117:48:117:Infinity":6,"b:120:21:120:32:120:32:120:Infinity":7,"s:125:21:125:Infinity":31,"s:127:6:132:Infinity":32,"f:127:25:127:26":8,"s:128:8:128:Infinity":33,"b:129:8:131:Infinity:undefined:undefined:undefined:undefined":8,"s:129:8:131:Infinity":34,"s:130:10:130:Infinity":35,"s:134:6:134:Infinity":36,"s:136:6:136:Infinity":37,"b:137:6:139:Infinity:undefined:undefined:undefined:undefined":9,"s:137:6:139:Infinity":38,"s:138:8:138:Infinity":39,"f:144:8:144:52":9,"s:145:29:145:Infinity":40,"b:146:4:151:Infinity:undefined:undefined:undefined:undefined":10,"s:146:4:151:Infinity":41,"s:147:6:150:Infinity":42,"s:153:21:153:Infinity":43,"s:154:21:154:Infinity":44,"s:156:39:156:Infinity":45,"s:159:4:164:Infinity":46,"f:168:8:168:28":10,"b:169:4:171:Infinity:undefined:undefined:undefined:undefined":11,"s:169:4:171:Infinity":47,"s:170:6:170:Infinity":48,"s:173:18:173:Infinity":49,"b:174:4:176:Infinity:undefined:undefined:undefined:undefined":12,"s:174:4:176:Infinity":50,"s:175:6:175:Infinity":51,"s:178:21:178:Infinity":52,"s:179:20:179:Infinity":53,"b:180:4:182:Infinity:undefined:undefined:undefined:undefined":13,"s:180:4:182:Infinity":54,"s:181:6:181:Infinity":55,"s:183:29:183:Infinity":56,"s:184:39:184:Infinity":57,"s:185:19:185:Infinity":58,"s:186:23:186:Infinity":59,"s:187:21:187:Infinity":60,"b:188:4:190:Infinity:undefined:undefined:undefined:undefined":14,"s:188:4:190:Infinity":61,"s:189:6:189:Infinity":62,"s:191:4:191:Infinity":63,"f:194:2:194:Infinity":11,"b:197:4:199:Infinity:undefined:undefined:undefined:undefined":15,"s:197:4:199:Infinity":64,"s:198:6:198:Infinity":65,"s:202:16:202:Infinity":66,"s:203:26:203:Infinity":67,"s:205:26:205:Infinity":68,"b:206:4:208:Infinity:undefined:undefined:undefined:undefined":16,"s:206:4:208:Infinity":69,"s:207:6:207:Infinity":70,"b:210:4:212:Infinity:undefined:undefined:undefined:undefined":17,"s:210:4:212:Infinity":71,"s:211:6:211:Infinity":72,"s:215:21:215:Infinity":73,"s:216:4:216:Infinity":74,"f:220:8:220:Infinity":12,"s:224:27:224:Infinity":75,"b:225:4:227:Infinity:undefined:undefined:undefined:undefined":18,"s:225:4:227:Infinity":76,"s:226:6:226:Infinity":77,"s:229:23:229:Infinity":78,"s:230:4:230:Infinity":79,"s:231:4:231:Infinity":80,"f:235:8:235:30":13,"s:244:4:248:Infinity":81,"b:247:27:247:50:247:50:247:Infinity":19,"f:252:9:252:25":14,"b:256:2:258:Infinity:undefined:undefined:undefined:undefined":20,"s:256:2:258:Infinity":82,"s:257:4:257:Infinity":83,"s:259:20:259:Infinity":84,"b:260:2:262:Infinity:undefined:undefined:undefined:undefined":21,"s:260:2:262:Infinity":85,"s:261:4:261:Infinity":86,"s:264:21:264:Infinity":87,"s:265:21:265:Infinity":88,"s:267:2:270:Infinity":89,"f:273:15:273:29":15,"s:284:18:289:Infinity":90,"s:290:19:299:Infinity":91,"b:300:2:305:Infinity:undefined:undefined:undefined:undefined":22,"s:300:2:305:Infinity":92,"s:301:4:304:Infinity":93,"s:307:36:307:Infinity":94,"s:308:2:308:Infinity":95}}}
,"/home/runner/work/secure_file/secure_file/server/replit_integrations/object_storage/routes.ts": {"path":"/home/runner/work/secure_file/secure_file/server/replit_integrations/object_storage/routes.ts","statementMap":{"0":{"start":{"line":27,"column":31},"end":{"line":27,"column":null}},"1":{"start":{"line":48,"column":2},"end":{"line":73,"column":null}},"2":{"start":{"line":49,"column":4},"end":{"line":72,"column":null}},"3":{"start":{"line":50,"column":42},"end":{"line":50,"column":null}},"4":{"start":{"line":52,"column":6},"end":{"line":56,"column":null}},"5":{"start":{"line":53,"column":8},"end":{"line":55,"column":null}},"6":{"start":{"line":58,"column":24},"end":{"line":58,"column":null}},"7":{"start":{"line":61,"column":25},"end":{"line":61,"column":null}},"8":{"start":{"line":63,"column":6},"end":{"line":68,"column":null}},"9":{"start":{"line":70,"column":6},"end":{"line":70,"column":null}},"10":{"start":{"line":71,"column":6},"end":{"line":71,"column":null}},"11":{"start":{"line":83,"column":2},"end":{"line":95,"column":null}},"12":{"start":{"line":84,"column":4},"end":{"line":94,"column":null}},"13":{"start":{"line":85,"column":25},"end":{"line":85,"column":null}},"14":{"start":{"line":86,"column":25},"end":{"line":86,"column":null}},"15":{"start":{"line":87,"column":6},"end":{"line":87,"column":null}},"16":{"start":{"line":89,"column":6},"end":{"line":89,"column":null}},"17":{"start":{"line":90,"column":6},"end":{"line":92,"column":null}},"18":{"start":{"line":91,"column":8},"end":{"line":91,"column":null}},"19":{"start":{"line":93,"column":6},"end":{"line":93,"column":null}}},"fnMap":{"0":{"name":"registerObjectStorageRoutes","decl":{"start":{"line":26,"column":16},"end":{"line":26,"column":44}},"loc":{"start":{"line":26,"column":64},"end":{"line":96,"column":null}},"line":26},"1":{"name":"(anonymous_1)","decl":{"start":{"line":48,"column":39},"end":{"line":48,"column":46}},"loc":{"start":{"line":48,"column":59},"end":{"line":73,"column":3}},"line":48},"2":{"name":"(anonymous_2)","decl":{"start":{"line":83,"column":40},"end":{"line":83,"column":47}},"loc":{"start":{"line":83,"column":60},"end":{"line":95,"column":3}},"line":83}},"branchMap":{"0":{"loc":{"start":{"line":52,"column":6},"end":{"line":56,"column":null}},"type":"if","locations":[{"start":{"line":52,"column":6},"end":{"line":56,"column":null}},{"start":{},"end":{}}],"line":52},"1":{"loc":{"start":{"line":90,"column":6},"end":{"line":92,"column":null}},"type":"if","locations":[{"start":{"line":90,"column":6},"end":{"line":92,"column":null}},{"start":{},"end":{}}],"line":90}},"s":{"0":0,"1":0,"2":0,"3":0,"4":0,"5":0,"6":0,"7":0,"8":0,"9":0,"10":0,"11":0,"12":0,"13":0,"14":0,"15":0,"16":0,"17":0,"18":0,"19":0},"f":{"0":0,"1":0,"2":0},"b":{"0":[0,0],"1":[0,0]},"meta":{"lastBranch":2,"lastFunction":3,"lastStatement":20,"seen":{"f:26:16:26:44":0,"s:27:31:27:Infinity":0,"s:48:2:73:Infinity":1,"f:48:39:48:46":1,"s:49:4:72:Infinity":2,"s:50:42:50:Infinity":3,"b:52:6:56:Infinity:undefined:undefined:undefined:undefined":0,"s:52:6:56:Infinity":4,"s:53:8:55:Infinity":5,"s:58:24:58:Infinity":6,"s:61:25:61:Infinity":7,"s:63:6:68:Infinity":8,"s:70:6:70:Infinity":9,"s:71:6:71:Infinity":10,"s:83:2:95:Infinity":11,"f:83:40:83:47":2,"s:84:4:94:Infinity":12,"s:85:25:85:Infinity":13,"s:86:25:86:Infinity":14,"s:87:6:87:Infinity":15,"s:89:6:89:Infinity":16,"b:90:6:92:Infinity:undefined:undefined:undefined:undefined":1,"s:90:6:92:Infinity":17,"s:91:8:91:Infinity":18,"s:93:6:93:Infinity":19}}}
,"/home/runner/work/secure_file/secure_file/shared/schema.ts": {"path":"/home/runner/work/secure_file/secure_file/shared/schema.ts","statementMap":{"0":{"start":{"line":18,"column":13},"end":{"line":27,"column":null}},"1":{"start":{"line":24,"column":14},"end":{"line":27,"column":1}},"2":{"start":{"line":29,"column":13},"end":{"line":36,"column":null}},"3":{"start":{"line":29,"column":71},"end":{"line":36,"column":2}},"4":{"start":{"line":38,"column":13},"end":{"line":50,"column":null}},"5":{"start":{"line":47,"column":14},"end":{"line":50,"column":1}},"6":{"start":{"line":52,"column":13},"end":{"line":58,"column":null}},"7":{"start":{"line":52,"column":67},"end":{"line":58,"column":2}},"8":{"start":{"line":60,"column":13},"end":{"line":72,"column":null}},"9":{"start":{"line":69,"column":14},"end":{"line":72,"column":1}},"10":{"start":{"line":74,"column":13},"end":{"line":79,"column":null}},"11":{"start":{"line":74,"column":71},"end":{"line":79,"column":2}},"12":{"start":{"line":81,"column":13},"end":{"line":84,"column":null}},"13":{"start":{"line":86,"column":13},"end":{"line":89,"column":null}},"14":{"start":{"line":91,"column":13},"end":{"line":95,"column":null}}},"fnMap":{"0":{"name":"(anonymous_0)","decl":{"start":{"line":24,"column":3},"end":{"line":24,"column":4}},"loc":{"start":{"line":24,"column":14},"end":{"line":27,"column":1}},"line":24},"1":{"name":"(anonymous_1)","decl":{"start":{"line":29,"column":51},"end":{"line":29,"column":52}},"loc":{"start":{"line":29,"column":71},"end":{"line":36,"column":2}},"line":29},"2":{"name":"(anonymous_2)","decl":{"start":{"line":47,"column":3},"end":{"line":47,"column":4}},"loc":{"start":{"line":47,"column":14},"end":{"line":50,"column":1}},"line":47},"3":{"name":"(anonymous_3)","decl":{"start":{"line":52,"column":47},"end":{"line":52,"column":48}},"loc":{"start":{"line":52,"column":67},"end":{"line":58,"column":2}},"line":52},"4":{"name":"(anonymous_4)","decl":{"start":{"line":69,"column":3},"end":{"line":69,"column":4}},"loc":{"start":{"line":69,"column":14},"end":{"line":72,"column":1}},"line":69},"5":{"name":"(anonymous_5)","decl":{"start":{"line":74,"column":57},"end":{"line":74,"column":58}},"loc":{"start":{"line":74,"column":71},"end":{"line":79,"column":2}},"line":74}},"branchMap":{},"s":{"0":4,"1":1,"2":4,"3":1,"4":4,"5":1,"6":4,"7":1,"8":4,"9":1,"10":4,"11":1,"12":4,"13":4,"14":4},"f":{"0":1,"1":1,"2":1,"3":1,"4":1,"5":1},"b":{},"meta":{"lastBranch":0,"lastFunction":6,"lastStatement":15,"seen":{"s:18:13:27:Infinity":0,"f:24:3:24:4":0,"s:24:14:27:1":1,"s:29:13:36:Infinity":2,"f:29:51:29:52":1,"s:29:71:36:2":3,"s:38:13:50:Infinity":4,"f:47:3:47:4":2,"s:47:14:50:1":5,"s:52:13:58:Infinity":6,"f:52:47:52:48":3,"s:52:67:58:2":7,"s:60:13:72:Infinity":8,"f:69:3:69:4":4,"s:69:14:72:1":9,"s:74:13:79:Infinity":10,"f:74:57:74:58":5,"s:74:71:79:2":11,"s:81:13:84:Infinity":12,"s:86:13:89:Infinity":13,"s:91:13:95:Infinity":14}}}
,"/home/runner/work/secure_file/secure_file/shared/models/auth.ts": {"path":"/home/runner/work/secure_file/secure_file/shared/models/auth.ts","statementMap":{"0":{"start":{"line":16,"column":13},"end":{"line":24,"column":null}},"1":{"start":{"line":23,"column":13},"end":{"line":23,"column":null}},"2":{"start":{"line":28,"column":13},"end":{"line":36,"column":null}}},"fnMap":{"0":{"name":"(anonymous_0)","decl":{"start":{"line":23,"column":2},"end":{"line":23,"column":3}},"loc":{"start":{"line":23,"column":13},"end":{"line":23,"column":null}},"line":23}},"branchMap":{},"s":{"0":4,"1":1,"2":4},"f":{"0":1},"b":{},"meta":{"lastBranch":0,"lastFunction":1,"lastStatement":3,"seen":{"s:16:13:24:Infinity":0,"f:23:2:23:3":0,"s:23:13:23:Infinity":1,"s:28:13:36:Infinity":2}}}
}
