{"C:\\dev\\secure_file\\client\\src\\hooks\\use-auth.ts": {"path":"C:\\dev\\secure_file\\client\\src\\hooks\\use-auth.ts","statementMap":{"0":{"start":{"line":15,"column":19},"end":{"line":17,"column":null}},"1":{"start":{"line":19,"column":2},"end":{"line":21,"column":null}},"2":{"start":{"line":20,"column":4},"end":{"line":20,"column":null}},"3":{"start":{"line":23,"column":2},"end":{"line":25,"column":null}},"4":{"start":{"line":24,"column":4},"end":{"line":24,"column":null}},"5":{"start":{"line":27,"column":2},"end":{"line":27,"column":null}},"6":{"start":{"line":31,"column":2},"end":{"line":31,"column":null}},"7":{"start":{"line":35,"column":8},"end":{"line":35,"column":null}},"8":{"start":{"line":36,"column":32},"end":{"line":41,"column":null}},"9":{"start":{"line":43,"column":8},"end":{"line":48,"column":null}},"10":{"start":{"line":46,"column":6},"end":{"line":46,"column":null}},"11":{"start":{"line":50,"column":2},"end":{"line":56,"column":null}}},"fnMap":{"0":{"name":"fetchUser","decl":{"start":{"line":14,"column":15},"end":{"line":14,"column":49}},"loc":{"start":{"line":14,"column":49},"end":{"line":28,"column":null}},"line":14},"1":{"name":"logout","decl":{"start":{"line":30,"column":15},"end":{"line":30,"column":39}},"loc":{"start":{"line":30,"column":39},"end":{"line":32,"column":null}},"line":30},"2":{"name":"useAuth","decl":{"start":{"line":34,"column":16},"end":{"line":34,"column":26}},"loc":{"start":{"line":34,"column":26},"end":{"line":57,"column":null}},"line":34},"3":{"name":"(anonymous_3)","decl":{"start":{"line":45,"column":15},"end":{"line":45,"column":21}},"loc":{"start":{"line":45,"column":21},"end":{"line":47,"column":null}},"line":45}},"branchMap":{"0":{"loc":{"start":{"line":19,"column":2},"end":{"line":21,"column":null}},"type":"if","locations":[{"start":{"line":19,"column":2},"end":{"line":21,"column":null}},{"start":{},"end":{}}],"line":19},"1":{"loc":{"start":{"line":23,"column":2},"end":{"line":25,"column":null}},"type":"if","locations":[{"start":{"line":23,"column":2},"end":{"line":25,"column":null}},{"start":{},"end":{}}],"line":23}},"s":{"0":0,"1":0,"2":0,"3":0,"4":0,"5":0,"6":0,"7":0,"8":0,"9":0,"10":0,"11":0},"f":{"0":0,"1":0,"2":0,"3":0},"b":{"0":[0,0],"1":[0,0]},"meta":{"lastBranch":2,"lastFunction":4,"lastStatement":12,"seen":{"f:14:15:14:49":0,"s:15:19:17:Infinity":0,"b:19:2:21:Infinity:undefined:undefined:undefined:undefined":0,"s:19:2:21:Infinity":1,"s:20:4:20:Infinity":2,"b:23:2:25:Infinity:undefined:undefined:undefined:undefined":1,"s:23:2:25:Infinity":3,"s:24:4:24:Infinity":4,"s:27:2:27:Infinity":5,"f:30:15:30:39":1,"s:31:2:31:Infinity":6,"f:34:16:34:26":2,"s:35:8:35:Infinity":7,"s:36:32:41:Infinity":8,"s:43:8:48:Infinity":9,"f:45:15:45:21":3,"s:46:6:46:Infinity":10,"s:50:2:56:Infinity":11}}}
,"C:\\dev\\secure_file\\client\\src\\hooks\\use-toast.ts": {"path":"C:\\dev\\secure_file\\client\\src\\hooks\\use-toast.ts","statementMap":{"0":{"start":{"line":18,"column":20},"end":{"line":18,"column":null}},"1":{"start":{"line":19,"column":27},"end":{"line":19,"column":null}},"2":{"start":{"line":28,"column":20},"end":{"line":33,"column":null}},"3":{"start":{"line":35,"column":12},"end":{"line":35,"column":null}},"4":{"start":{"line":38,"column":2},"end":{"line":38,"column":null}},"5":{"start":{"line":39,"column":2},"end":{"line":39,"column":null}},"6":{"start":{"line":66,"column":22},"end":{"line":66,"column":null}},"7":{"start":{"line":68,"column":25},"end":{"line":82,"column":null}},"8":{"start":{"line":69,"column":2},"end":{"line":71,"column":null}},"9":{"start":{"line":70,"column":4},"end":{"line":70,"column":null}},"10":{"start":{"line":73,"column":18},"end":{"line":79,"column":null}},"11":{"start":{"line":74,"column":4},"end":{"line":74,"column":null}},"12":{"start":{"line":75,"column":4},"end":{"line":78,"column":null}},"13":{"start":{"line":81,"column":2},"end":{"line":81,"column":null}},"14":{"start":{"line":84,"column":23},"end":{"line":137,"column":null}},"15":{"start":{"line":85,"column":2},"end":{"line":136,"column":null}},"16":{"start":{"line":87,"column":6},"end":{"line":90,"column":null}},"17":{"start":{"line":93,"column":6},"end":{"line":98,"column":null}},"18":{"start":{"line":96,"column":10},"end":{"line":96,"column":null}},"19":{"start":{"line":101,"column":26},"end":{"line":101,"column":null}},"20":{"start":{"line":105,"column":6},"end":{"line":111,"column":null}},"21":{"start":{"line":106,"column":8},"end":{"line":106,"column":null}},"22":{"start":{"line":108,"column":8},"end":{"line":110,"column":null}},"23":{"start":{"line":109,"column":10},"end":{"line":109,"column":null}},"24":{"start":{"line":113,"column":6},"end":{"line":123,"column":null}},"25":{"start":{"line":116,"column":10},"end":{"line":121,"column":null}},"26":{"start":{"line":126,"column":6},"end":{"line":131,"column":null}},"27":{"start":{"line":127,"column":8},"end":{"line":130,"column":null}},"28":{"start":{"line":132,"column":6},"end":{"line":135,"column":null}},"29":{"start":{"line":134,"column":43},"end":{"line":134,"column":66}},"30":{"start":{"line":139,"column":49},"end":{"line":139,"column":null}},"31":{"start":{"line":141,"column":25},"end":{"line":141,"column":null}},"32":{"start":{"line":144,"column":2},"end":{"line":144,"column":null}},"33":{"start":{"line":145,"column":2},"end":{"line":147,"column":null}},"34":{"start":{"line":146,"column":4},"end":{"line":146,"column":null}},"35":{"start":{"line":153,"column":13},"end":{"line":153,"column":null}},"36":{"start":{"line":155,"column":17},"end":{"line":159,"column":null}},"37":{"start":{"line":156,"column":4},"end":{"line":159,"column":null}},"38":{"start":{"line":160,"column":18},"end":{"line":160,"column":null}},"39":{"start":{"line":160,"column":24},"end":{"line":160,"column":null}},"40":{"start":{"line":162,"column":2},"end":{"line":172,"column":null}},"41":{"start":{"line":169,"column":8},"end":{"line":169,"column":null}},"42":{"start":{"line":169,"column":19},"end":{"line":169,"column":null}},"43":{"start":{"line":174,"column":2},"end":{"line":178,"column":null}},"44":{"start":{"line":182,"column":28},"end":{"line":182,"column":null}},"45":{"start":{"line":184,"column":2},"end":{"line":192,"column":null}},"46":{"start":{"line":185,"column":4},"end":{"line":185,"column":null}},"47":{"start":{"line":186,"column":4},"end":{"line":191,"column":null}},"48":{"start":{"line":187,"column":20},"end":{"line":187,"column":null}},"49":{"start":{"line":188,"column":6},"end":{"line":190,"column":null}},"50":{"start":{"line":189,"column":8},"end":{"line":189,"column":null}},"51":{"start":{"line":194,"column":2},"end":{"line":198,"column":null}},"52":{"start":{"line":197,"column":35},"end":{"line":197,"column":null}}},"fnMap":{"0":{"name":"genId","decl":{"start":{"line":37,"column":9},"end":{"line":37,"column":17}},"loc":{"start":{"line":37,"column":17},"end":{"line":40,"column":null}},"line":37},"1":{"name":"(anonymous_1)","decl":{"start":{"line":68,"column":25},"end":{"line":68,"column":26}},"loc":{"start":{"line":68,"column":46},"end":{"line":82,"column":null}},"line":68},"2":{"name":"(anonymous_2)","decl":{"start":{"line":73,"column":29},"end":{"line":73,"column":35}},"loc":{"start":{"line":73,"column":35},"end":{"line":79,"column":5}},"line":73},"3":{"name":"(anonymous_3)","decl":{"start":{"line":84,"column":23},"end":{"line":84,"column":24}},"loc":{"start":{"line":84,"column":64},"end":{"line":137,"column":null}},"line":84},"4":{"name":"(anonymous_4)","decl":{"start":{"line":95,"column":33},"end":{"line":95,"column":34}},"loc":{"start":{"line":96,"column":10},"end":{"line":96,"column":null}},"line":96},"5":{"name":"(anonymous_5)","decl":{"start":{"line":108,"column":29},"end":{"line":108,"column":30}},"loc":{"start":{"line":108,"column":40},"end":{"line":110,"column":9}},"line":108},"6":{"name":"(anonymous_6)","decl":{"start":{"line":115,"column":33},"end":{"line":115,"column":34}},"loc":{"start":{"line":116,"column":10},"end":{"line":121,"column":null}},"line":116},"7":{"name":"(anonymous_7)","decl":{"start":{"line":134,"column":36},"end":{"line":134,"column":37}},"loc":{"start":{"line":134,"column":43},"end":{"line":134,"column":66}},"line":134},"8":{"name":"dispatch","decl":{"start":{"line":143,"column":9},"end":{"line":143,"column":18}},"loc":{"start":{"line":143,"column":34},"end":{"line":148,"column":null}},"line":143},"9":{"name":"(anonymous_9)","decl":{"start":{"line":145,"column":20},"end":{"line":145,"column":21}},"loc":{"start":{"line":145,"column":34},"end":{"line":147,"column":3}},"line":145},"10":{"name":"toast","decl":{"start":{"line":152,"column":9},"end":{"line":152,"column":15}},"loc":{"start":{"line":152,"column":36},"end":{"line":179,"column":null}},"line":152},"11":{"name":"(anonymous_11)","decl":{"start":{"line":155,"column":17},"end":{"line":155,"column":18}},"loc":{"start":{"line":156,"column":4},"end":{"line":159,"column":null}},"line":156},"12":{"name":"(anonymous_12)","decl":{"start":{"line":160,"column":18},"end":{"line":160,"column":24}},"loc":{"start":{"line":160,"column":24},"end":{"line":160,"column":null}},"line":160},"13":{"name":"(anonymous_13)","decl":{"start":{"line":168,"column":20},"end":{"line":168,"column":21}},"loc":{"start":{"line":168,"column":30},"end":{"line":170,"column":null}},"line":168},"14":{"name":"useToast","decl":{"start":{"line":181,"column":9},"end":{"line":181,"column":20}},"loc":{"start":{"line":181,"column":20},"end":{"line":199,"column":null}},"line":181},"15":{"name":"(anonymous_15)","decl":{"start":{"line":184,"column":18},"end":{"line":184,"column":24}},"loc":{"start":{"line":184,"column":24},"end":{"line":192,"column":5}},"line":184},"16":{"name":"(anonymous_16)","decl":{"start":{"line":186,"column":11},"end":{"line":186,"column":17}},"loc":{"start":{"line":186,"column":17},"end":{"line":191,"column":null}},"line":186},"17":{"name":"(anonymous_17)","decl":{"start":{"line":197,"column":13},"end":{"line":197,"column":14}},"loc":{"start":{"line":197,"column":35},"end":{"line":197,"column":null}},"line":197}},"branchMap":{"0":{"loc":{"start":{"line":69,"column":2},"end":{"line":71,"column":null}},"type":"if","locations":[{"start":{"line":69,"column":2},"end":{"line":71,"column":null}},{"start":{},"end":{}}],"line":69},"1":{"loc":{"start":{"line":85,"column":2},"end":{"line":136,"column":null}},"type":"switch","locations":[{"start":{"line":86,"column":4},"end":{"line":90,"column":null}},{"start":{"line":92,"column":4},"end":{"line":98,"column":null}},{"start":{"line":100,"column":4},"end":{"line":124,"column":null}},{"start":{"line":125,"column":4},"end":{"line":135,"column":null}}],"line":85},"2":{"loc":{"start":{"line":96,"column":10},"end":{"line":96,"column":null}},"type":"cond-expr","locations":[{"start":{"line":96,"column":37},"end":{"line":96,"column":65}},{"start":{"line":96,"column":65},"end":{"line":96,"column":null}}],"line":96},"3":{"loc":{"start":{"line":105,"column":6},"end":{"line":111,"column":null}},"type":"if","locations":[{"start":{"line":105,"column":6},"end":{"line":111,"column":null}},{"start":{"line":107,"column":13},"end":{"line":111,"column":null}}],"line":105},"4":{"loc":{"start":{"line":116,"column":10},"end":{"line":121,"column":null}},"type":"cond-expr","locations":[{"start":{"line":117,"column":14},"end":{"line":120,"column":null}},{"start":{"line":121,"column":14},"end":{"line":121,"column":null}}],"line":116},"5":{"loc":{"start":{"line":116,"column":10},"end":{"line":116,"column":null}},"type":"binary-expr","locations":[{"start":{"line":116,"column":10},"end":{"line":116,"column":30}},{"start":{"line":116,"column":30},"end":{"line":116,"column":null}}],"line":116},"6":{"loc":{"start":{"line":126,"column":6},"end":{"line":131,"column":null}},"type":"if","locations":[{"start":{"line":126,"column":6},"end":{"line":131,"column":null}},{"start":{},"end":{}}],"line":126},"7":{"loc":{"start":{"line":169,"column":8},"end":{"line":169,"column":null}},"type":"if","locations":[{"start":{"line":169,"column":8},"end":{"line":169,"column":null}},{"start":{},"end":{}}],"line":169},"8":{"loc":{"start":{"line":188,"column":6},"end":{"line":190,"column":null}},"type":"if","locations":[{"start":{"line":188,"column":6},"end":{"line":190,"column":null}},{"start":{},"end":{}}],"line":188}},"s":{"0":1,"1":1,"2":1,"3":1,"4":20,"5":20,"6":1,"7":1,"8":18,"9":7,"10":11,"11":4,"12":4,"13":11,"14":1,"15":50,"16":23,"17":3,"18":5,"19":17,"20":17,"21":15,"22":2,"23":3,"24":17,"25":19,"26":7,"27":1,"28":6,"29":8,"30":1,"31":1,"32":40,"33":40,"34":7,"35":20,"36":20,"37":1,"38":20,"39":13,"40":20,"41":0,"42":0,"43":20,"44":6,"45":6,"46":6,"47":6,"48":6,"49":6,"50":6,"51":6,"52":2},"f":{"0":20,"1":18,"2":4,"3":50,"4":5,"5":3,"6":19,"7":8,"8":40,"9":7,"10":20,"11":1,"12":13,"13":0,"14":6,"15":6,"16":6,"17":2},"b":{"0":[7,11],"1":[23,3,17,7],"2":[3,2],"3":[15,2],"4":[18,1],"5":[19,4],"6":[1,6],"7":[0,0],"8":[6,0]},"meta":{"lastBranch":9,"lastFunction":18,"lastStatement":53,"seen":{"s:18:20:18:Infinity":0,"s:19:27:19:Infinity":1,"s:28:20:33:Infinity":2,"s:35:12:35:Infinity":3,"f:37:9:37:17":0,"s:38:2:38:Infinity":4,"s:39:2:39:Infinity":5,"s:66:22:66:Infinity":6,"s:68:25:82:Infinity":7,"f:68:25:68:26":1,"b:69:2:71:Infinity:undefined:undefined:undefined:undefined":0,"s:69:2:71:Infinity":8,"s:70:4:70:Infinity":9,"s:73:18:79:Infinity":10,"f:73:29:73:35":2,"s:74:4:74:Infinity":11,"s:75:4:78:Infinity":12,"s:81:2:81:Infinity":13,"s:84:23:137:Infinity":14,"f:84:23:84:24":3,"b:86:4:90:Infinity:92:4:98:Infinity:100:4:124:Infinity:125:4:135:Infinity":1,"s:85:2:136:Infinity":15,"s:87:6:90:Infinity":16,"s:93:6:98:Infinity":17,"f:95:33:95:34":4,"s:96:10:96:Infinity":18,"b:96:37:96:65:96:65:96:Infinity":2,"s:101:26:101:Infinity":19,"b:105:6:111:Infinity:107:13:111:Infinity":3,"s:105:6:111:Infinity":20,"s:106:8:106:Infinity":21,"s:108:8:110:Infinity":22,"f:108:29:108:30":5,"s:109:10:109:Infinity":23,"s:113:6:123:Infinity":24,"f:115:33:115:34":6,"s:116:10:121:Infinity":25,"b:117:14:120:Infinity:121:14:121:Infinity":4,"b:116:10:116:30:116:30:116:Infinity":5,"b:126:6:131:Infinity:undefined:undefined:undefined:undefined":6,"s:126:6:131:Infinity":26,"s:127:8:130:Infinity":27,"s:132:6:135:Infinity":28,"f:134:36:134:37":7,"s:134:43:134:66":29,"s:139:49:139:Infinity":30,"s:141:25:141:Infinity":31,"f:143:9:143:18":8,"s:144:2:144:Infinity":32,"s:145:2:147:Infinity":33,"f:145:20:145:21":9,"s:146:4:146:Infinity":34,"f:152:9:152:15":10,"s:153:13:153:Infinity":35,"s:155:17:159:Infinity":36,"f:155:17:155:18":11,"s:156:4:159:Infinity":37,"s:160:18:160:Infinity":38,"f:160:18:160:24":12,"s:160:24:160:Infinity":39,"s:162:2:172:Infinity":40,"f:168:20:168:21":13,"b:169:8:169:Infinity:undefined:undefined:undefined:undefined":7,"s:169:8:169:Infinity":41,"s:169:19:169:Infinity":42,"s:174:2:178:Infinity":43,"f:181:9:181:20":14,"s:182:28:182:Infinity":44,"s:184:2:192:Infinity":45,"f:184:18:184:24":15,"s:185:4:185:Infinity":46,"s:186:4:191:Infinity":47,"f:186:11:186:17":16,"s:187:20:187:Infinity":48,"b:188:6:190:Infinity:undefined:undefined:undefined:undefined":8,"s:188:6:190:Infinity":49,"s:189:8:189:Infinity":50,"s:194:2:198:Infinity":51,"f:197:13:197:14":17,"s:197:35:197:Infinity":52}}}
,"C:\\dev\\secure_file\\client\\src\\hooks\\use-upload.ts": {"path":"C:\\dev\\secure_file\\client\\src\\hooks\\use-upload.ts","statementMap":{"0":{"start":{"line":65,"column":36},"end":{"line":65,"column":null}},"1":{"start":{"line":66,"column":24},"end":{"line":66,"column":null}},"2":{"start":{"line":67,"column":30},"end":{"line":67,"column":null}},"3":{"start":{"line":73,"column":8},"end":{"line":95,"column":null}},"4":{"start":{"line":75,"column":23},"end":{"line":85,"column":null}},"5":{"start":{"line":87,"column":6},"end":{"line":90,"column":null}},"6":{"start":{"line":88,"column":26},"end":{"line":88,"column":null}},"7":{"start":{"line":88,"column":61},"end":{"line":88,"column":64}},"8":{"start":{"line":89,"column":8},"end":{"line":89,"column":null}},"9":{"start":{"line":92,"column":6},"end":{"line":92,"column":null}},"10":{"start":{"line":100,"column":8},"end":{"line":115,"column":null}},"11":{"start":{"line":102,"column":23},"end":{"line":108,"column":null}},"12":{"start":{"line":110,"column":6},"end":{"line":112,"column":null}},"13":{"start":{"line":111,"column":8},"end":{"line":111,"column":null}},"14":{"start":{"line":123,"column":8},"end":{"line":151,"column":null}},"15":{"start":{"line":125,"column":6},"end":{"line":125,"column":null}},"16":{"start":{"line":126,"column":6},"end":{"line":126,"column":null}},"17":{"start":{"line":127,"column":6},"end":{"line":127,"column":null}},"18":{"start":{"line":129,"column":6},"end":{"line":148,"column":null}},"19":{"start":{"line":131,"column":8},"end":{"line":131,"column":null}},"20":{"start":{"line":132,"column":31},"end":{"line":132,"column":null}},"21":{"start":{"line":135,"column":8},"end":{"line":135,"column":null}},"22":{"start":{"line":136,"column":8},"end":{"line":136,"column":null}},"23":{"start":{"line":138,"column":8},"end":{"line":138,"column":null}},"24":{"start":{"line":139,"column":8},"end":{"line":139,"column":null}},"25":{"start":{"line":140,"column":8},"end":{"line":140,"column":null}},"26":{"start":{"line":142,"column":22},"end":{"line":142,"column":null}},"27":{"start":{"line":143,"column":8},"end":{"line":143,"column":null}},"28":{"start":{"line":144,"column":8},"end":{"line":144,"column":null}},"29":{"start":{"line":145,"column":8},"end":{"line":145,"column":null}},"30":{"start":{"line":147,"column":8},"end":{"line":147,"column":null}},"31":{"start":{"line":166,"column":8},"end":{"line":199,"column":null}},"32":{"start":{"line":175,"column":23},"end":{"line":185,"column":null}},"33":{"start":{"line":187,"column":6},"end":{"line":189,"column":null}},"34":{"start":{"line":188,"column":8},"end":{"line":188,"column":null}},"35":{"start":{"line":191,"column":19},"end":{"line":191,"column":null}},"36":{"start":{"line":192,"column":6},"end":{"line":196,"column":null}},"37":{"start":{"line":201,"column":2},"end":{"line":207,"column":null}}},"fnMap":{"0":{"name":"useUpload","decl":{"start":{"line":64,"column":16},"end":{"line":64,"column":26}},"loc":{"start":{"line":64,"column":58},"end":{"line":208,"column":null}},"line":64},"1":{"name":"(anonymous_1)","decl":{"start":{"line":74,"column":4},"end":{"line":74,"column":11}},"loc":{"start":{"line":74,"column":51},"end":{"line":93,"column":null}},"line":74},"2":{"name":"(anonymous_2)","decl":{"start":{"line":88,"column":54},"end":{"line":88,"column":61}},"loc":{"start":{"line":88,"column":61},"end":{"line":88,"column":64}},"line":88},"3":{"name":"(anonymous_3)","decl":{"start":{"line":101,"column":4},"end":{"line":101,"column":11}},"loc":{"start":{"line":101,"column":60},"end":{"line":113,"column":null}},"line":101},"4":{"name":"(anonymous_4)","decl":{"start":{"line":124,"column":4},"end":{"line":124,"column":11}},"loc":{"start":{"line":124,"column":58},"end":{"line":149,"column":null}},"line":124},"5":{"name":"(anonymous_5)","decl":{"start":{"line":167,"column":4},"end":{"line":167,"column":null}},"loc":{"start":{"line":173,"column":10},"end":{"line":197,"column":null}},"line":173}},"branchMap":{"0":{"loc":{"start":{"line":64,"column":26},"end":{"line":64,"column":58}},"type":"default-arg","locations":[{"start":{"line":64,"column":54},"end":{"line":64,"column":58}}],"line":64},"1":{"loc":{"start":{"line":83,"column":23},"end":{"line":83,"column":null}},"type":"binary-expr","locations":[{"start":{"line":83,"column":23},"end":{"line":83,"column":36}},{"start":{"line":83,"column":36},"end":{"line":83,"column":null}}],"line":83},"2":{"loc":{"start":{"line":87,"column":6},"end":{"line":90,"column":null}},"type":"if","locations":[{"start":{"line":87,"column":6},"end":{"line":90,"column":null}},{"start":{},"end":{}}],"line":87},"3":{"loc":{"start":{"line":89,"column":24},"end":{"line":89,"column":69}},"type":"binary-expr","locations":[{"start":{"line":89,"column":24},"end":{"line":89,"column":43}},{"start":{"line":89,"column":43},"end":{"line":89,"column":69}}],"line":89},"4":{"loc":{"start":{"line":106,"column":26},"end":{"line":106,"column":null}},"type":"binary-expr","locations":[{"start":{"line":106,"column":26},"end":{"line":106,"column":39}},{"start":{"line":106,"column":39},"end":{"line":106,"column":null}}],"line":106},"5":{"loc":{"start":{"line":110,"column":6},"end":{"line":112,"column":null}},"type":"if","locations":[{"start":{"line":110,"column":6},"end":{"line":112,"column":null}},{"start":{},"end":{}}],"line":110},"6":{"loc":{"start":{"line":142,"column":22},"end":{"line":142,"column":null}},"type":"cond-expr","locations":[{"start":{"line":142,"column":45},"end":{"line":142,"column":51}},{"start":{"line":142,"column":51},"end":{"line":142,"column":null}}],"line":142},"7":{"loc":{"start":{"line":183,"column":23},"end":{"line":183,"column":null}},"type":"binary-expr","locations":[{"start":{"line":183,"column":23},"end":{"line":183,"column":36}},{"start":{"line":183,"column":36},"end":{"line":183,"column":null}}],"line":183},"8":{"loc":{"start":{"line":187,"column":6},"end":{"line":189,"column":null}},"type":"if","locations":[{"start":{"line":187,"column":6},"end":{"line":189,"column":null}},{"start":{},"end":{}}],"line":187},"9":{"loc":{"start":{"line":195,"column":35},"end":{"line":195,"column":75}},"type":"binary-expr","locations":[{"start":{"line":195,"column":35},"end":{"line":195,"column":48}},{"start":{"line":195,"column":48},"end":{"line":195,"column":75}}],"line":195}},"s":{"0":0,"1":0,"2":0,"3":0,"4":0,"5":0,"6":0,"7":0,"8":0,"9":0,"10":0,"11":0,"12":0,"13":0,"14":0,"15":0,"16":0,"17":0,"18":0,"19":0,"20":0,"21":0,"22":0,"23":0,"24":0,"25":0,"26":0,"27":0,"28":0,"29":0,"30":0,"31":0,"32":0,"33":0,"34":0,"35":0,"36":0,"37":0},"f":{"0":0,"1":0,"2":0,"3":0,"4":0,"5":0},"b":{"0":[0],"1":[0,0],"2":[0,0],"3":[0,0],"4":[0,0],"5":[0,0],"6":[0,0],"7":[0,0],"8":[0,0],"9":[0,0]},"meta":{"lastBranch":10,"lastFunction":6,"lastStatement":38,"seen":{"f:64:16:64:26":0,"b:64:54:64:58":0,"s:65:36:65:Infinity":0,"s:66:24:66:Infinity":1,"s:67:30:67:Infinity":2,"s:73:8:95:Infinity":3,"f:74:4:74:11":1,"s:75:23:85:Infinity":4,"b:83:23:83:36:83:36:83:Infinity":1,"b:87:6:90:Infinity:undefined:undefined:undefined:undefined":2,"s:87:6:90:Infinity":5,"s:88:26:88:Infinity":6,"f:88:54:88:61":2,"s:88:61:88:64":7,"s:89:8:89:Infinity":8,"b:89:24:89:43:89:43:89:69":3,"s:92:6:92:Infinity":9,"s:100:8:115:Infinity":10,"f:101:4:101:11":3,"s:102:23:108:Infinity":11,"b:106:26:106:39:106:39:106:Infinity":4,"b:110:6:112:Infinity:undefined:undefined:undefined:undefined":5,"s:110:6:112:Infinity":12,"s:111:8:111:Infinity":13,"s:123:8:151:Infinity":14,"f:124:4:124:11":4,"s:125:6:125:Infinity":15,"s:126:6:126:Infinity":16,"s:127:6:127:Infinity":17,"s:129:6:148:Infinity":18,"s:131:8:131:Infinity":19,"s:132:31:132:Infinity":20,"s:135:8:135:Infinity":21,"s:136:8:136:Infinity":22,"s:138:8:138:Infinity":23,"s:139:8:139:Infinity":24,"s:140:8:140:Infinity":25,"s:142:22:142:Infinity":26,"b:142:45:142:51:142:51:142:Infinity":6,"s:143:8:143:Infinity":27,"s:144:8:144:Infinity":28,"s:145:8:145:Infinity":29,"s:147:8:147:Infinity":30,"s:166:8:199:Infinity":31,"f:167:4:167:Infinity":5,"s:175:23:185:Infinity":32,"b:183:23:183:36:183:36:183:Infinity":7,"b:187:6:189:Infinity:undefined:undefined:undefined:undefined":8,"s:187:6:189:Infinity":33,"s:188:8:188:Infinity":34,"s:191:19:191:Infinity":35,"s:192:6:196:Infinity":36,"b:195:35:195:48:195:48:195:75":9,"s:201:2:207:Infinity":37}}}
,"C:\\dev\\secure_file\\client\\src\\lib\\auth-utils.ts": {"path":"C:\\dev\\secure_file\\client\\src\\lib\\auth-utils.ts","statementMap":{"0":{"start":{"line":12,"column":2},"end":{"line":12,"column":null}},"1":{"start":{"line":17,"column":2},"end":{"line":23,"column":null}},"2":{"start":{"line":18,"column":4},"end":{"line":22,"column":null}},"3":{"start":{"line":24,"column":2},"end":{"line":26,"column":null}},"4":{"start":{"line":25,"column":4},"end":{"line":25,"column":null}}},"fnMap":{"0":{"name":"isUnauthorizedError","decl":{"start":{"line":11,"column":16},"end":{"line":11,"column":36}},"loc":{"start":{"line":11,"column":59},"end":{"line":13,"column":null}},"line":11},"1":{"name":"redirectToLogin","decl":{"start":{"line":16,"column":16},"end":{"line":16,"column":32}},"loc":{"start":{"line":16,"column":116},"end":{"line":27,"column":null}},"line":16},"2":{"name":"(anonymous_2)","decl":{"start":{"line":24,"column":13},"end":{"line":24,"column":19}},"loc":{"start":{"line":24,"column":19},"end":{"line":26,"column":5}},"line":24}},"branchMap":{"0":{"loc":{"start":{"line":17,"column":2},"end":{"line":23,"column":null}},"type":"if","locations":[{"start":{"line":17,"column":2},"end":{"line":23,"column":null}},{"start":{},"end":{}}],"line":17}},"s":{"0":0,"1":0,"2":0,"3":0,"4":0},"f":{"0":0,"1":0,"2":0},"b":{"0":[0,0]},"meta":{"lastBranch":1,"lastFunction":3,"lastStatement":5,"seen":{"f:11:16:11:36":0,"s:12:2:12:Infinity":0,"f:16:16:16:32":1,"b:17:2:23:Infinity:undefined:undefined:undefined:undefined":0,"s:17:2:23:Infinity":1,"s:18:4:22:Infinity":2,"s:24:2:26:Infinity":3,"f:24:13:24:19":2,"s:25:4:25:Infinity":4}}}
,"C:\\dev\\secure_file\\client\\src\\lib\\queryClient.ts": {"path":"C:\\dev\\secure_file\\client\\src\\lib\\queryClient.ts","statementMap":{"0":{"start":{"line":14,"column":2},"end":{"line":17,"column":null}},"1":{"start":{"line":15,"column":18},"end":{"line":15,"column":null}},"2":{"start":{"line":16,"column":4},"end":{"line":16,"column":null}},"3":{"start":{"line":25,"column":14},"end":{"line":30,"column":null}},"4":{"start":{"line":32,"column":2},"end":{"line":32,"column":null}},"5":{"start":{"line":33,"column":2},"end":{"line":33,"column":null}},"6":{"start":{"line":40,"column":2},"end":{"line":52,"column":null}},"7":{"start":{"line":41,"column":2},"end":{"line":52,"column":null}},"8":{"start":{"line":42,"column":16},"end":{"line":44,"column":null}},"9":{"start":{"line":46,"column":4},"end":{"line":48,"column":null}},"10":{"start":{"line":47,"column":6},"end":{"line":47,"column":null}},"11":{"start":{"line":50,"column":4},"end":{"line":50,"column":null}},"12":{"start":{"line":51,"column":4},"end":{"line":51,"column":null}},"13":{"start":{"line":54,"column":27},"end":{"line":67,"column":null}}},"fnMap":{"0":{"name":"throwIfResNotOk","decl":{"start":{"line":13,"column":15},"end":{"line":13,"column":31}},"loc":{"start":{"line":13,"column":46},"end":{"line":18,"column":null}},"line":13},"1":{"name":"apiRequest","decl":{"start":{"line":20,"column":22},"end":{"line":20,"column":null}},"loc":{"start":{"line":24,"column":21},"end":{"line":34,"column":null}},"line":24},"2":{"name":"(anonymous_2)","decl":{"start":{"line":40,"column":2},"end":{"line":40,"column":3}},"loc":{"start":{"line":41,"column":2},"end":{"line":52,"column":null}},"line":41},"3":{"name":"(anonymous_3)","decl":{"start":{"line":41,"column":2},"end":{"line":41,"column":9}},"loc":{"start":{"line":41,"column":26},"end":{"line":52,"column":null}},"line":41}},"branchMap":{"0":{"loc":{"start":{"line":14,"column":2},"end":{"line":17,"column":null}},"type":"if","locations":[{"start":{"line":14,"column":2},"end":{"line":17,"column":null}},{"start":{},"end":{}}],"line":14},"1":{"loc":{"start":{"line":15,"column":18},"end":{"line":15,"column":null}},"type":"binary-expr","locations":[{"start":{"line":15,"column":18},"end":{"line":15,"column":39}},{"start":{"line":15,"column":39},"end":{"line":15,"column":null}}],"line":15},"2":{"loc":{"start":{"line":27,"column":13},"end":{"line":27,"column":null}},"type":"cond-expr","locations":[{"start":{"line":27,"column":20},"end":{"line":27,"column":61}},{"start":{"line":27,"column":61},"end":{"line":27,"column":null}}],"line":27},"3":{"loc":{"start":{"line":28,"column":10},"end":{"line":28,"column":null}},"type":"cond-expr","locations":[{"start":{"line":28,"column":17},"end":{"line":28,"column":40}},{"start":{"line":28,"column":40},"end":{"line":28,"column":null}}],"line":28},"4":{"loc":{"start":{"line":46,"column":4},"end":{"line":48,"column":null}},"type":"if","locations":[{"start":{"line":46,"column":4},"end":{"line":48,"column":null}},{"start":{},"end":{}}],"line":46},"5":{"loc":{"start":{"line":46,"column":8},"end":{"line":46,"column":69}},"type":"binary-expr","locations":[{"start":{"line":46,"column":8},"end":{"line":46,"column":49}},{"start":{"line":46,"column":49},"end":{"line":46,"column":69}}],"line":46}},"s":{"0":0,"1":0,"2":0,"3":0,"4":0,"5":0,"6":0,"7":0,"8":0,"9":0,"10":0,"11":0,"12":0,"13":0},"f":{"0":0,"1":0,"2":0,"3":0},"b":{"0":[0,0],"1":[0,0],"2":[0,0],"3":[0,0],"4":[0,0],"5":[0,0]},"meta":{"lastBranch":6,"lastFunction":4,"lastStatement":14,"seen":{"f:13:15:13:31":0,"b:14:2:17:Infinity:undefined:undefined:undefined:undefined":0,"s:14:2:17:Infinity":0,"s:15:18:15:Infinity":1,"b:15:18:15:39:15:39:15:Infinity":1,"s:16:4:16:Infinity":2,"f:20:22:20:Infinity":1,"s:25:14:30:Infinity":3,"b:27:20:27:61:27:61:27:Infinity":2,"b:28:17:28:40:28:40:28:Infinity":3,"s:32:2:32:Infinity":4,"s:33:2:33:Infinity":5,"s:40:2:52:Infinity":6,"f:40:2:40:3":2,"s:41:2:52:Infinity":7,"f:41:2:41:9":3,"s:42:16:44:Infinity":8,"b:46:4:48:Infinity:undefined:undefined:undefined:undefined":4,"s:46:4:48:Infinity":9,"b:46:8:46:49:46:49:46:69":5,"s:47:6:47:Infinity":10,"s:50:4:50:Infinity":11,"s:51:4:51:Infinity":12,"s:54:27:67:Infinity":13}}}
,"C:\\dev\\secure_file\\client\\src\\lib\\utils.ts": {"path":"C:\\dev\\secure_file\\client\\src\\lib\\utils.ts","statementMap":{"0":{"start":{"line":15,"column":2},"end":{"line":15,"column":null}}},"fnMap":{"0":{"name":"cn","decl":{"start":{"line":14,"column":16},"end":{"line":14,"column":22}},"loc":{"start":{"line":14,"column":44},"end":{"line":16,"column":null}},"line":14}},"branchMap":{},"s":{"0":0},"f":{"0":0},"b":{},"meta":{"lastBranch":0,"lastFunction":1,"lastStatement":1,"seen":{"f:14:16:14:22":0,"s:15:2:15:Infinity":0}}}
,"C:\\dev\\secure_file\\server\\db.ts": {"path":"C:\\dev\\secure_file\\server\\db.ts","statementMap":{"0":{"start":{"line":15,"column":17},"end":{"line":15,"column":null}},"1":{"start":{"line":17,"column":0},"end":{"line":21,"column":null}},"2":{"start":{"line":18,"column":2},"end":{"line":20,"column":null}},"3":{"start":{"line":23,"column":20},"end":{"line":23,"column":null}},"4":{"start":{"line":24,"column":13},"end":{"line":24,"column":null}}},"fnMap":{},"branchMap":{"0":{"loc":{"start":{"line":17,"column":0},"end":{"line":21,"column":null}},"type":"if","locations":[{"start":{"line":17,"column":0},"end":{"line":21,"column":null}},{"start":{},"end":{}}],"line":17}},"s":{"0":0,"1":0,"2":0,"3":0,"4":0},"f":{},"b":{"0":[0,0]},"meta":{"lastBranch":1,"lastFunction":0,"lastStatement":5,"seen":{"s:15:17:15:Infinity":0,"b:17:0:21:Infinity:undefined:undefined:undefined:undefined":0,"s:17:0:21:Infinity":1,"s:18:2:20:Infinity":2,"s:23:20:23:Infinity":3,"s:24:13:24:Infinity":4}}}
,"C:\\dev\\secure_file\\server\\routes.ts": {"path":"C:\\dev\\secure_file\\server\\routes.ts","statementMap":{"0":{"start":{"line":21,"column":29},"end":{"line":21,"column":null}},"1":{"start":{"line":27,"column":2},"end":{"line":27,"column":null}},"2":{"start":{"line":28,"column":2},"end":{"line":28,"column":null}},"3":{"start":{"line":29,"column":2},"end":{"line":29,"column":null}},"4":{"start":{"line":31,"column":2},"end":{"line":41,"column":null}},"5":{"start":{"line":32,"column":4},"end":{"line":40,"column":null}},"6":{"start":{"line":33,"column":21},"end":{"line":33,"column":null}},"7":{"start":{"line":34,"column":23},"end":{"line":34,"column":null}},"8":{"start":{"line":35,"column":22},"end":{"line":35,"column":null}},"9":{"start":{"line":36,"column":6},"end":{"line":36,"column":null}},"10":{"start":{"line":38,"column":6},"end":{"line":38,"column":null}},"11":{"start":{"line":39,"column":6},"end":{"line":39,"column":null}},"12":{"start":{"line":43,"column":2},"end":{"line":60,"column":null}},"13":{"start":{"line":44,"column":4},"end":{"line":59,"column":null}},"14":{"start":{"line":45,"column":21},"end":{"line":45,"column":null}},"15":{"start":{"line":46,"column":21},"end":{"line":46,"column":null}},"16":{"start":{"line":47,"column":6},"end":{"line":49,"column":null}},"17":{"start":{"line":48,"column":8},"end":{"line":48,"column":null}},"18":{"start":{"line":51,"column":6},"end":{"line":53,"column":null}},"19":{"start":{"line":52,"column":8},"end":{"line":52,"column":null}},"20":{"start":{"line":54,"column":19},"end":{"line":54,"column":null}},"21":{"start":{"line":55,"column":6},"end":{"line":55,"column":null}},"22":{"start":{"line":57,"column":6},"end":{"line":57,"column":null}},"23":{"start":{"line":58,"column":6},"end":{"line":58,"column":null}},"24":{"start":{"line":62,"column":2},"end":{"line":80,"column":null}},"25":{"start":{"line":63,"column":4},"end":{"line":79,"column":null}},"26":{"start":{"line":64,"column":21},"end":{"line":64,"column":null}},"27":{"start":{"line":65,"column":19},"end":{"line":69,"column":null}},"28":{"start":{"line":70,"column":21},"end":{"line":70,"column":null}},"29":{"start":{"line":71,"column":6},"end":{"line":71,"column":null}},"30":{"start":{"line":73,"column":6},"end":{"line":73,"column":null}},"31":{"start":{"line":74,"column":6},"end":{"line":78,"column":null}},"32":{"start":{"line":75,"column":8},"end":{"line":75,"column":null}},"33":{"start":{"line":77,"column":8},"end":{"line":77,"column":null}},"34":{"start":{"line":82,"column":2},"end":{"line":91,"column":null}},"35":{"start":{"line":83,"column":4},"end":{"line":90,"column":null}},"36":{"start":{"line":84,"column":21},"end":{"line":84,"column":null}},"37":{"start":{"line":85,"column":6},"end":{"line":85,"column":null}},"38":{"start":{"line":86,"column":6},"end":{"line":86,"column":null}},"39":{"start":{"line":88,"column":6},"end":{"line":88,"column":null}},"40":{"start":{"line":89,"column":6},"end":{"line":89,"column":null}},"41":{"start":{"line":93,"column":2},"end":{"line":103,"column":null}},"42":{"start":{"line":94,"column":4},"end":{"line":102,"column":null}},"43":{"start":{"line":95,"column":21},"end":{"line":95,"column":null}},"44":{"start":{"line":96,"column":23},"end":{"line":96,"column":null}},"45":{"start":{"line":97,"column":20},"end":{"line":97,"column":null}},"46":{"start":{"line":98,"column":6},"end":{"line":98,"column":null}},"47":{"start":{"line":100,"column":6},"end":{"line":100,"column":null}},"48":{"start":{"line":101,"column":6},"end":{"line":101,"column":null}},"49":{"start":{"line":105,"column":2},"end":{"line":129,"column":null}},"50":{"start":{"line":106,"column":4},"end":{"line":128,"column":null}},"51":{"start":{"line":107,"column":21},"end":{"line":107,"column":null}},"52":{"start":{"line":110,"column":35},"end":{"line":110,"column":null}},"53":{"start":{"line":112,"column":19},"end":{"line":117,"column":null}},"54":{"start":{"line":119,"column":19},"end":{"line":119,"column":null}},"55":{"start":{"line":120,"column":6},"end":{"line":120,"column":null}},"56":{"start":{"line":122,"column":6},"end":{"line":122,"column":null}},"57":{"start":{"line":123,"column":6},"end":{"line":127,"column":null}},"58":{"start":{"line":124,"column":8},"end":{"line":124,"column":null}},"59":{"start":{"line":126,"column":8},"end":{"line":126,"column":null}},"60":{"start":{"line":131,"column":2},"end":{"line":140,"column":null}},"61":{"start":{"line":132,"column":4},"end":{"line":139,"column":null}},"62":{"start":{"line":133,"column":21},"end":{"line":133,"column":null}},"63":{"start":{"line":134,"column":6},"end":{"line":134,"column":null}},"64":{"start":{"line":135,"column":6},"end":{"line":135,"column":null}},"65":{"start":{"line":137,"column":6},"end":{"line":137,"column":null}},"66":{"start":{"line":138,"column":6},"end":{"line":138,"column":null}},"67":{"start":{"line":142,"column":2},"end":{"line":158,"column":null}},"68":{"start":{"line":143,"column":4},"end":{"line":157,"column":null}},"69":{"start":{"line":144,"column":21},"end":{"line":144,"column":null}},"70":{"start":{"line":145,"column":19},"end":{"line":145,"column":null}},"71":{"start":{"line":146,"column":6},"end":{"line":148,"column":null}},"72":{"start":{"line":147,"column":8},"end":{"line":147,"column":null}},"73":{"start":{"line":149,"column":6},"end":{"line":151,"column":null}},"74":{"start":{"line":150,"column":8},"end":{"line":150,"column":null}},"75":{"start":{"line":152,"column":21},"end":{"line":152,"column":null}},"76":{"start":{"line":153,"column":6},"end":{"line":153,"column":null}},"77":{"start":{"line":155,"column":6},"end":{"line":155,"column":null}},"78":{"start":{"line":156,"column":6},"end":{"line":156,"column":null}},"79":{"start":{"line":160,"column":28},"end":{"line":164,"column":null}},"80":{"start":{"line":166,"column":2},"end":{"line":202,"column":null}},"81":{"start":{"line":167,"column":4},"end":{"line":201,"column":null}},"82":{"start":{"line":168,"column":25},"end":{"line":168,"column":null}},"83":{"start":{"line":169,"column":6},"end":{"line":171,"column":null}},"84":{"start":{"line":170,"column":8},"end":{"line":170,"column":null}},"85":{"start":{"line":173,"column":46},"end":{"line":173,"column":null}},"86":{"start":{"line":175,"column":19},"end":{"line":175,"column":null}},"87":{"start":{"line":176,"column":6},"end":{"line":178,"column":null}},"88":{"start":{"line":177,"column":8},"end":{"line":177,"column":null}},"89":{"start":{"line":180,"column":6},"end":{"line":182,"column":null}},"90":{"start":{"line":181,"column":8},"end":{"line":181,"column":null}},"91":{"start":{"line":184,"column":27},"end":{"line":184,"column":null}},"92":{"start":{"line":185,"column":6},"end":{"line":188,"column":null}},"93":{"start":{"line":187,"column":8},"end":{"line":187,"column":null}},"94":{"start":{"line":190,"column":24},"end":{"line":195,"column":null}},"95":{"start":{"line":197,"column":6},"end":{"line":197,"column":null}},"96":{"start":{"line":199,"column":6},"end":{"line":199,"column":null}},"97":{"start":{"line":200,"column":6},"end":{"line":200,"column":null}},"98":{"start":{"line":204,"column":2},"end":{"line":224,"column":null}},"99":{"start":{"line":205,"column":4},"end":{"line":223,"column":null}},"100":{"start":{"line":206,"column":21},"end":{"line":206,"column":null}},"101":{"start":{"line":207,"column":24},"end":{"line":207,"column":null}},"102":{"start":{"line":209,"column":6},"end":{"line":211,"column":null}},"103":{"start":{"line":210,"column":8},"end":{"line":210,"column":null}},"104":{"start":{"line":213,"column":19},"end":{"line":213,"column":null}},"105":{"start":{"line":214,"column":6},"end":{"line":216,"column":null}},"106":{"start":{"line":215,"column":8},"end":{"line":215,"column":null}},"107":{"start":{"line":218,"column":6},"end":{"line":218,"column":null}},"108":{"start":{"line":219,"column":6},"end":{"line":219,"column":null}},"109":{"start":{"line":221,"column":6},"end":{"line":221,"column":null}},"110":{"start":{"line":222,"column":6},"end":{"line":222,"column":null}},"111":{"start":{"line":226,"column":2},"end":{"line":255,"column":null}},"112":{"start":{"line":227,"column":4},"end":{"line":254,"column":null}},"113":{"start":{"line":228,"column":20},"end":{"line":228,"column":null}},"114":{"start":{"line":229,"column":24},"end":{"line":229,"column":null}},"115":{"start":{"line":230,"column":6},"end":{"line":232,"column":null}},"116":{"start":{"line":231,"column":8},"end":{"line":231,"column":null}},"117":{"start":{"line":234,"column":19},"end":{"line":234,"column":null}},"118":{"start":{"line":235,"column":6},"end":{"line":237,"column":null}},"119":{"start":{"line":236,"column":8},"end":{"line":236,"column":null}},"120":{"start":{"line":239,"column":24},"end":{"line":239,"column":null}},"121":{"start":{"line":241,"column":6},"end":{"line":250,"column":null}},"122":{"start":{"line":252,"column":6},"end":{"line":252,"column":null}},"123":{"start":{"line":253,"column":6},"end":{"line":253,"column":null}},"124":{"start":{"line":257,"column":2},"end":{"line":297,"column":null}},"125":{"start":{"line":258,"column":4},"end":{"line":296,"column":null}},"126":{"start":{"line":259,"column":20},"end":{"line":259,"column":null}},"127":{"start":{"line":260,"column":24},"end":{"line":260,"column":null}},"128":{"start":{"line":261,"column":6},"end":{"line":263,"column":null}},"129":{"start":{"line":262,"column":8},"end":{"line":262,"column":null}},"130":{"start":{"line":266,"column":6},"end":{"line":268,"column":null}},"131":{"start":{"line":267,"column":8},"end":{"line":267,"column":null}},"132":{"start":{"line":270,"column":6},"end":{"line":280,"column":null}},"133":{"start":{"line":271,"column":29},"end":{"line":271,"column":null}},"134":{"start":{"line":272,"column":8},"end":{"line":274,"column":null}},"135":{"start":{"line":273,"column":10},"end":{"line":273,"column":null}},"136":{"start":{"line":276,"column":24},"end":{"line":276,"column":null}},"137":{"start":{"line":277,"column":8},"end":{"line":279,"column":null}},"138":{"start":{"line":278,"column":10},"end":{"line":278,"column":null}},"139":{"start":{"line":282,"column":19},"end":{"line":282,"column":null}},"140":{"start":{"line":283,"column":6},"end":{"line":285,"column":null}},"141":{"start":{"line":284,"column":8},"end":{"line":284,"column":null}},"142":{"start":{"line":287,"column":6},"end":{"line":287,"column":null}},"143":{"start":{"line":289,"column":6},"end":{"line":292,"column":null}},"144":{"start":{"line":294,"column":6},"end":{"line":294,"column":null}},"145":{"start":{"line":295,"column":6},"end":{"line":295,"column":null}},"146":{"start":{"line":299,"column":2},"end":{"line":308,"column":null}},"147":{"start":{"line":300,"column":4},"end":{"line":307,"column":null}},"148":{"start":{"line":301,"column":21},"end":{"line":301,"column":null}},"149":{"start":{"line":302,"column":20},"end":{"line":302,"column":null}},"150":{"start":{"line":303,"column":6},"end":{"line":303,"column":null}},"151":{"start":{"line":305,"column":6},"end":{"line":305,"column":null}},"152":{"start":{"line":306,"column":6},"end":{"line":306,"column":null}},"153":{"start":{"line":310,"column":2},"end":{"line":310,"column":null}}},"fnMap":{"0":{"name":"registerRoutes","decl":{"start":{"line":23,"column":22},"end":{"line":23,"column":null}},"loc":{"start":{"line":26,"column":19},"end":{"line":311,"column":null}},"line":26},"1":{"name":"(anonymous_1)","decl":{"start":{"line":31,"column":43},"end":{"line":31,"column":50}},"loc":{"start":{"line":31,"column":68},"end":{"line":41,"column":3}},"line":31},"2":{"name":"(anonymous_2)","decl":{"start":{"line":43,"column":58},"end":{"line":43,"column":65}},"loc":{"start":{"line":43,"column":83},"end":{"line":60,"column":3}},"line":43},"3":{"name":"(anonymous_3)","decl":{"start":{"line":62,"column":44},"end":{"line":62,"column":51}},"loc":{"start":{"line":62,"column":69},"end":{"line":80,"column":3}},"line":62},"4":{"name":"(anonymous_4)","decl":{"start":{"line":82,"column":50},"end":{"line":82,"column":57}},"loc":{"start":{"line":82,"column":75},"end":{"line":91,"column":3}},"line":82},"5":{"name":"(anonymous_5)","decl":{"start":{"line":93,"column":41},"end":{"line":93,"column":48}},"loc":{"start":{"line":93,"column":66},"end":{"line":103,"column":3}},"line":93},"6":{"name":"(anonymous_6)","decl":{"start":{"line":105,"column":42},"end":{"line":105,"column":49}},"loc":{"start":{"line":105,"column":67},"end":{"line":129,"column":3}},"line":105},"7":{"name":"(anonymous_7)","decl":{"start":{"line":131,"column":48},"end":{"line":131,"column":55}},"loc":{"start":{"line":131,"column":73},"end":{"line":140,"column":3}},"line":131},"8":{"name":"(anonymous_8)","decl":{"start":{"line":142,"column":56},"end":{"line":142,"column":63}},"loc":{"start":{"line":142,"column":81},"end":{"line":158,"column":3}},"line":142},"9":{"name":"(anonymous_9)","decl":{"start":{"line":166,"column":43},"end":{"line":166,"column":50}},"loc":{"start":{"line":166,"column":68},"end":{"line":202,"column":3}},"line":166},"10":{"name":"(anonymous_10)","decl":{"start":{"line":204,"column":49},"end":{"line":204,"column":56}},"loc":{"start":{"line":204,"column":74},"end":{"line":224,"column":3}},"line":204},"11":{"name":"(anonymous_11)","decl":{"start":{"line":226,"column":59},"end":{"line":226,"column":66}},"loc":{"start":{"line":226,"column":79},"end":{"line":255,"column":3}},"line":226},"12":{"name":"(anonymous_12)","decl":{"start":{"line":257,"column":64},"end":{"line":257,"column":71}},"loc":{"start":{"line":257,"column":84},"end":{"line":297,"column":3}},"line":257},"13":{"name":"(anonymous_13)","decl":{"start":{"line":299,"column":41},"end":{"line":299,"column":48}},"loc":{"start":{"line":299,"column":66},"end":{"line":308,"column":3}},"line":299}},"branchMap":{"0":{"loc":{"start":{"line":35,"column":63},"end":{"line":35,"column":79}},"type":"binary-expr","locations":[{"start":{"line":35,"column":63},"end":{"line":35,"column":75}},{"start":{"line":35,"column":75},"end":{"line":35,"column":79}}],"line":35},"1":{"loc":{"start":{"line":47,"column":6},"end":{"line":49,"column":null}},"type":"if","locations":[{"start":{"line":47,"column":6},"end":{"line":49,"column":null}},{"start":{},"end":{}}],"line":47},"2":{"loc":{"start":{"line":51,"column":6},"end":{"line":53,"column":null}},"type":"if","locations":[{"start":{"line":51,"column":6},"end":{"line":53,"column":null}},{"start":{},"end":{}}],"line":51},"3":{"loc":{"start":{"line":68,"column":18},"end":{"line":68,"column":null}},"type":"binary-expr","locations":[{"start":{"line":68,"column":18},"end":{"line":68,"column":39}},{"start":{"line":68,"column":39},"end":{"line":68,"column":null}}],"line":68},"4":{"loc":{"start":{"line":74,"column":6},"end":{"line":78,"column":null}},"type":"if","locations":[{"start":{"line":74,"column":6},"end":{"line":78,"column":null}},{"start":{"line":76,"column":13},"end":{"line":78,"column":null}}],"line":74},"5":{"loc":{"start":{"line":97,"column":59},"end":{"line":97,"column":75}},"type":"binary-expr","locations":[{"start":{"line":97,"column":59},"end":{"line":97,"column":71}},{"start":{"line":97,"column":71},"end":{"line":97,"column":75}}],"line":97},"6":{"loc":{"start":{"line":116,"column":18},"end":{"line":116,"column":null}},"type":"binary-expr","locations":[{"start":{"line":116,"column":18},"end":{"line":116,"column":39}},{"start":{"line":116,"column":39},"end":{"line":116,"column":null}}],"line":116},"7":{"loc":{"start":{"line":123,"column":6},"end":{"line":127,"column":null}},"type":"if","locations":[{"start":{"line":123,"column":6},"end":{"line":127,"column":null}},{"start":{"line":125,"column":13},"end":{"line":127,"column":null}}],"line":123},"8":{"loc":{"start":{"line":146,"column":6},"end":{"line":148,"column":null}},"type":"if","locations":[{"start":{"line":146,"column":6},"end":{"line":148,"column":null}},{"start":{},"end":{}}],"line":146},"9":{"loc":{"start":{"line":149,"column":6},"end":{"line":151,"column":null}},"type":"if","locations":[{"start":{"line":149,"column":6},"end":{"line":151,"column":null}},{"start":{},"end":{}}],"line":149},"10":{"loc":{"start":{"line":169,"column":6},"end":{"line":171,"column":null}},"type":"if","locations":[{"start":{"line":169,"column":6},"end":{"line":171,"column":null}},{"start":{},"end":{}}],"line":169},"11":{"loc":{"start":{"line":176,"column":6},"end":{"line":178,"column":null}},"type":"if","locations":[{"start":{"line":176,"column":6},"end":{"line":178,"column":null}},{"start":{},"end":{}}],"line":176},"12":{"loc":{"start":{"line":180,"column":6},"end":{"line":182,"column":null}},"type":"if","locations":[{"start":{"line":180,"column":6},"end":{"line":182,"column":null}},{"start":{},"end":{}}],"line":180},"13":{"loc":{"start":{"line":185,"column":6},"end":{"line":188,"column":null}},"type":"if","locations":[{"start":{"line":185,"column":6},"end":{"line":188,"column":null}},{"start":{},"end":{}}],"line":185},"14":{"loc":{"start":{"line":193,"column":19},"end":{"line":193,"column":null}},"type":"cond-expr","locations":[{"start":{"line":193,"column":31},"end":{"line":193,"column":53}},{"start":{"line":193,"column":53},"end":{"line":193,"column":null}}],"line":193},"15":{"loc":{"start":{"line":209,"column":6},"end":{"line":211,"column":null}},"type":"if","locations":[{"start":{"line":209,"column":6},"end":{"line":211,"column":null}},{"start":{},"end":{}}],"line":209},"16":{"loc":{"start":{"line":214,"column":6},"end":{"line":216,"column":null}},"type":"if","locations":[{"start":{"line":214,"column":6},"end":{"line":216,"column":null}},{"start":{},"end":{}}],"line":214},"17":{"loc":{"start":{"line":214,"column":10},"end":{"line":214,"column":43}},"type":"binary-expr","locations":[{"start":{"line":214,"column":10},"end":{"line":214,"column":19}},{"start":{"line":214,"column":19},"end":{"line":214,"column":43}}],"line":214},"18":{"loc":{"start":{"line":228,"column":20},"end":{"line":228,"column":null}},"type":"cond-expr","locations":[{"start":{"line":228,"column":59},"end":{"line":228,"column":78}},{"start":{"line":228,"column":78},"end":{"line":228,"column":null}}],"line":228},"19":{"loc":{"start":{"line":230,"column":6},"end":{"line":232,"column":null}},"type":"if","locations":[{"start":{"line":230,"column":6},"end":{"line":232,"column":null}},{"start":{},"end":{}}],"line":230},"20":{"loc":{"start":{"line":230,"column":10},"end":{"line":230,"column":45}},"type":"binary-expr","locations":[{"start":{"line":230,"column":10},"end":{"line":230,"column":24}},{"start":{"line":230,"column":24},"end":{"line":230,"column":45}}],"line":230},"21":{"loc":{"start":{"line":235,"column":6},"end":{"line":237,"column":null}},"type":"if","locations":[{"start":{"line":235,"column":6},"end":{"line":237,"column":null}},{"start":{},"end":{}}],"line":235},"22":{"loc":{"start":{"line":239,"column":24},"end":{"line":239,"column":null}},"type":"binary-expr","locations":[{"start":{"line":239,"column":24},"end":{"line":239,"column":47}},{"start":{"line":239,"column":47},"end":{"line":239,"column":null}}],"line":239},"23":{"loc":{"start":{"line":249,"column":23},"end":{"line":249,"column":null}},"type":"binary-expr","locations":[{"start":{"line":249,"column":23},"end":{"line":249,"column":50}},{"start":{"line":249,"column":50},"end":{"line":249,"column":null}}],"line":249},"24":{"loc":{"start":{"line":259,"column":20},"end":{"line":259,"column":null}},"type":"cond-expr","locations":[{"start":{"line":259,"column":59},"end":{"line":259,"column":78}},{"start":{"line":259,"column":78},"end":{"line":259,"column":null}}],"line":259},"25":{"loc":{"start":{"line":261,"column":6},"end":{"line":263,"column":null}},"type":"if","locations":[{"start":{"line":261,"column":6},"end":{"line":263,"column":null}},{"start":{},"end":{}}],"line":261},"26":{"loc":{"start":{"line":261,"column":10},"end":{"line":261,"column":45}},"type":"binary-expr","locations":[{"start":{"line":261,"column":10},"end":{"line":261,"column":24}},{"start":{"line":261,"column":24},"end":{"line":261,"column":45}}],"line":261},"27":{"loc":{"start":{"line":266,"column":6},"end":{"line":268,"column":null}},"type":"if","locations":[{"start":{"line":266,"column":6},"end":{"line":268,"column":null}},{"start":{},"end":{}}],"line":266},"28":{"loc":{"start":{"line":266,"column":10},"end":{"line":266,"column":77}},"type":"binary-expr","locations":[{"start":{"line":266,"column":10},"end":{"line":266,"column":33}},{"start":{"line":266,"column":33},"end":{"line":266,"column":77}}],"line":266},"29":{"loc":{"start":{"line":270,"column":6},"end":{"line":280,"column":null}},"type":"if","locations":[{"start":{"line":270,"column":6},"end":{"line":280,"column":null}},{"start":{},"end":{}}],"line":270},"30":{"loc":{"start":{"line":272,"column":8},"end":{"line":274,"column":null}},"type":"if","locations":[{"start":{"line":272,"column":8},"end":{"line":274,"column":null}},{"start":{},"end":{}}],"line":272},"31":{"loc":{"start":{"line":277,"column":8},"end":{"line":279,"column":null}},"type":"if","locations":[{"start":{"line":277,"column":8},"end":{"line":279,"column":null}},{"start":{},"end":{}}],"line":277},"32":{"loc":{"start":{"line":283,"column":6},"end":{"line":285,"column":null}},"type":"if","locations":[{"start":{"line":283,"column":6},"end":{"line":285,"column":null}},{"start":{},"end":{}}],"line":283}},"s":{"0":0,"1":0,"2":0,"3":0,"4":0,"5":0,"6":0,"7":0,"8":0,"9":0,"10":0,"11":0,"12":0,"13":0,"14":0,"15":0,"16":0,"17":0,"18":0,"19":0,"20":0,"21":0,"22":0,"23":0,"24":0,"25":0,"26":0,"27":0,"28":0,"29":0,"30":0,"31":0,"32":0,"33":0,"34":0,"35":0,"36":0,"37":0,"38":0,"39":0,"40":0,"41":0,"42":0,"43":0,"44":0,"45":0,"46":0,"47":0,"48":0,"49":0,"50":0,"51":0,"52":0,"53":0,"54":0,"55":0,"56":0,"57":0,"58":0,"59":0,"60":0,"61":0,"62":0,"63":0,"64":0,"65":0,"66":0,"67":0,"68":0,"69":0,"70":0,"71":0,"72":0,"73":0,"74":0,"75":0,"76":0,"77":0,"78":0,"79":0,"80":0,"81":0,"82":0,"83":0,"84":0,"85":0,"86":0,"87":0,"88":0,"89":0,"90":0,"91":0,"92":0,"93":0,"94":0,"95":0,"96":0,"97":0,"98":0,"99":0,"100":0,"101":0,"102":0,"103":0,"104":0,"105":0,"106":0,"107":0,"108":0,"109":0,"110":0,"111":0,"112":0,"113":0,"114":0,"115":0,"116":0,"117":0,"118":0,"119":0,"120":0,"121":0,"122":0,"123":0,"124":0,"125":0,"126":0,"127":0,"128":0,"129":0,"130":0,"131":0,"132":0,"133":0,"134":0,"135":0,"136":0,"137":0,"138":0,"139":0,"140":0,"141":0,"142":0,"143":0,"144":0,"145":0,"146":0,"147":0,"148":0,"149":0,"150":0,"151":0,"152":0,"153":0},"f":{"0":0,"1":0,"2":0,"3":0,"4":0,"5":0,"6":0,"7":0,"8":0,"9":0,"10":0,"11":0,"12":0,"13":0},"b":{"0":[0,0],"1":[0,0],"2":[0,0],"3":[0,0],"4":[0,0],"5":[0,0],"6":[0,0],"7":[0,0],"8":[0,0],"9":[0,0],"10":[0,0],"11":[0,0],"12":[0,0],"13":[0,0],"14":[0,0],"15":[0,0],"16":[0,0],"17":[0,0],"18":[0,0],"19":[0,0],"20":[0,0],"21":[0,0],"22":[0,0],"23":[0,0],"24":[0,0],"25":[0,0],"26":[0,0],"27":[0,0],"28":[0,0],"29":[0,0],"30":[0,0],"31":[0,0],"32":[0,0]},"meta":{"lastBranch":33,"lastFunction":14,"lastStatement":154,"seen":{"s:21:29:21:Infinity":0,"f:23:22:23:Infinity":0,"s:27:2:27:Infinity":1,"s:28:2:28:Infinity":2,"s:29:2:29:Infinity":3,"s:31:2:41:Infinity":4,"f:31:43:31:50":1,"s:32:4:40:Infinity":5,"s:33:21:33:Infinity":6,"s:34:23:34:Infinity":7,"s:35:22:35:Infinity":8,"b:35:63:35:75:35:75:35:79":0,"s:36:6:36:Infinity":9,"s:38:6:38:Infinity":10,"s:39:6:39:Infinity":11,"s:43:2:60:Infinity":12,"f:43:58:43:65":2,"s:44:4:59:Infinity":13,"s:45:21:45:Infinity":14,"s:46:21:46:Infinity":15,"b:47:6:49:Infinity:undefined:undefined:undefined:undefined":1,"s:47:6:49:Infinity":16,"s:48:8:48:Infinity":17,"b:51:6:53:Infinity:undefined:undefined:undefined:undefined":2,"s:51:6:53:Infinity":18,"s:52:8:52:Infinity":19,"s:54:19:54:Infinity":20,"s:55:6:55:Infinity":21,"s:57:6:57:Infinity":22,"s:58:6:58:Infinity":23,"s:62:2:80:Infinity":24,"f:62:44:62:51":3,"s:63:4:79:Infinity":25,"s:64:21:64:Infinity":26,"s:65:19:69:Infinity":27,"b:68:18:68:39:68:39:68:Infinity":3,"s:70:21:70:Infinity":28,"s:71:6:71:Infinity":29,"s:73:6:73:Infinity":30,"b:74:6:78:Infinity:76:13:78:Infinity":4,"s:74:6:78:Infinity":31,"s:75:8:75:Infinity":32,"s:77:8:77:Infinity":33,"s:82:2:91:Infinity":34,"f:82:50:82:57":4,"s:83:4:90:Infinity":35,"s:84:21:84:Infinity":36,"s:85:6:85:Infinity":37,"s:86:6:86:Infinity":38,"s:88:6:88:Infinity":39,"s:89:6:89:Infinity":40,"s:93:2:103:Infinity":41,"f:93:41:93:48":5,"s:94:4:102:Infinity":42,"s:95:21:95:Infinity":43,"s:96:23:96:Infinity":44,"s:97:20:97:Infinity":45,"b:97:59:97:71:97:71:97:75":5,"s:98:6:98:Infinity":46,"s:100:6:100:Infinity":47,"s:101:6:101:Infinity":48,"s:105:2:129:Infinity":49,"f:105:42:105:49":6,"s:106:4:128:Infinity":50,"s:107:21:107:Infinity":51,"s:110:35:110:Infinity":52,"s:112:19:117:Infinity":53,"b:116:18:116:39:116:39:116:Infinity":6,"s:119:19:119:Infinity":54,"s:120:6:120:Infinity":55,"s:122:6:122:Infinity":56,"b:123:6:127:Infinity:125:13:127:Infinity":7,"s:123:6:127:Infinity":57,"s:124:8:124:Infinity":58,"s:126:8:126:Infinity":59,"s:131:2:140:Infinity":60,"f:131:48:131:55":7,"s:132:4:139:Infinity":61,"s:133:21:133:Infinity":62,"s:134:6:134:Infinity":63,"s:135:6:135:Infinity":64,"s:137:6:137:Infinity":65,"s:138:6:138:Infinity":66,"s:142:2:158:Infinity":67,"f:142:56:142:63":8,"s:143:4:157:Infinity":68,"s:144:21:144:Infinity":69,"s:145:19:145:Infinity":70,"b:146:6:148:Infinity:undefined:undefined:undefined:undefined":8,"s:146:6:148:Infinity":71,"s:147:8:147:Infinity":72,"b:149:6:151:Infinity:undefined:undefined:undefined:undefined":9,"s:149:6:151:Infinity":73,"s:150:8:150:Infinity":74,"s:152:21:152:Infinity":75,"s:153:6:153:Infinity":76,"s:155:6:155:Infinity":77,"s:156:6:156:Infinity":78,"s:160:28:164:Infinity":79,"s:166:2:202:Infinity":80,"f:166:43:166:50":9,"s:167:4:201:Infinity":81,"s:168:25:168:Infinity":82,"b:169:6:171:Infinity:undefined:undefined:undefined:undefined":10,"s:169:6:171:Infinity":83,"s:170:8:170:Infinity":84,"s:173:46:173:Infinity":85,"s:175:19:175:Infinity":86,"b:176:6:178:Infinity:undefined:undefined:undefined:undefined":11,"s:176:6:178:Infinity":87,"s:177:8:177:Infinity":88,"b:180:6:182:Infinity:undefined:undefined:undefined:undefined":12,"s:180:6:182:Infinity":89,"s:181:8:181:Infinity":90,"s:184:27:184:Infinity":91,"b:185:6:188:Infinity:undefined:undefined:undefined:undefined":13,"s:185:6:188:Infinity":92,"s:187:8:187:Infinity":93,"s:190:24:195:Infinity":94,"b:193:31:193:53:193:53:193:Infinity":14,"s:197:6:197:Infinity":95,"s:199:6:199:Infinity":96,"s:200:6:200:Infinity":97,"s:204:2:224:Infinity":98,"f:204:49:204:56":10,"s:205:4:223:Infinity":99,"s:206:21:206:Infinity":100,"s:207:24:207:Infinity":101,"b:209:6:211:Infinity:undefined:undefined:undefined:undefined":15,"s:209:6:211:Infinity":102,"s:210:8:210:Infinity":103,"s:213:19:213:Infinity":104,"b:214:6:216:Infinity:undefined:undefined:undefined:undefined":16,"s:214:6:216:Infinity":105,"b:214:10:214:19:214:19:214:43":17,"s:215:8:215:Infinity":106,"s:218:6:218:Infinity":107,"s:219:6:219:Infinity":108,"s:221:6:221:Infinity":109,"s:222:6:222:Infinity":110,"s:226:2:255:Infinity":111,"f:226:59:226:66":11,"s:227:4:254:Infinity":112,"s:228:20:228:Infinity":113,"b:228:59:228:78:228:78:228:Infinity":18,"s:229:24:229:Infinity":114,"b:230:6:232:Infinity:undefined:undefined:undefined:undefined":19,"s:230:6:232:Infinity":115,"b:230:10:230:24:230:24:230:45":20,"s:231:8:231:Infinity":116,"s:234:19:234:Infinity":117,"b:235:6:237:Infinity:undefined:undefined:undefined:undefined":21,"s:235:6:237:Infinity":118,"s:236:8:236:Infinity":119,"s:239:24:239:Infinity":120,"b:239:24:239:47:239:47:239:Infinity":22,"s:241:6:250:Infinity":121,"b:249:23:249:50:249:50:249:Infinity":23,"s:252:6:252:Infinity":122,"s:253:6:253:Infinity":123,"s:257:2:297:Infinity":124,"f:257:64:257:71":12,"s:258:4:296:Infinity":125,"s:259:20:259:Infinity":126,"b:259:59:259:78:259:78:259:Infinity":24,"s:260:24:260:Infinity":127,"b:261:6:263:Infinity:undefined:undefined:undefined:undefined":25,"s:261:6:263:Infinity":128,"b:261:10:261:24:261:24:261:45":26,"s:262:8:262:Infinity":129,"b:266:6:268:Infinity:undefined:undefined:undefined:undefined":27,"s:266:6:268:Infinity":130,"b:266:10:266:33:266:33:266:77":28,"s:267:8:267:Infinity":131,"b:270:6:280:Infinity:undefined:undefined:undefined:undefined":29,"s:270:6:280:Infinity":132,"s:271:29:271:Infinity":133,"b:272:8:274:Infinity:undefined:undefined:undefined:undefined":30,"s:272:8:274:Infinity":134,"s:273:10:273:Infinity":135,"s:276:24:276:Infinity":136,"b:277:8:279:Infinity:undefined:undefined:undefined:undefined":31,"s:277:8:279:Infinity":137,"s:278:10:278:Infinity":138,"s:282:19:282:Infinity":139,"b:283:6:285:Infinity:undefined:undefined:undefined:undefined":32,"s:283:6:285:Infinity":140,"s:284:8:284:Infinity":141,"s:287:6:287:Infinity":142,"s:289:6:292:Infinity":143,"s:294:6:294:Infinity":144,"s:295:6:295:Infinity":145,"s:299:2:308:Infinity":146,"f:299:41:299:48":13,"s:300:4:307:Infinity":147,"s:301:21:301:Infinity":148,"s:302:20:302:Infinity":149,"s:303:6:303:Infinity":150,"s:305:6:305:Infinity":151,"s:306:6:306:Infinity":152,"s:310:2:310:Infinity":153}}}
,"C:\\dev\\secure_file\\server\\security.ts": {"path":"C:\\dev\\secure_file\\server\\security.ts","statementMap":{"0":{"start":{"line":20,"column":24},"end":{"line":30,"column":null}},"1":{"start":{"line":32,"column":2},"end":{"line":32,"column":null}},"2":{"start":{"line":35,"column":2},"end":{"line":37,"column":null}},"3":{"start":{"line":36,"column":4},"end":{"line":36,"column":null}},"4":{"start":{"line":40,"column":2},"end":{"line":40,"column":null}},"5":{"start":{"line":43,"column":2},"end":{"line":43,"column":null}},"6":{"start":{"line":46,"column":2},"end":{"line":46,"column":null}},"7":{"start":{"line":49,"column":2},"end":{"line":49,"column":null}},"8":{"start":{"line":52,"column":2},"end":{"line":52,"column":null}},"9":{"start":{"line":54,"column":2},"end":{"line":54,"column":null}},"10":{"start":{"line":62,"column":17},"end":{"line":62,"column":null}},"11":{"start":{"line":65,"column":25},"end":{"line":69,"column":null}},"12":{"start":{"line":73,"column":2},"end":{"line":75,"column":null}},"13":{"start":{"line":74,"column":4},"end":{"line":74,"column":null}},"14":{"start":{"line":78,"column":20},"end":{"line":85,"column":null}},"15":{"start":{"line":79,"column":4},"end":{"line":83,"column":null}},"16":{"start":{"line":81,"column":22},"end":{"line":81,"column":null}},"17":{"start":{"line":82,"column":6},"end":{"line":82,"column":null}},"18":{"start":{"line":84,"column":4},"end":{"line":84,"column":null}},"19":{"start":{"line":87,"column":2},"end":{"line":90,"column":null}},"20":{"start":{"line":88,"column":4},"end":{"line":88,"column":null}},"21":{"start":{"line":89,"column":4},"end":{"line":89,"column":null}},"22":{"start":{"line":93,"column":2},"end":{"line":98,"column":null}},"23":{"start":{"line":94,"column":4},"end":{"line":94,"column":null}},"24":{"start":{"line":95,"column":4},"end":{"line":95,"column":null}},"25":{"start":{"line":96,"column":4},"end":{"line":96,"column":null}},"26":{"start":{"line":97,"column":4},"end":{"line":97,"column":null}},"27":{"start":{"line":100,"column":2},"end":{"line":100,"column":null}},"28":{"start":{"line":108,"column":2},"end":{"line":108,"column":null}},"29":{"start":{"line":111,"column":16},"end":{"line":111,"column":null}},"30":{"start":{"line":112,"column":19},"end":{"line":112,"column":null}},"31":{"start":{"line":114,"column":4},"end":{"line":118,"column":null}},"32":{"start":{"line":115,"column":24},"end":{"line":115,"column":null}},"33":{"start":{"line":116,"column":6},"end":{"line":116,"column":null}},"34":{"start":{"line":117,"column":6},"end":{"line":117,"column":null}},"35":{"start":{"line":120,"column":4},"end":{"line":120,"column":null}},"36":{"start":{"line":121,"column":4},"end":{"line":121,"column":null}},"37":{"start":{"line":125,"column":4},"end":{"line":125,"column":null}},"38":{"start":{"line":130,"column":16},"end":{"line":130,"column":null}},"39":{"start":{"line":131,"column":20},"end":{"line":131,"column":null}},"40":{"start":{"line":132,"column":4},"end":{"line":136,"column":null}},"41":{"start":{"line":133,"column":6},"end":{"line":135,"column":null}},"42":{"start":{"line":134,"column":8},"end":{"line":134,"column":null}},"43":{"start":{"line":140,"column":23},"end":{"line":140,"column":null}},"44":{"start":{"line":143,"column":0},"end":{"line":143,"column":null}},"45":{"start":{"line":143,"column":18},"end":{"line":143,"column":44}},"46":{"start":{"line":162,"column":6},"end":{"line":162,"column":null}},"47":{"start":{"line":160,"column":28},"end":{"line":160,"column":null}},"48":{"start":{"line":164,"column":2},"end":{"line":191,"column":null}},"49":{"start":{"line":165,"column":16},"end":{"line":165,"column":null}},"50":{"start":{"line":166,"column":33},"end":{"line":166,"column":null}},"51":{"start":{"line":169,"column":4},"end":{"line":169,"column":null}},"52":{"start":{"line":170,"column":4},"end":{"line":170,"column":null}},"53":{"start":{"line":171,"column":4},"end":{"line":171,"column":null}},"54":{"start":{"line":173,"column":4},"end":{"line":179,"column":null}},"55":{"start":{"line":174,"column":6},"end":{"line":177,"column":null}},"56":{"start":{"line":178,"column":6},"end":{"line":178,"column":null}},"57":{"start":{"line":182,"column":4},"end":{"line":188,"column":null}},"58":{"start":{"line":183,"column":6},"end":{"line":187,"column":null}},"59":{"start":{"line":184,"column":8},"end":{"line":186,"column":null}},"60":{"start":{"line":185,"column":10},"end":{"line":185,"column":null}},"61":{"start":{"line":190,"column":4},"end":{"line":190,"column":null}},"62":{"start":{"line":198,"column":31},"end":{"line":209,"column":null}},"63":{"start":{"line":204,"column":15},"end":{"line":204,"column":null}},"64":{"start":{"line":205,"column":21},"end":{"line":205,"column":null}},"65":{"start":{"line":206,"column":4},"end":{"line":206,"column":null}},"66":{"start":{"line":215,"column":36},"end":{"line":219,"column":null}},"67":{"start":{"line":225,"column":30},"end":{"line":229,"column":null}},"68":{"start":{"line":236,"column":2},"end":{"line":236,"column":null}},"69":{"start":{"line":239,"column":2},"end":{"line":239,"column":null}},"70":{"start":{"line":242,"column":2},"end":{"line":242,"column":null}}},"fnMap":{"0":{"name":"securityHeaders","decl":{"start":{"line":17,"column":16},"end":{"line":17,"column":32}},"loc":{"start":{"line":17,"column":81},"end":{"line":55,"column":null}},"line":17},"1":{"name":"corsPolicy","decl":{"start":{"line":61,"column":16},"end":{"line":61,"column":27}},"loc":{"start":{"line":61,"column":76},"end":{"line":101,"column":null}},"line":61},"2":{"name":"(anonymous_2)","decl":{"start":{"line":78,"column":50},"end":{"line":78,"column":61}},"loc":{"start":{"line":78,"column":61},"end":{"line":85,"column":3}},"line":78},"3":{"name":"(anonymous_3)","decl":{"start":{"line":107,"column":0},"end":{"line":107,"column":6}},"loc":{"start":{"line":107,"column":0},"end":{"line":108,"column":null}},"line":107},"4":{"name":"(anonymous_4)","decl":{"start":{"line":110,"column":2},"end":{"line":110,"column":12}},"loc":{"start":{"line":110,"column":81},"end":{"line":122,"column":null}},"line":110},"5":{"name":"(anonymous_5)","decl":{"start":{"line":124,"column":2},"end":{"line":124,"column":8}},"loc":{"start":{"line":124,"column":27},"end":{"line":126,"column":null}},"line":124},"6":{"name":"(anonymous_6)","decl":{"start":{"line":129,"column":2},"end":{"line":129,"column":18}},"loc":{"start":{"line":129,"column":18},"end":{"line":137,"column":null}},"line":129},"7":{"name":"(anonymous_7)","decl":{"start":{"line":143,"column":12},"end":{"line":143,"column":18}},"loc":{"start":{"line":143,"column":18},"end":{"line":143,"column":44}},"line":143},"8":{"name":"createRateLimiter","decl":{"start":{"line":149,"column":16},"end":{"line":149,"column":34}},"loc":{"start":{"line":155,"column":3},"end":{"line":192,"column":null}},"line":155},"9":{"name":"(anonymous_9)","decl":{"start":{"line":160,"column":19},"end":{"line":160,"column":20}},"loc":{"start":{"line":160,"column":28},"end":{"line":160,"column":null}},"line":160},"10":{"name":"(anonymous_10)","decl":{"start":{"line":164,"column":9},"end":{"line":164,"column":10}},"loc":{"start":{"line":164,"column":62},"end":{"line":191,"column":null}},"line":164},"11":{"name":"(anonymous_11)","decl":{"start":{"line":183,"column":23},"end":{"line":183,"column":29}},"loc":{"start":{"line":183,"column":29},"end":{"line":187,"column":7}},"line":183},"12":{"name":"(anonymous_12)","decl":{"start":{"line":202,"column":16},"end":{"line":202,"column":17}},"loc":{"start":{"line":202,"column":25},"end":{"line":207,"column":null}},"line":202},"13":{"name":"applySecurityMiddleware","decl":{"start":{"line":234,"column":16},"end":{"line":234,"column":40}},"loc":{"start":{"line":234,"column":60},"end":{"line":246,"column":null}},"line":234}},"branchMap":{"0":{"loc":{"start":{"line":35,"column":2},"end":{"line":37,"column":null}},"type":"if","locations":[{"start":{"line":35,"column":2},"end":{"line":37,"column":null}},{"start":{},"end":{}}],"line":35},"1":{"loc":{"start":{"line":35,"column":6},"end":{"line":35,"column":66}},"type":"binary-expr","locations":[{"start":{"line":35,"column":6},"end":{"line":35,"column":20}},{"start":{"line":35,"column":20},"end":{"line":35,"column":66}}],"line":35},"2":{"loc":{"start":{"line":73,"column":2},"end":{"line":75,"column":null}},"type":"if","locations":[{"start":{"line":73,"column":2},"end":{"line":75,"column":null}},{"start":{},"end":{}}],"line":73},"3":{"loc":{"start":{"line":78,"column":20},"end":{"line":85,"column":null}},"type":"binary-expr","locations":[{"start":{"line":78,"column":20},"end":{"line":78,"column":30}},{"start":{"line":78,"column":30},"end":{"line":85,"column":null}}],"line":78},"4":{"loc":{"start":{"line":79,"column":4},"end":{"line":83,"column":null}},"type":"if","locations":[{"start":{"line":79,"column":4},"end":{"line":83,"column":null}},{"start":{},"end":{}}],"line":79},"5":{"loc":{"start":{"line":87,"column":2},"end":{"line":90,"column":null}},"type":"if","locations":[{"start":{"line":87,"column":2},"end":{"line":90,"column":null}},{"start":{},"end":{}}],"line":87},"6":{"loc":{"start":{"line":93,"column":2},"end":{"line":98,"column":null}},"type":"if","locations":[{"start":{"line":93,"column":2},"end":{"line":98,"column":null}},{"start":{},"end":{}}],"line":93},"7":{"loc":{"start":{"line":114,"column":4},"end":{"line":118,"column":null}},"type":"if","locations":[{"start":{"line":114,"column":4},"end":{"line":118,"column":null}},{"start":{},"end":{}}],"line":114},"8":{"loc":{"start":{"line":114,"column":8},"end":{"line":114,"column":43}},"type":"binary-expr","locations":[{"start":{"line":114,"column":8},"end":{"line":114,"column":19}},{"start":{"line":114,"column":19},"end":{"line":114,"column":43}}],"line":114},"9":{"loc":{"start":{"line":133,"column":6},"end":{"line":135,"column":null}},"type":"if","locations":[{"start":{"line":133,"column":6},"end":{"line":135,"column":null}},{"start":{},"end":{}}],"line":133},"10":{"loc":{"start":{"line":159,"column":4},"end":{"line":159,"column":null}},"type":"default-arg","locations":[{"start":{"line":159,"column":29},"end":{"line":159,"column":null}}],"line":159},"11":{"loc":{"start":{"line":160,"column":4},"end":{"line":160,"column":null}},"type":"default-arg","locations":[{"start":{"line":160,"column":19},"end":{"line":160,"column":null}}],"line":160},"12":{"loc":{"start":{"line":160,"column":28},"end":{"line":160,"column":null}},"type":"binary-expr","locations":[{"start":{"line":160,"column":28},"end":{"line":160,"column":38}},{"start":{"line":160,"column":38},"end":{"line":160,"column":66}},{"start":{"line":160,"column":66},"end":{"line":160,"column":null}}],"line":160},"13":{"loc":{"start":{"line":161,"column":4},"end":{"line":161,"column":null}},"type":"default-arg","locations":[{"start":{"line":161,"column":14},"end":{"line":161,"column":null}}],"line":161},"14":{"loc":{"start":{"line":173,"column":4},"end":{"line":179,"column":null}},"type":"if","locations":[{"start":{"line":173,"column":4},"end":{"line":179,"column":null}},{"start":{},"end":{}}],"line":173},"15":{"loc":{"start":{"line":182,"column":4},"end":{"line":188,"column":null}},"type":"if","locations":[{"start":{"line":182,"column":4},"end":{"line":188,"column":null}},{"start":{},"end":{}}],"line":182},"16":{"loc":{"start":{"line":184,"column":8},"end":{"line":186,"column":null}},"type":"if","locations":[{"start":{"line":184,"column":8},"end":{"line":186,"column":null}},{"start":{},"end":{}}],"line":184},"17":{"loc":{"start":{"line":204,"column":15},"end":{"line":204,"column":null}},"type":"binary-expr","locations":[{"start":{"line":204,"column":15},"end":{"line":204,"column":25}},{"start":{"line":204,"column":25},"end":{"line":204,"column":53}},{"start":{"line":204,"column":53},"end":{"line":204,"column":null}}],"line":204},"18":{"loc":{"start":{"line":205,"column":21},"end":{"line":205,"column":null}},"type":"binary-expr","locations":[{"start":{"line":205,"column":21},"end":{"line":205,"column":43}},{"start":{"line":205,"column":43},"end":{"line":205,"column":62}},{"start":{"line":205,"column":62},"end":{"line":205,"column":null}}],"line":205}},"s":{"0":0,"1":0,"2":0,"3":0,"4":0,"5":0,"6":0,"7":0,"8":0,"9":0,"10":0,"11":0,"12":0,"13":0,"14":0,"15":0,"16":0,"17":0,"18":0,"19":0,"20":0,"21":0,"22":0,"23":0,"24":0,"25":0,"26":0,"27":0,"28":0,"29":0,"30":0,"31":0,"32":0,"33":0,"34":0,"35":0,"36":0,"37":0,"38":0,"39":0,"40":0,"41":0,"42":0,"43":0,"44":0,"45":0,"46":0,"47":0,"48":0,"49":0,"50":0,"51":0,"52":0,"53":0,"54":0,"55":0,"56":0,"57":0,"58":0,"59":0,"60":0,"61":0,"62":0,"63":0,"64":0,"65":0,"66":0,"67":0,"68":0,"69":0,"70":0},"f":{"0":0,"1":0,"2":0,"3":0,"4":0,"5":0,"6":0,"7":0,"8":0,"9":0,"10":0,"11":0,"12":0,"13":0},"b":{"0":[0,0],"1":[0,0],"2":[0,0],"3":[0,0],"4":[0,0],"5":[0,0],"6":[0,0],"7":[0,0],"8":[0,0],"9":[0,0],"10":[0],"11":[0],"12":[0,0,0],"13":[0],"14":[0,0],"15":[0,0],"16":[0,0],"17":[0,0,0],"18":[0,0,0]},"meta":{"lastBranch":19,"lastFunction":14,"lastStatement":71,"seen":{"f:17:16:17:32":0,"s:20:24:30:Infinity":0,"s:32:2:32:Infinity":1,"b:35:2:37:Infinity:undefined:undefined:undefined:undefined":0,"s:35:2:37:Infinity":2,"b:35:6:35:20:35:20:35:66":1,"s:36:4:36:Infinity":3,"s:40:2:40:Infinity":4,"s:43:2:43:Infinity":5,"s:46:2:46:Infinity":6,"s:49:2:49:Infinity":7,"s:52:2:52:Infinity":8,"s:54:2:54:Infinity":9,"f:61:16:61:27":1,"s:62:17:62:Infinity":10,"s:65:25:69:Infinity":11,"b:73:2:75:Infinity:undefined:undefined:undefined:undefined":2,"s:73:2:75:Infinity":12,"s:74:4:74:Infinity":13,"s:78:20:85:Infinity":14,"b:78:20:78:30:78:30:85:Infinity":3,"f:78:50:78:61":2,"b:79:4:83:Infinity:undefined:undefined:undefined:undefined":4,"s:79:4:83:Infinity":15,"s:81:22:81:Infinity":16,"s:82:6:82:Infinity":17,"s:84:4:84:Infinity":18,"b:87:2:90:Infinity:undefined:undefined:undefined:undefined":5,"s:87:2:90:Infinity":19,"s:88:4:88:Infinity":20,"s:89:4:89:Infinity":21,"b:93:2:98:Infinity:undefined:undefined:undefined:undefined":6,"s:93:2:98:Infinity":22,"s:94:4:94:Infinity":23,"s:95:4:95:Infinity":24,"s:96:4:96:Infinity":25,"s:97:4:97:Infinity":26,"s:100:2:100:Infinity":27,"f:107:0:107:6":3,"s:108:2:108:Infinity":28,"f:110:2:110:12":4,"s:111:16:111:Infinity":29,"s:112:19:112:Infinity":30,"b:114:4:118:Infinity:undefined:undefined:undefined:undefined":7,"s:114:4:118:Infinity":31,"b:114:8:114:19:114:19:114:43":8,"s:115:24:115:Infinity":32,"s:116:6:116:Infinity":33,"s:117:6:117:Infinity":34,"s:120:4:120:Infinity":35,"s:121:4:121:Infinity":36,"f:124:2:124:8":5,"s:125:4:125:Infinity":37,"f:129:2:129:18":6,"s:130:16:130:Infinity":38,"s:131:20:131:Infinity":39,"s:132:4:136:Infinity":40,"b:133:6:135:Infinity:undefined:undefined:undefined:undefined":9,"s:133:6:135:Infinity":41,"s:134:8:134:Infinity":42,"s:140:23:140:Infinity":43,"s:143:0:143:Infinity":44,"f:143:12:143:18":7,"s:143:18:143:44":45,"f:149:16:149:34":8,"s:162:6:162:Infinity":46,"b:159:29:159:Infinity":10,"b:160:19:160:Infinity":11,"f:160:19:160:20":9,"s:160:28:160:Infinity":47,"b:160:28:160:38:160:38:160:66:160:66:160:Infinity":12,"b:161:14:161:Infinity":13,"s:164:2:191:Infinity":48,"f:164:9:164:10":10,"s:165:16:165:Infinity":49,"s:166:33:166:Infinity":50,"s:169:4:169:Infinity":51,"s:170:4:170:Infinity":52,"s:171:4:171:Infinity":53,"b:173:4:179:Infinity:undefined:undefined:undefined:undefined":14,"s:173:4:179:Infinity":54,"s:174:6:177:Infinity":55,"s:178:6:178:Infinity":56,"b:182:4:188:Infinity:undefined:undefined:undefined:undefined":15,"s:182:4:188:Infinity":57,"s:183:6:187:Infinity":58,"f:183:23:183:29":11,"b:184:8:186:Infinity:undefined:undefined:undefined:undefined":16,"s:184:8:186:Infinity":59,"s:185:10:185:Infinity":60,"s:190:4:190:Infinity":61,"s:198:31:209:Infinity":62,"f:202:16:202:17":12,"s:204:15:204:Infinity":63,"b:204:15:204:25:204:25:204:53:204:53:204:Infinity":17,"s:205:21:205:Infinity":64,"b:205:21:205:43:205:43:205:62:205:62:205:Infinity":18,"s:206:4:206:Infinity":65,"s:215:36:219:Infinity":66,"s:225:30:229:Infinity":67,"f:234:16:234:40":13,"s:236:2:236:Infinity":68,"s:239:2:239:Infinity":69,"s:242:2:242:Infinity":70}}}
,"C:\\dev\\secure_file\\server\\storage.ts": {"path":"C:\\dev\\secure_file\\server\\storage.ts","statementMap":{"0":{"start":{"line":45,"column":21},"end":{"line":45,"column":null}},"1":{"start":{"line":46,"column":4},"end":{"line":46,"column":null}},"2":{"start":{"line":50,"column":4},"end":{"line":54,"column":null}},"3":{"start":{"line":51,"column":6},"end":{"line":53,"column":null}},"4":{"start":{"line":55,"column":4},"end":{"line":57,"column":null}},"5":{"start":{"line":62,"column":27},"end":{"line":62,"column":null}},"6":{"start":{"line":63,"column":35},"end":{"line":63,"column":null}},"7":{"start":{"line":65,"column":4},"end":{"line":70,"column":null}},"8":{"start":{"line":66,"column":23},"end":{"line":66,"column":null}},"9":{"start":{"line":67,"column":6},"end":{"line":67,"column":null}},"10":{"start":{"line":67,"column":19},"end":{"line":67,"column":null}},"11":{"start":{"line":68,"column":6},"end":{"line":68,"column":null}},"12":{"start":{"line":69,"column":6},"end":{"line":69,"column":null}},"13":{"start":{"line":72,"column":4},"end":{"line":72,"column":null}},"14":{"start":{"line":76,"column":21},"end":{"line":76,"column":null}},"15":{"start":{"line":77,"column":4},"end":{"line":77,"column":null}},"16":{"start":{"line":82,"column":25},"end":{"line":82,"column":null}},"17":{"start":{"line":83,"column":4},"end":{"line":85,"column":null}},"18":{"start":{"line":84,"column":6},"end":{"line":84,"column":null}},"19":{"start":{"line":87,"column":24},"end":{"line":87,"column":null}},"20":{"start":{"line":88,"column":4},"end":{"line":90,"column":null}},"21":{"start":{"line":89,"column":6},"end":{"line":89,"column":null}},"22":{"start":{"line":92,"column":4},"end":{"line":92,"column":null}},"23":{"start":{"line":96,"column":19},"end":{"line":96,"column":null}},"24":{"start":{"line":97,"column":4},"end":{"line":97,"column":null}},"25":{"start":{"line":101,"column":4},"end":{"line":105,"column":null}},"26":{"start":{"line":102,"column":6},"end":{"line":104,"column":null}},"27":{"start":{"line":106,"column":4},"end":{"line":108,"column":null}},"28":{"start":{"line":112,"column":19},"end":{"line":112,"column":null}},"29":{"start":{"line":113,"column":4},"end":{"line":113,"column":null}},"30":{"start":{"line":117,"column":4},"end":{"line":117,"column":null}},"31":{"start":{"line":118,"column":4},"end":{"line":118,"column":null}},"32":{"start":{"line":123,"column":10},"end":{"line":123,"column":null}},"33":{"start":{"line":124,"column":24},"end":{"line":127,"column":null}},"34":{"start":{"line":128,"column":4},"end":{"line":128,"column":null}},"35":{"start":{"line":132,"column":4},"end":{"line":134,"column":null}},"36":{"start":{"line":138,"column":24},"end":{"line":138,"column":null}},"37":{"start":{"line":139,"column":4},"end":{"line":139,"column":null}},"38":{"start":{"line":143,"column":24},"end":{"line":143,"column":null}},"39":{"start":{"line":144,"column":4},"end":{"line":144,"column":null}},"40":{"start":{"line":148,"column":4},"end":{"line":148,"column":null}},"41":{"start":{"line":152,"column":4},"end":{"line":154,"column":null}},"42":{"start":{"line":158,"column":24},"end":{"line":164,"column":null}},"43":{"start":{"line":166,"column":26},"end":{"line":171,"column":null}},"44":{"start":{"line":173,"column":4},"end":{"line":177,"column":null}},"45":{"start":{"line":181,"column":23},"end":{"line":181,"column":null}}},"fnMap":{"0":{"name":"(anonymous_0)","decl":{"start":{"line":44,"column":8},"end":{"line":44,"column":21}},"loc":{"start":{"line":44,"column":58},"end":{"line":47,"column":null}},"line":44},"1":{"name":"(anonymous_1)","decl":{"start":{"line":49,"column":8},"end":{"line":49,"column":27}},"loc":{"start":{"line":49,"column":87},"end":{"line":58,"column":null}},"line":49},"2":{"name":"(anonymous_2)","decl":{"start":{"line":60,"column":8},"end":{"line":60,"column":22}},"loc":{"start":{"line":60,"column":59},"end":{"line":73,"column":null}},"line":60},"3":{"name":"(anonymous_3)","decl":{"start":{"line":75,"column":8},"end":{"line":75,"column":18}},"loc":{"start":{"line":75,"column":59},"end":{"line":78,"column":null}},"line"
[...]
anonymous_1)","decl":{"start":{"line":53,"column":2},"end":{"line":53,"column":16}},"loc":{"start":{"line":53,"column":16},"end":{"line":53,"column":null}},"line":53},"2":{"name":"(anonymous_2)","decl":{"start":{"line":56,"column":2},"end":{"line":56,"column":46}},"loc":{"start":{"line":56,"column":46},"end":{"line":73,"column":null}},"line":56},"3":{"name":"(anonymous_3)","decl":{"start":{"line":62,"column":15},"end":{"line":62,"column":16}},"loc":{"start":{"line":62,"column":25},"end":{"line":62,"column":36}},"line":62},"4":{"name":"(anonymous_4)","decl":{"start":{"line":63,"column":18},"end":{"line":63,"column":19}},"loc":{"start":{"line":63,"column":28},"end":{"line":63,"column":43}},"line":63},"5":{"name":"(anonymous_5)","decl":{"start":{"line":76,"column":2},"end":{"line":76,"column":32}},"loc":{"start":{"line":76,"column":32},"end":{"line":85,"column":null}},"line":76},"6":{"name":"(anonymous_6)","decl":{"start":{"line":88,"column":8},"end":{"line":88,"column":27}},"loc":{"start":{"line":88,"column":67},"end":{"line":105,"column":null}},"line":88},"7":{"name":"(anonymous_7)","decl":{"start":{"line":108,"column":8},"end":{"line":108,"column":23}},"loc":{"start":{"line":108,"column":78},"end":{"line":141,"column":null}},"line":108},"8":{"name":"(anonymous_8)","decl":{"start":{"line":127,"column":25},"end":{"line":127,"column":26}},"loc":{"start":{"line":127,"column":34},"end":{"line":132,"column":7}},"line":127},"9":{"name":"(anonymous_9)","decl":{"start":{"line":144,"column":8},"end":{"line":144,"column":52}},"loc":{"start":{"line":144,"column":52},"end":{"line":165,"column":null}},"line":144},"10":{"name":"(anonymous_10)","decl":{"start":{"line":168,"column":8},"end":{"line":168,"column":28}},"loc":{"start":{"line":168,"column":63},"end":{"line":192,"column":null}},"line":168},"11":{"name":"(anonymous_11)","decl":{"start":{"line":194,"column":2},"end":{"line":194,"column":null}},"loc":{"start":{"line":196,"column":12},"end":{"line":217,"column":null}},"line":196},"12":{"name":"(anonymous_12)","decl":{"start":{"line":220,"column":8},"end":{"line":220,"column":null}},"loc":{"start":{"line":223,"column":21},"end":{"line":232,"column":null}},"line":223},"13":{"name":"(anonymous_13)","decl":{"start":{"line":235,"column":8},"end":{"line":235,"column":30}},"loc":{"start":{"line":243,"column":23},"end":{"line":249,"column":null}},"line":243},"14":{"name":"parseObjectPath","decl":{"start":{"line":252,"column":9},"end":{"line":252,"column":25}},"loc":{"start":{"line":255,"column":2},"end":{"line":271,"column":null}},"line":255},"15":{"name":"signObjectURL","decl":{"start":{"line":273,"column":15},"end":{"line":273,"column":29}},"loc":{"start":{"line":283,"column":20},"end":{"line":309,"column":null}},"line":283}},"branchMap":{"0":{"loc":{"start":{"line":57,"column":21},"end":{"line":57,"column":null}},"type":"binary-expr","locations":[{"start":{"line":57,"column":21},"end":{"line":57,"column":63}},{"start":{"line":57,"column":63},"end":{"line":57,"column":null}}],"line":57},"1":{"loc":{"start":{"line":66,"column":4},"end":{"line":71,"column":null}},"type":"if","locations":[{"start":{"line":66,"column":4},"end":{"line":71,"column":null}},{"start":{},"end":{}}],"line":66},"2":{"loc":{"start":{"line":77,"column":16},"end":{"line":77,"column":null}},"type":"binary-expr","locations":[{"start":{"line":77,"column":16},"end":{"line":77,"column":50}},{"start":{"line":77,"column":50},"end":{"line":77,"column":null}}],"line":77},"3":{"loc":{"start":{"line":78,"column":4},"end":{"line":83,"column":null}},"type":"if","locations":[{"start":{"line":78,"column":4},"end":{"line":83,"column":null}},{"start":{},"end":{}}],"line":78},"4":{"loc":{"start":{"line":99,"column":6},"end":{"line":101,"column":null}},"type":"if","locations":[{"start":{"line":99,"column":6},"end":{"line":101,"column":null}},{"start":{},"end":{}}],"line":99},"5":{"loc":{"start":{"line":108,"column":50},"end":{"line":108,"column":78}},"type":"default-arg","locations":[{"start":{"line":108,"column":72},"end":{"line":108,"column":78}}],"line":108},"6":{"loc":{"start":{"line":117,"column":24},"end":{"line":117,"column":null}},"type":"binary-expr","locations":[{"start":{"line":117,"column":24},"end":{"line":117,"column":48}},{"start":{"line":117,"column":48},"end":{"line":117,"column":null}}],"line":117},"7":{"loc":{"start":{"line":120,"column":10},"end":{"line":120,"column":null}},"type":"cond-expr","locations":[{"start":{"line":120,"column":21},"end":{"line":120,"column":32}},{"start":{"line":120,"column":32},"end":{"line":120,"column":null}}],"line":120},"8":{"loc":{"start":{"line":129,"column":8},"end":{"line":131,"column":null}},"type":"if","locations":[{"start":{"line":129,"column":8},"end":{"line":131,"column":null}},{"start":{},"end":{}}],"line":129},"9":{"loc":{"start":{"line":137,"column":6},"end":{"line":139,"column":null}},"type":"if","locations":[{"start":{"line":137,"column":6},"end":{"line":139,"column":null}},{"start":{},"end":{}}],"line":137},"10":{"loc":{"start":{"line":146,"column":4},"end":{"line":151,"column":null}},"type":"if","locations":[{"start":{"line":146,"column":4},"end":{"line":151,"column":null}},{"start":{},"end":{}}],"line":146},"11":{"loc":{"start":{"line":169,"column":4},"end":{"line":171,"column":null}},"type":"if","locations":[{"start":{"line":169,"column":4},"end":{"line":171,"column":null}},{"start":{},"end":{}}],"line":169},"12":{"loc":{"start":{"line":174,"column":4},"end":{"line":176,"column":null}},"type":"if","locations":[{"start":{"line":174,"column":4},"end":{"line":176,"column":null}},{"start":{},"end":{}}],"line":174},"13":{"loc":{"start":{"line":180,"column":4},"end":{"line":182,"column":null}},"type":"if","locations":[{"start":{"line":180,"column":4},"end":{"line":182,"column":null}},{"start":{},"end":{}}],"line":180},"14":{"loc":{"start":{"line":188,"column":4},"end":{"line":190,"column":null}},"type":"if","locations":[{"start":{"line":188,"column":4},"end":{"line":190,"column":null}},{"start":{},"end":{}}],"line":188},"15":{"loc":{"start":{"line":197,"column":4},"end":{"line":199,"column":null}},"type":"if","locations":[{"start":{"line":197,"column":4},"end":{"line":199,"column":null}},{"start":{},"end":{}}],"line":197},"16":{"loc":{"start":{"line":206,"column":4},"end":{"line":208,"column":null}},"type":"if","locations":[{"start":{"line":206,"column":4},"end":{"line":208,"column":null}},{"start":{},"end":{}}],"line":206},"17":{"loc":{"start":{"line":210,"column":4},"end":{"line":212,"column":null}},"type":"if","locations":[{"start":{"line":210,"column":4},"end":{"line":212,"column":null}},{"start":{},"end":{}}],"line":210},"18":{"loc":{"start":{"line":225,"column":4},"end":{"line":227,"column":null}},"type":"if","locations":[{"start":{"line":225,"column":4},"end":{"line":227,"column":null}},{"start":{},"end":{}}],"line":225},"19":{"loc":{"start":{"line":247,"column":27},"end":{"line":247,"column":null}},"type":"binary-expr","locations":[{"start":{"line":247,"column":27},"end":{"line":247,"column":50}},{"start":{"line":247,"column":50},"end":{"line":247,"column":null}}],"line":247},"20":{"loc":{"start":{"line":256,"column":2},"end":{"line":258,"column":null}},"type":"if","locations":[{"start":{"line":256,"column":2},"end":{"line":258,"column":null}},{"start":{},"end":{}}],"line":256},"21":{"loc":{"start":{"line":260,"column":2},"end":{"line":262,"column":null}},"type":"if","locations":[{"start":{"line":260,"column":2},"end":{"line":262,"column":null}},{"start":{},"end":{}}],"line":260},"22":{"loc":{"start":{"line":300,"column":2},"end":{"line":305,"column":null}},"type":"if","locations":[{"start":{"line":300,"column":2},"end":{"line":305,"column":null}},{"start":{},"end":{}}],"line":300}},"s":{"0":0,"1":0,"2":0,"3":0,"4":0,"5":0,"6":0,"7":0,"8":0,"9":0,"10":0,"11":0,"12":0,"13":0,"14":0,"15":0,"16":0,"17":0,"18":0,"19":0,"20":0,"21":0,"22":0,"23":0,"24":0,"25":0,"26":0,"27":0,"28":0,"29":0,"30":0,"31":0,"32":0,"33":0,"34":0,"35":0,"36":0,"37":0,"38":0,"39":0,"40":0,"41":0,"42":0,"43":0,"44":0,"45":0,"46":0,"47":0,"48":0,"49":0,"50":0,"51":0,"52":0,"53":0,"54":0,"55":0,"56":0,"57":0,"58":0,"59":0,"60":0,"61":0,"62":0,"63":0,"64":0,"65":0,"66":0,"67":0,"68":0,"69":0,"70":0,"71":0,"72":0,"73":0,"74":0,"75":0,"76":0,"77":0,"78":0,"79":0,"80":0,"81":0,"82":0,"83":0,"84":0,"85":0,"86":0,"87":0,"88":0,"89":0,"90":0,"91":0,"92":0,"93":0,"94":0},"f":{"0":0,"1":0,"2":0,"3":0,"4":0,"5":0,"6":0,"7":0,"8":0,"9":0,"10":0,"11":0,"12":0,"13":0,"14":0,"15":0},"b":{"0":[0,0],"1":[0,0],"2":[0,0],"3":[0,0],"4":[0,0],"5":[0],"6":[0,0],"7":[0,0],"8":[0,0],"9":[0,0],"10":[0,0],"11":[0,0],"12":[0,0],"13":[0,0],"14":[0,0],"15":[0,0],"16":[0,0],"17":[0,0],"18":[0,0],"19":[0,0],"20":[0,0],"21":[0,0],"22":[0,0]},"meta":{"lastBranch":23,"lastFunction":16,"lastStatement":95,"seen":{"s:22:32:22:Infinity":0,"s:25:35:41:Infinity":1,"f:44:2:44:16":0,"s:45:4:45:Infinity":2,"s:46:4:46:Infinity":3,"s:47:4:47:Infinity":4,"f:53:2:53:16":1,"f:56:2:56:46":2,"s:57:21:57:Infinity":5,"b:57:21:57:63:57:63:57:Infinity":0,"s:58:18:65:Infinity":6,"f:62:15:62:16":3,"s:62:25:62:36":7,"f:63:18:63:19":4,"s:63:28:63:43":8,"b:66:4:71:Infinity:undefined:undefined:undefined:undefined":1,"s:66:4:71:Infinity":9,"s:67:6:70:Infinity":10,"s:72:4:72:Infinity":11,"f:76:2:76:32":5,"s:77:16:77:Infinity":12,"b:77:16:77:50:77:50:77:Infinity":2,"b:78:4:83:Infinity:undefined:undefined:undefined:undefined":3,"s:78:4:83:Infinity":13,"s:79:6:82:Infinity":14,"s:84:4:84:Infinity":15,"f:88:8:88:27":6,"s:89:4:102:Infinity":16,"s:90:23:90:Infinity":17,"s:93:41:93:Infinity":18,"s:94:21:94:Infinity":19,"s:95:19:95:Infinity":20,"s:98:23:98:Infinity":21,"b:99:6:101:Infinity:undefined:undefined:undefined:undefined":4,"s:99:6:101:Infinity":22,"s:100:8:100:Infinity":23,"s:104:4:104:Infinity":24,"f:108:8:108:23":7,"b:108:72:108:78":5,"s:109:4:140:Infinity":25,"s:111:25:111:Infinity":26,"s:113:24:113:Infinity":27,"s:114:23:114:Infinity":28,"s:116:6:122:Infinity":29,"b:117:24:117:48:117:48:117:Infinity":6,"b:120:21:120:32:120:32:120:Infinity":7,"s:125:21:125:Infinity":30,"s:127:6:132:Infinity":31,"f:127:25:127:26":8,"s:128:8:128:Infinity":32,"b:129:8:131:Infinity:undefined:undefined:undefined:undefined":8,"s:129:8:131:Infinity":33,"s:130:10:130:Infinity":34,"s:134:6:134:Infinity":35,"s:136:6:136:Infinity":36,"b:137:6:139:Infinity:undefined:undefined:undefined:undefined":9,"s:137:6:139:Infinity":37,"s:138:8:138:Infinity":38,"f:144:8:144:52":9,"s:145:29:145:Infinity":39,"b:146:4:151:Infinity:undefined:undefined:undefined:undefined":10,"s:146:4:151:Infinity":40,"s:147:6:150:Infinity":41,"s:153:10:153:Infinity":42,"s:154:21:154:Infinity":43,"s:156:39:156:Infinity":44,"s:159:4:164:Infinity":45,"f:168:8:168:28":10,"b:169:4:171:Infinity:undefined:undefined:undefined:undefined":11,"s:169:4:171:Infinity":46,"s:170:6:170:Infinity":47,"s:173:18:173:Infinity":48,"b:174:4:176:Infinity:undefined:undefined:undefined:undefined":12,"s:174:4:176:Infinity":49,"s:175:6:175:Infinity":50,"s:178:21:178:Infinity":51,"s:179:20:179:Infinity":52,"b:180:4:182:Infinity:undefined:undefined:undefined:undefined":13,"s:180:4:182:Infinity":53,"s:181:6:181:Infinity":54,"s:183:29:183:Infinity":55,"s:184:39:184:Infinity":56,"s:185:19:185:Infinity":57,"s:186:23:186:Infinity":58,"s:187:21:187:Infinity":59,"b:188:4:190:Infinity:undefined:undefined:undefined:undefined":14,"s:188:4:190:Infinity":60,"s:189:6:189:Infinity":61,"s:191:4:191:Infinity":62,"f:194:2:194:Infinity":11,"b:197:4:199:Infinity:undefined:undefined:undefined:undefined":15,"s:197:4:199:Infinity":63,"s:198:6:198:Infinity":64,"s:202:16:202:Infinity":65,"s:203:26:203:Infinity":66,"s:205:26:205:Infinity":67,"b:206:4:208:Infinity:undefined:undefined:undefined:undefined":16,"s:206:4:208:Infinity":68,"s:207:6:207:Infinity":69,"b:210:4:212:Infinity:undefined:undefined:undefined:undefined":17,"s:210:4:212:Infinity":70,"s:211:6:211:Infinity":71,"s:215:21:215:Infinity":72,"s:216:4:216:Infinity":73,"f:220:8:220:Infinity":12,"s:224:27:224:Infinity":74,"b:225:4:227:Infinity:undefined:undefined:undefined:undefined":18,"s:225:4:227:Infinity":75,"s:226:6:226:Infinity":76,"s:229:23:229:Infinity":77,"s:230:4:230:Infinity":78,"s:231:4:231:Infinity":79,"f:235:8:235:30":13,"s:244:4:248:Infinity":80,"b:247:27:247:50:247:50:247:Infinity":19,"f:252:9:252:25":14,"b:256:2:258:Infinity:undefined:undefined:undefined:undefined":20,"s:256:2:258:Infinity":81,"s:257:4:257:Infinity":82,"s:259:20:259:Infinity":83,"b:260:2:262:Infinity:undefined:undefined:undefined:undefined":21,"s:260:2:262:Infinity":84,"s:261:4:261:Infinity":85,"s:264:21:264:Infinity":86,"s:265:21:265:Infinity":87,"s:267:2:270:Infinity":88,"f:273:15:273:29":15,"s:284:18:289:Infinity":89,"s:290:19:299:Infinity":90,"b:300:2:305:Infinity:undefined:undefined:undefined:undefined":22,"s:300:2:305:Infinity":91,"s:301:4:304:Infinity":92,"s:307:36:307:Infinity":93,"s:308:2:308:Infinity":94}}}
,"C:\\dev\\secure_file\\server\\replit_integrations\\object_storage\\routes.ts": {"path":"C:\\dev\\secure_file\\server\\replit_integrations\\object_storage\\routes.ts","statementMap":{"0":{"start":{"line":27,"column":31},"end":{"line":27,"column":null}},"1":{"start":{"line":48,"column":2},"end":{"line":73,"column":null}},"2":{"start":{"line":49,"column":4},"end":{"line":72,"column":null}},"3":{"start":{"line":50,"column":42},"end":{"line":50,"column":null}},"4":{"start":{"line":52,"column":6},"end":{"line":56,"column":null}},"5":{"start":{"line":53,"column":8},"end":{"line":55,"column":null}},"6":{"start":{"line":58,"column":24},"end":{"line":58,"column":null}},"7":{"start":{"line":61,"column":25},"end":{"line":61,"column":null}},"8":{"start":{"line":63,"column":6},"end":{"line":68,"column":null}},"9":{"start":{"line":70,"column":6},"end":{"line":70,"column":null}},"10":{"start":{"line":71,"column":6},"end":{"line":71,"column":null}},"11":{"start":{"line":83,"column":2},"end":{"line":95,"column":null}},"12":{"start":{"line":84,"column":4},"end":{"line":94,"column":null}},"13":{"start":{"line":85,"column":25},"end":{"line":85,"column":null}},"14":{"start":{"line":86,"column":25},"end":{"line":86,"column":null}},"15":{"start":{"line":87,"column":6},"end":{"line":87,"column":null}},"16":{"start":{"line":89,"column":6},"end":{"line":89,"column":null}},"17":{"start":{"line":90,"column":6},"end":{"line":92,"column":null}},"18":{"start":{"line":91,"column":8},"end":{"line":91,"column":null}},"19":{"start":{"line":93,"column":6},"end":{"line":93,"column":null}}},"fnMap":{"0":{"name":"registerObjectStorageRoutes","decl":{"start":{"line":26,"column":16},"end":{"line":26,"column":44}},"loc":{"start":{"line":26,"column":64},"end":{"line":96,"column":null}},"line":26},"1":{"name":"(anonymous_1)","decl":{"start":{"line":48,"column":39},"end":{"line":48,"column":46}},"loc":{"start":{"line":48,"column":59},"end":{"line":73,"column":3}},"line":48},"2":{"name":"(anonymous_2)","decl":{"start":{"line":83,"column":40},"end":{"line":83,"column":47}},"loc":{"start":{"line":83,"column":60},"end":{"line":95,"column":3}},"line":83}},"branchMap":{"0":{"loc":{"start":{"line":52,"column":6},"end":{"line":56,"column":null}},"type":"if","locations":[{"start":{"line":52,"column":6},"end":{"line":56,"column":null}},{"start":{},"end":{}}],"line":52},"1":{"loc":{"start":{"line":90,"column":6},"end":{"line":92,"column":null}},"type":"if","locations":[{"start":{"line":90,"column":6},"end":{"line":92,"column":null}},{"start":{},"end":{}}],"line":90}},"s":{"0":0,"1":0,"2":0,"3":0,"4":0,"5":0,"6":0,"7":0,"8":0,"9":0,"10":0,"11":0,"12":0,"13":0,"14":0,"15":0,"16":0,"17":0,"18":0,"19":0},"f":{"0":0,"1":0,"2":0},"b":{"0":[0,0],"1":[0,0]},"meta":{"lastBranch":2,"lastFunction":3,"lastStatement":20,"seen":{"f:26:16:26:44":0,"s:27:31:27:Infinity":0,"s:48:2:73:Infinity":1,"f:48:39:48:46":1,"s:49:4:72:Infinity":2,"s:50:42:50:Infinity":3,"b:52:6:56:Infinity:undefined:undefined:undefined:undefined":0,"s:52:6:56:Infinity":4,"s:53:8:55:Infinity":5,"s:58:24:58:Infinity":6,"s:61:25:61:Infinity":7,"s:63:6:68:Infinity":8,"s:70:6:70:Infinity":9,"s:71:6:71:Infinity":10,"s:83:2:95:Infinity":11,"f:83:40:83:47":2,"s:84:4:94:Infinity":12,"s:85:25:85:Infinity":13,"s:86:25:86:Infinity":14,"s:87:6:87:Infinity":15,"s:89:6:89:Infinity":16,"b:90:6:92:Infinity:undefined:undefined:undefined:undefined":1,"s:90:6:92:Infinity":17,"s:91:8:91:Infinity":18,"s:93:6:93:Infinity":19}}}
,"C:\\dev\\secure_file\\shared\\schema.ts": {"path":"C:\\dev\\secure_file\\shared\\schema.ts","statementMap":{"0":{"start":{"line":18,"column":13},"end":{"line":27,"column":null}},"1":{"start":{"line":24,"column":14},"end":{"line":27,"column":1}},"2":{"start":{"line":29,"column":13},"end":{"line":36,"column":null}},"3":{"start":{"line":29,"column":71},"end":{"line":36,"column":2}},"4":{"start":{"line":38,"column":13},"end":{"line":50,"column":null}},"5":{"start":{"line":47,"column":14},"end":{"line":50,"column":1}},"6":{"start":{"line":52,"column":13},"end":{"line":58,"column":null}},"7":{"start":{"line":52,"column":67},"end":{"line":58,"column":2}},"8":{"start":{"line":60,"column":13},"end":{"line":72,"column":null}},"9":{"start":{"line":69,"column":14},"end":{"line":72,"column":1}},"10":{"start":{"line":74,"column":13},"end":{"line":79,"column":null}},"11":{"start":{"line":74,"column":71},"end":{"line":79,"column":2}},"12":{"start":{"line":81,"column":13},"end":{"line":84,"column":null}},"13":{"start":{"line":86,"column":13},"end":{"line":89,"column":null}},"14":{"start":{"line":91,"column":13},"end":{"line":95,"column":null}}},"fnMap":{"0":{"name":"(anonymous_0)","decl":{"start":{"line":24,"column":3},"end":{"line":24,"column":4}},"loc":{"start":{"line":24,"column":14},"end":{"line":27,"column":1}},"line":24},"1":{"name":"(anonymous_1)","decl":{"start":{"line":29,"column":51},"end":{"line":29,"column":52}},"loc":{"start":{"line":29,"column":71},"end":{"line":36,"column":2}},"line":29},"2":{"name":"(anonymous_2)","decl":{"start":{"line":47,"column":3},"end":{"line":47,"column":4}},"loc":{"start":{"line":47,"column":14},"end":{"line":50,"column":1}},"line":47},"3":{"name":"(anonymous_3)","decl":{"start":{"line":52,"column":47},"end":{"line":52,"column":48}},"loc":{"start":{"line":52,"column":67},"end":{"line":58,"column":2}},"line":52},"4":{"name":"(anonymous_4)","decl":{"start":{"line":69,"column":3},"end":{"line":69,"column":4}},"loc":{"start":{"line":69,"column":14},"end":{"line":72,"column":1}},"line":69},"5":{"name":"(anonymous_5)","decl":{"start":{"line":74,"column":57},"end":{"line":74,"column":58}},"loc":{"start":{"line":74,"column":71},"end":{"line":79,"column":2}},"line":74}},"branchMap":{},"s":{"0":0,"1":0,"2":0,"3":0,"4":0,"5":0,"6":0,"7":0,"8":0,"9":0,"10":0,"11":0,"12":0,"13":0,"14":0},"f":{"0":0,"1":0,"2":0,"3":0,"4":0,"5":0},"b":{},"meta":{"lastBranch":0,"lastFunction":6,"lastStatement":15,"seen":{"s:18:13:27:Infinity":0,"f:24:3:24:4":0,"s:24:14:27:1":1,"s:29:13:36:Infinity":2,"f:29:51:29:52":1,"s:29:71:36:2":3,"s:38:13:50:Infinity":4,"f:47:3:47:4":2,"s:47:14:50:1":5,"s:52:13:58:Infinity":6,"f:52:47:52:48":3,"s:52:67:58:2":7,"s:60:13:72:Infinity":8,"f:69:3:69:4":4,"s:69:14:72:1":9,"s:74:13:79:Infinity":10,"f:74:57:74:58":5,"s:74:71:79:2":11,"s:81:13:84:Infinity":12,"s:86:13:89:Infinity":13,"s:91:13:95:Infinity":14}}}
,"C:\\dev\\secure_file\\shared\\models\\auth.ts": {"path":"C:\\dev\\secure_file\\shared\\models\\auth.ts","statementMap":{"0":{"start":{"line":16,"column":13},"end":{"line":24,"column":null}},"1":{"start":{"line":23,"column":13},"end":{"line":23,"column":null}},"2":{"start":{"line":28,"column":13},"end":{"line":36,"column":null}}},"fnMap":{"0":{"name":"(anonymous_0)","decl":{"start":{"line":23,"column":2},"end":{"line":23,"column":3}},"loc":{"start":{"line":23,"column":13},"end":{"line":23,"column":null}},"line":23}},"branchMap":{},"s":{"0":0,"1":0,"2":0},"f":{"0":0},"b":{},"meta":{"lastBranch":0,"lastFunction":1,"lastStatement":3,"seen":{"s:16:13:24:Infinity":0,"f:23:2:23:3":0,"s:23:13:23:Infinity":1,"s:28:13:36:Infinity":2}}}
}
