TN:
SF:client/src/hooks/use-auth.ts
FN:14,fetchUser
FN:30,logout
FN:34,useAuth
FN:45,(anonymous_3)
FNF:4
FNH:0
FNDA:0,fetchUser
FNDA:0,logout
FNDA:0,useAuth
FNDA:0,(anonymous_3)
DA:15,0
DA:19,0
DA:20,0
DA:23,0
DA:24,0
DA:27,0
DA:31,0
DA:35,0
DA:36,0
DA:43,0
DA:46,0
DA:50,0
LF:12
LH:0
BRDA:19,0,0,0
BRDA:19,0,1,0
BRDA:23,1,0,0
BRDA:23,1,1,0
BRF:4
BRH:0
end_of_record
TN:
SF:client/src/hooks/use-toast.ts
FN:37,genId
FN:68,(anonymous_1)
FN:73,(anonymous_2)
FN:84,(anonymous_3)
FN:95,(anonymous_4)
FN:108,(anonymous_5)
FN:115,(anonymous_6)
FN:134,(anonymous_7)
FN:143,dispatch
FN:145,(anonymous_9)
FN:152,toast
FN:155,(anonymous_11)
FN:160,(anonymous_12)
FN:168,(anonymous_13)
FN:181,useToast
FN:184,(anonymous_15)
FN:186,(anonymous_16)
FN:197,(anonymous_17)
FNF:18
FNH:9
FNDA:7,genId
FNDA:3,(anonymous_1)
FNDA:0,(anonymous_2)
FNDA:17,(anonymous_3)
FNDA:4,(anonymous_4)
FNDA:2,(anonymous_5)
FNDA:4,(anonymous_6)
FNDA:4,(anonymous_7)
FNDA:7,dispatch
FNDA:0,(anonymous_9)
FNDA:7,toast
FNDA:0,(anonymous_11)
FNDA:0,(anonymous_12)
FNDA:0,(anonymous_13)
FNDA:0,useToast
FNDA:0,(anonymous_15)
FNDA:0,(anonymous_16)
FNDA:0,(anonymous_17)
DA:18,1
DA:19,1
DA:28,1
DA:35,1
DA:38,7
DA:39,7
DA:66,1
DA:68,1
DA:69,3
DA:70,1
DA:73,2
DA:74,0
DA:75,0
DA:81,2
DA:84,1
DA:85,17
DA:87,10
DA:93,2
DA:96,4
DA:101,2
DA:105,2
DA:106,1
DA:108,1
DA:109,2
DA:113,2
DA:116,4
DA:126,3
DA:127,1
DA:132,2
DA:134,4
DA:139,1
DA:141,1
DA:144,7
DA:145,7
DA:146,0
DA:153,7
DA:155,7
DA:156,0
DA:160,7
DA:162,7
DA:169,0
DA:174,7
DA:182,0
DA:184,0
DA:185,0
DA:186,0
DA:187,0
DA:188,0
DA:189,0
DA:194,0
DA:197,0
LF:51
LH:37
BRDA:69,0,0,1
BRDA:69,0,1,2
BRDA:85,1,0,10
BRDA:85,1,1,2
BRDA:85,1,2,2
BRDA:85,1,3,3
BRDA:96,2,0,2
BRDA:96,2,1,2
BRDA:105,3,0,1
BRDA:105,3,1,1
BRDA:116,4,0,3
BRDA:116,4,1,1
BRDA:116,5,0,4
BRDA:116,5,1,3
BRDA:126,6,0,1
BRDA:126,6,1,2
BRDA:169,7,0,0
BRDA:169,7,1,0
BRDA:188,8,0,0
BRDA:188,8,1,0
BRF:20
BRH:16
end_of_record
TN:
SF:client/src/hooks/use-upload.ts
FN:64,useUpload
FN:74,(anonymous_1)
FN:88,(anonymous_2)
FN:101,(anonymous_3)
FN:124,(anonymous_4)
FN:167,(anonymous_5)
FNF:6
FNH:0
FNDA:0,useUpload
FNDA:0,(anonymous_1)
FNDA:0,(anonymous_2)
FNDA:0,(anonymous_3)
FNDA:0,(anonymous_4)
FNDA:0,(anonymous_5)
DA:65,0
DA:66,0
DA:67,0
DA:73,0
DA:75,0
DA:87,0
DA:88,0
DA:89,0
DA:92,0
DA:100,0
DA:102,0
DA:110,0
DA:111,0
DA:123,0
DA:125,0
DA:126,0
DA:127,0
DA:129,0
DA:131,0
DA:132,0
DA:135,0
DA:136,0
DA:138,0
DA:139,0
DA:140,0
DA:142,0
DA:143,0
DA:144,0
DA:145,0
DA:147,0
DA:166,0
DA:175,0
DA:187,0
DA:188,0
DA:191,0
DA:192,0
DA:201,0
LF:37
LH:0
BRDA:64,0,0,0
BRDA:83,1,0,0
BRDA:83,1,1,0
BRDA:87,2,0,0
BRDA:87,2,1,0
BRDA:89,3,0,0
BRDA:89,3,1,0
BRDA:106,4,0,0
BRDA:106,4,1,0
BRDA:110,5,0,0
BRDA:110,5,1,0
BRDA:142,6,0,0
BRDA:142,6,1,0
BRDA:183,7,0,0
BRDA:183,7,1,0
BRDA:187,8,0,0
BRDA:187,8,1,0
BRDA:195,9,0,0
BRDA:195,9,1,0
BRF:19
BRH:0
end_of_record
TN:
SF:client/src/lib/auth-utils.ts
FN:11,isUnauthorizedError
FN:16,redirectToLogin
FN:24,(anonymous_2)
FNF:3
FNH:3
FNDA:8,isUnauthorizedError
FNDA:4,redirectToLogin
FNDA:4,(anonymous_2)
DA:12,8
DA:17,4
DA:18,1
DA:24,4
DA:25,4
LF:5
LH:5
BRDA:17,0,0,1
BRDA:17,0,1,3
BRF:2
BRH:2
end_of_record
TN:
SF:client/src/lib/queryClient.ts
FN:13,throwIfResNotOk
FN:20,apiRequest
FN:40,(anonymous_2)
FN:41,(anonymous_3)
FNF:4
FNH:4
FNDA:15,throwIfResNotOk
FNDA:9,apiRequest
FNDA:8,(anonymous_2)
FNDA:7,(anonymous_3)
DA:14,15
DA:15,5
DA:16,5
DA:25,9
DA:32,9
DA:33,6
DA:40,1
DA:41,8
DA:42,7
DA:46,7
DA:47,1
DA:50,6
DA:51,4
DA:54,1
LF:14
LH:14
BRDA:14,0,0,5
BRDA:14,0,1,10
BRDA:15,1,0,5
BRDA:15,1,1,1
BRDA:27,2,0,3
BRDA:27,2,1,6
BRDA:28,3,0,3
BRDA:28,3,1,6
BRDA:46,4,0,1
BRDA:46,4,1,6
BRDA:46,5,0,7
BRDA:46,5,1,2
BRF:12
BRH:12
end_of_record
TN:
SF:client/src/lib/utils.ts
FN:14,cn
FNF:1
FNH:1
FNDA:9,cn
DA:15,9
LF:1
LH:1
BRF:0
BRH:0
end_of_record
TN:
SF:server/db.ts
FNF:0
FNH:0
DA:15,1
DA:17,1
DA:18,0
DA:23,1
DA:24,1
LF:5
LH:4
BRDA:17,0,0,0
BRDA:17,0,1,1
BRF:2
BRH:1
end_of_record
TN:
SF:server/routes.ts
FN:22,registerRoutes
FN:30,(anonymous_1)
FN:42,(anonymous_2)
FN:61,(anonymous_3)
FN:81,(anonymous_4)
FN:92,(anonymous_5)
FN:104,(anonymous_6)
FN:130,(anonymous_7)
FN:141,(anonymous_8)
FN:165,(anonymous_9)
FN:203,(anonymous_10)
FN:225,(anonymous_11)
FN:255,(anonymous_12)
FN:296,(anonymous_13)
FNF:14
FNH:0
FNDA:0,registerRoutes
FNDA:0,(anonymous_1)
FNDA:0,(anonymous_2)
FNDA:0,(anonymous_3)
FNDA:0,(anonymous_4)
FNDA:0,(anonymous_5)
FNDA:0,(anonymous_6)
FNDA:0,(anonymous_7)
FNDA:0,(anonymous_8)
FNDA:0,(anonymous_9)
FNDA:0,(anonymous_10)
FNDA:0,(anonymous_11)
FNDA:0,(anonymous_12)
FNDA:0,(anonymous_13)
DA:20,0
DA:26,0
DA:27,0
DA:28,0
DA:30,0
DA:31,0
DA:32,0
DA:33,0
DA:34,0
DA:35,0
DA:37,0
DA:38,0
DA:42,0
DA:43,0
DA:44,0
DA:45,0
DA:46,0
DA:47,0
DA:50,0
DA:51,0
DA:53,0
DA:54,0
DA:56,0
DA:57,0
DA:61,0
DA:62,0
DA:63,0
DA:64,0
DA:69,0
DA:70,0
DA:72,0
DA:73,0
DA:74,0
DA:76,0
DA:81,0
DA:82,0
DA:83,0
DA:84,0
DA:85,0
DA:87,0
DA:88,0
DA:92,0
DA:93,0
DA:94,0
DA:95,0
DA:96,0
DA:97,0
DA:99,0
DA:100,0
DA:104,0
DA:105,0
DA:106,0
DA:109,0
DA:111,0
DA:118,0
DA:119,0
DA:121,0
DA:122,0
DA:123,0
DA:125,0
DA:130,0
DA:131,0
DA:132,0
DA:133,0
DA:134,0
DA:136,0
DA:137,0
DA:141,0
DA:142,0
DA:143,0
DA:144,0
DA:145,0
DA:146,0
DA:148,0
DA:149,0
DA:151,0
DA:152,0
DA:154,0
DA:155,0
DA:159,0
DA:165,0
DA:166,0
DA:167,0
DA:168,0
DA:169,0
DA:172,0
DA:174,0
DA:175,0
DA:176,0
DA:179,0
DA:180,0
DA:183,0
DA:184,0
DA:186,0
DA:189,0
DA:196,0
DA:198,0
DA:199,0
DA:203,0
DA:204,0
DA:205,0
DA:206,0
DA:208,0
DA:209,0
DA:212,0
DA:213,0
DA:214,0
DA:217,0
DA:218,0
DA:220,0
DA:221,0
DA:225,0
DA:226,0
DA:227,0
DA:228,0
DA:229,0
DA:232,0
DA:233,0
DA:234,0
DA:237,0
DA:239,0
DA:250,0
DA:251,0
DA:255,0
DA:256,0
DA:257,0
DA:258,0
DA:259,0
DA:263,0
DA:264,0
DA:267,0
DA:268,0
DA:269,0
DA:270,0
DA:273,0
DA:274,0
DA:275,0
DA:279,0
DA:280,0
DA:281,0
DA:284,0
DA:286,0
DA:291,0
DA:292,0
DA:296,0
DA:297,0
DA:298,0
DA:299,0
DA:300,0
DA:302,0
DA:303,0
DA:307,0
LF:152
LH:0
BRDA:34,0,0,0
BRDA:34,0,1,0
BRDA:46,1,0,0
BRDA:46,1,1,0
BRDA:50,2,0,0
BRDA:50,2,1,0
BRDA:67,3,0,0
BRDA:67,3,1,0
BRDA:73,4,0,0
BRDA:73,4,1,0
BRDA:96,5,0,0
BRDA:96,5,1,0
BRDA:115,6,0,0
BRDA:115,6,1,0
BRDA:122,7,0,0
BRDA:122,7,1,0
BRDA:145,8,0,0
BRDA:145,8,1,0
BRDA:148,9,0,0
BRDA:148,9,1,0
BRDA:168,10,0,0
BRDA:168,10,1,0
BRDA:175,11,0,0
BRDA:175,11,1,0
BRDA:179,12,0,0
BRDA:179,12,1,0
BRDA:184,13,0,0
BRDA:184,13,1,0
BRDA:192,14,0,0
BRDA:192,14,1,0
BRDA:208,15,0,0
BRDA:208,15,1,0
BRDA:213,16,0,0
BRDA:213,16,1,0
BRDA:213,17,0,0
BRDA:213,17,1,0
BRDA:228,18,0,0
BRDA:228,18,1,0
BRDA:228,19,0,0
BRDA:228,19,1,0
BRDA:233,20,0,0
BRDA:233,20,1,0
BRDA:237,21,0,0
BRDA:237,21,1,0
BRDA:247,22,0,0
BRDA:247,22,1,0
BRDA:258,23,0,0
BRDA:258,23,1,0
BRDA:258,24,0,0
BRDA:258,24,1,0
BRDA:263,25,0,0
BRDA:263,25,1,0
BRDA:263,26,0,0
BRDA:263,26,1,0
BRDA:267,27,0,0
BRDA:267,27,1,0
BRDA:269,28,0,0
BRDA:269,28,1,0
BRDA:274,29,0,0
BRDA:274,29,1,0
BRDA:280,30,0,0
BRDA:280,30,1,0
BRF:62
BRH:0
end_of_record
TN:
SF:server/storage.ts
FN:44,(anonymous_0)
FN:49,(anonymous_1)
FN:60,(anonymous_2)
FN:75,(anonymous_3)
FN:80,(anonymous_4)
FN:95,(anonymous_5)
FN:100,(anonymous_6)
FN:111,(anonymous_7)
FN:116,(anonymous_8)
FN:121,(anonymous_9)
FN:131,(anonymous_10)
FN:137,(anonymous_11)
FN:142,(anonymous_12)
FN:147,(anonymous_13)
FN:151,(anonymous_14)
FN:157,(anonymous_15)
FNF:16
FNH:16
FNDA:1,(anonymous_0)
FNDA:2,(anonymous_1)
FNDA:3,(anonymous_2)
FNDA:2,(anonymous_3)
FNDA:3,(anonymous_4)
FNDA:1,(anonymous_5)
FNDA:2,(anonymous_6)
FNDA:2,(anonymous_7)
FNDA:1,(anonymous_8)
FNDA:2,(anonymous_9)
FNDA:1,(anonymous_10)
FNDA:2,(anonymous_11)
FNDA:2,(anonymous_12)
FNDA:1,(anonymous_13)
FNDA:1,(anonymous_14)
FNDA:2,(anonymous_15)
DA:19,1
DA:45,1
DA:46,1
DA:50,2
DA:51,1
DA:55,1
DA:62,3
DA:63,3
DA:65,3
DA:66,5
DA:67,5
DA:68,4
DA:69,4
DA:72,3
DA:76,2
DA:77,2
DA:82,3
DA:83,3
DA:84,1
DA:87,3
DA:88,3
DA:89,0
DA:92,3
DA:96,1
DA:97,1
DA:101,2
DA:102,1
DA:106,1
DA:112,2
DA:113,2
DA:117,1
DA:118,1
DA:123,2
DA:124,2
DA:128,2
DA:132,1
DA:138,2
DA:139,2
DA:143,2
DA:144,2
DA:148,1
DA:152,1
DA:158,2
DA:166,2
DA:173,2
DA:181,1
LF:46
LH:45
BRDA:50,0,0,1
BRDA:50,0,1,1
BRDA:67,1,0,1
BRDA:67,1,1,4
BRDA:101,2,0,1
BRDA:101,2,1,1
BRDA:174,3,0,2
BRDA:174,3,1,1
BRDA:175,4,0,2
BRDA:175,4,1,1
BRDA:176,5,0,2
BRDA:176,5,1,1
BRF:12
BRH:12
end_of_record
TN:
SF:server/replit_integrations/auth/index.ts
FNF:0
FNH:0
LF:0
LH:0
BRF:0
BRH:0
end_of_record
TN:
SF:server/replit_integrations/auth/replitAuth.ts
FN:22,(anonymous_0)
FN:31,getSession
FN:53,updateUserSession
FN:63,upsertUser
FN:73,setupAuth
FN:81,(anonymous_5)
FN:95,(anonymous_6)
FN:112,(anonymous_7)
FN:113,(anonymous_8)
FN:115,(anonymous_9)
FN:123,(anonymous_10)
FN:131,(anonymous_11)
FN:132,(anonymous_12)
FN:143,(anonymous_13)
FNF:14
FNH:0
FNDA:0,(anonymous_0)
FNDA:0,getSession
FNDA:0,updateUserSession
FNDA:0,upsertUser
FNDA:0,setupAuth
FNDA:0,(anonymous_5)
FNDA:0,(anonymous_6)
FNDA:0,(anonymous_7)
FNDA:0,(anonymous_8)
FNDA:0,(anonymous_9)
FNDA:0,(anonymous_10)
FNDA:0,(anonymous_11)
FNDA:0,(anonymous_12)
FNDA:0,(anonymous_13)
DA:21,0
DA:23,0
DA:32,0
DA:33,0
DA:34,0
DA:40,0
DA:57,0
DA:58,0
DA:59,0
DA:60,0
DA:64,0
DA:74,0
DA:75,0
DA:76,0
DA:77,0
DA:79,0
DA:81,0
DA:85,0
DA:86,0
DA:87,0
DA:88,0
DA:92,0
DA:95,0
DA:96,0
DA:97,0
DA:98,0
DA:107,0
DA:108,0
DA:112,0
DA:113,0
DA:115,0
DA:116,0
DA:117,0
DA:123,0
DA:124,0
DA:125,0
DA:131,0
DA:132,0
DA:133,0
DA:143,0
DA:144,0
DA:146,0
DA:147,0
DA:150,0
DA:151,0
DA:152,0
DA:155,0
DA:156,0
DA:157,0
DA:158,0
DA:161,0
DA:162,0
DA:163,0
DA:164,0
DA:165,0
DA:167,0
DA:168,0
LF:57
LH:0
BRDA:24,0,0,0
BRDA:24,0,1,0
BRDA:97,1,0,0
BRDA:97,1,1,0
BRDA:146,2,0,0
BRDA:146,2,1,0
BRDA:146,3,0,0
BRDA:146,3,1,0
BRDA:151,4,0,0
BRDA:151,4,1,0
BRDA:156,5,0,0
BRDA:156,5,1,0
BRF:12
BRH:0
end_of_record
TN:
SF:server/replit_integrations/auth/routes.ts
FN:16,registerAuthRoutes
FN:18,(anonymous_1)
FNF:2
FNH:0
FNDA:0,registerAuthRoutes
FNDA:0,(anonymous_1)
DA:18,0
DA:19,0
DA:20,0
DA:21,0
DA:22,0
DA:24,0
DA:25,0
LF:7
LH:0
BRF:0
BRH:0
end_of_record
TN:
SF:server/replit_integrations/auth/storage.ts
FN:23,(anonymous_0)
FN:28,(anonymous_1)
FNF:2
FNH:0
FNDA:0,(anonymous_0)
FNDA:0,(anonymous_1)
DA:24,0
DA:25,0
DA:29,0
DA:40,0
DA:44,0
LF:5
LH:0
BRF:0
BRH:0
end_of_record
TN:
SF:server/replit_integrations/object_storage/index.ts
FNF:0
FNH:0
LF:0
LH:0
BRF:0
BRH:0
end_of_record
TN:
SF:server/replit_integrations/object_storage/objectAcl.ts
FN:25,(anonymous_0)
FN:48,(anonymous_1)
FN:69,isPermissionAllowed
FN:86,(anonymous_3)
FN:95,createObjectAccessGroup
FN:116,setObjectAclPolicy
FN:133,getObjectAclPolicy
FN:145,canAccessObject
FNF:8
FNH:2
FNDA:1,(anonymous_0)
FNDA:1,(anonymous_1)
FNDA:0,isPermissionAllowed
FNDA:0,(anonymous_3)
FNDA:0,createObjectAccessGroup
FNDA:0,setObjectAclPolicy
FNDA:0,getObjectAclPolicy
FNDA:0,canAccessObject
DA:13,1
DA:25,1
DA:48,1
DA:49,1
DA:50,1
DA:74,0
DA:75,0
DA:79,0
DA:87,0
DA:88,0
DA:98,0
DA:111,0
DA:120,0
DA:121,0
DA:122,0
DA:125,0
DA:136,0
DA:137,0
DA:138,0
DA:139,0
DA:141,0
DA:155,0
DA:156,0
DA:157,0
DA:161,0
DA:165,0
DA:169,0
DA:170,0
DA:174,0
DA:175,0
DA:179,0
DA:180,0
DA:181,0
DA:185,0
DA:189,0
LF:35
LH:5
BRDA:25,0,0,1
BRDA:25,0,1,1
BRDA:48,1,0,1
BRDA:48,1,1,1
BRDA:74,2,0,0
BRDA:74,2,1,0
BRDA:98,3,0,0
BRDA:121,4,0,0
BRDA:121,4,1,0
BRDA:138,5,0,0
BRDA:138,5,1,0
BRDA:156,6,0,0
BRDA:156,6,1,0
BRDA:161,7,0,0
BRDA:161,7,1,0
BRDA:162,8,0,0
BRDA:162,8,1,0
BRDA:169,9,0,0
BRDA:169,9,1,0
BRDA:174,10,0,0
BRDA:174,10,1,0
BRDA:179,11,0,0
BRDA:179,11,1,0
BRDA:181,12,0,0
BRDA:181,12,1,0
BRDA:182,13,0,0
BRDA:182,13,1,0
BRF:27
BRH:4
end_of_record
TN:
SF:server/replit_integrations/object_storage/objectStorage.ts
FN:44,(anonymous_0)
FN:53,(anonymous_1)
FN:56,(anonymous_2)
FN:62,(anonymous_3)
FN:63,(anonymous_4)
FN:76,(anonymous_5)
FN:88,(anonymous_6)
FN:108,(anonymous_7)
FN:127,(anonymous_8)
FN:144,(anonymous_9)
FN:168,(anonymous_10)
FN:194,(anonymous_11)
FN:220,(anonymous_12)
FN:235,(anonymous_13)
FN:252,parseObjectPath
FN:273,signObjectURL
FNF:16
FNH:9
FNDA:5,(anonymous_0)
FNDA:20,(anonymous_1)
FNDA:7,(anonymous_2)
FNDA:16,(anonymous_3)
FNDA:16,(anonymous_4)
FNDA:10,(anonymous_5)
FNDA:0,(anonymous_6)
FNDA:0,(anonymous_7)
FNDA:0,(anonymous_8)
FNDA:1,(anonymous_9)
FNDA:2,(anonymous_10)
FNDA:7,(anonymous_11)
FNDA:0,(anonymous_12)
FNDA:0,(anonymous_13)
FNDA:0,parseObjectPath
FNDA:0,signObjectURL
DA:13,1
DA:22,1
DA:25,1
DA:45,5
DA:46,5
DA:47,5
DA:57,7
DA:58,7
DA:62,16
DA:63,16
DA:66,7
DA:67,3
DA:72,4
DA:77,10
DA:78,10
DA:79,3
DA:84,7
DA:89,0
DA:90,0
DA:93,0
DA:94,0
DA:95,0
DA:98,0
DA:99,0
DA:100,0
DA:104,0
DA:109,0
DA:111,0
DA:113,0
DA:114,0
DA:116,0
DA:125,0
DA:127,0
DA:128,0
DA:129,0
DA:130,0
DA:134,0
DA:136,0
DA:137,0
DA:138,0
DA:145,1
DA:146,1
DA:147,0
DA:153,0
DA:154,0
DA:156,0
DA:159,0
DA:169,2
DA:170,2
DA:173,0
DA:174,0
DA:175,0
DA:178,0
DA:179,0
DA:180,0
DA:181,0
DA:183,0
DA:184,0
DA:185,0
DA:186,0
DA:187,0
DA:188,0
DA:189,0
DA:191,0
DA:197,7
DA:198,1
DA:202,6
DA:203,6
DA:205,6
DA:206,6
DA:207,5
DA:210,6
DA:211,1
DA:215,5
DA:216,5
DA:224,0
DA:225,0
DA:226,0
DA:229,0
DA:230,0
DA:231,0
DA:244,0
DA:256,0
DA:257,0
DA:259,0
DA:260,0
DA:261,0
DA:264,0
DA:265,0
DA:267,0
DA:284,0
DA:290,0
DA:300,0
DA:301,0
DA:307,0
DA:308,0
LF:96
LH:32
BRDA:57,0,0,7
BRDA:57,0,1,2
BRDA:66,1,0,3
BRDA:66,1,1,4
BRDA:77,2,0,10
BRDA:77,2,1,3
BRDA:78,3,0,3
BRDA:78,3,1,7
BRDA:99,4,0,0
BRDA:99,4,1,0
BRDA:108,5,0,0
BRDA:117,6,0,0
BRDA:117,6,1,0
BRDA:120,7,0,0
BRDA:120,7,1,0
BRDA:129,8,0,0
BRDA:129,8,1,0
BRDA:137,9,0,0
BRDA:137,9,1,0
BRDA:146,10,0,0
BRDA:146,10,1,1
BRDA:169,11,0,2
BRDA:169,11,1,0
BRDA:174,12,0,0
BRDA:174,12,1,0
BRDA:180,13,0,0
BRDA:180,13,1,0
BRDA:188,14,0,0
BRDA:188,14,1,0
BRDA:197,15,0,1
BRDA:197,15,1,6
BRDA:206,16,0,5
BRDA:206,16,1,1
BRDA:210,17,0,1
BRDA:210,17,1,5
BRDA:225,18,0,0
BRDA:225,18,1,0
BRDA:247,19,0,0
BRDA:247,19,1,0
BRDA:256,20,0,0
BRDA:256,20,1,0
BRDA:260,21,0,0
BRDA:260,21,1,0
BRDA:300,22,0,0
BRDA:300,22,1,0
BRF:45
BRH:16
end_of_record
TN:
SF:server/replit_integrations/object_storage/routes.ts
FN:26,registerObjectStorageRoutes
FN:48,(anonymous_1)
FN:83,(anonymous_2)
FNF:3
FNH:0
FNDA:0,registerObjectStorageRoutes
FNDA:0,(anonymous_1)
FNDA:0,(anonymous_2)
DA:27,0
DA:48,0
DA:49,0
DA:50,0
DA:52,0
DA:53,0
DA:58,0
DA:61,0
DA:63,0
DA:70,0
DA:71,0
DA:83,0
DA:84,0
DA:85,0
DA:86,0
DA:87,0
DA:89,0
DA:90,0
DA:91,0
DA:93,0
LF:20
LH:0
BRDA:52,0,0,0
BRDA:52,0,1,0
BRDA:90,1,0,0
BRDA:90,1,1,0
BRF:4
BRH:0
end_of_record
TN:
SF:shared/schema.ts
FN:24,(anonymous_0)
FN:29,(anonymous_1)
FN:47,(anonymous_2)
FN:52,(anonymous_3)
FN:69,(anonymous_4)
FN:74,(anonymous_5)
FNF:6
FNH:6
FNDA:1,(anonymous_0)
FNDA:1,(anonymous_1)
FNDA:1,(anonymous_2)
FNDA:1,(anonymous_3)
FNDA:1,(anonymous_4)
FNDA:1,(anonymous_5)
DA:18,3
DA:24,1
DA:29,3
DA:38,3
DA:47,1
DA:52,3
DA:60,3
DA:69,1
DA:74,3
DA:81,3
DA:86,3
DA:91,3
LF:12
LH:12
BRF:0
BRH:0
end_of_record
TN:
SF:shared/models/auth.ts
FN:23,(anonymous_0)
FNF:1
FNH:1
FNDA:1,(anonymous_0)
DA:16,3
DA:23,1
DA:28,3
LF:3
LH:3
BRF:0
BRH:0
end_of_record
