TN:
SF:client\src\hooks\use-auth.ts
FN:14,fetchUser
FN:30,logout
FN:34,useAuth
FN:45,(anonymous_3)
FNF:4
FNH:0
FNDA:0,fetchUser
FNDA:0,logout
FNDA:0,useAuth
FNDA:0,(anonymous_3)
DA:15,0
DA:19,0
DA:20,0
DA:23,0
DA:24,0
DA:27,0
DA:31,0
DA:35,0
DA:36,0
DA:43,0
DA:46,0
DA:50,0
LF:12
LH:0
BRDA:19,0,0,0
BRDA:19,0,1,0
BRDA:23,1,0,0
BRDA:23,1,1,0
BRF:4
BRH:0
end_of_record
TN:
SF:client\src\hooks\use-toast.ts
FN:37,genId
FN:68,(anonymous_1)
FN:73,(anonymous_2)
FN:84,(anonymous_3)
FN:95,(anonymous_4)
FN:108,(anonymous_5)
FN:115,(anonymous_6)
FN:134,(anonymous_7)
FN:143,dispatch
FN:145,(anonymous_9)
FN:152,toast
FN:155,(anonymous_11)
FN:160,(anonymous_12)
FN:168,(anonymous_13)
FN:181,useToast
FN:184,(anonymous_15)
FN:186,(anonymous_16)
FN:197,(anonymous_17)
FNF:18
FNH:17
FNDA:20,genId
FNDA:18,(anonymous_1)
FNDA:4,(anonymous_2)
FNDA:50,(anonymous_3)
FNDA:5,(anonymous_4)
FNDA:3,(anonymous_5)
FNDA:19,(anonymous_6)
FNDA:8,(anonymous_7)
FNDA:40,dispatch
FNDA:7,(anonymous_9)
FNDA:20,toast
FNDA:1,(anonymous_11)
FNDA:13,(anonymous_12)
FNDA:0,(anonymous_13)
FNDA:6,useToast
FNDA:6,(anonymous_15)
FNDA:6,(anonymous_16)
FNDA:2,(anonymous_17)
DA:18,1
DA:19,1
DA:28,1
DA:35,1
DA:38,20
DA:39,20
DA:66,1
DA:68,1
DA:69,18
DA:70,7
DA:73,11
DA:74,4
DA:75,4
DA:81,11
DA:84,1
DA:85,50
DA:87,23
DA:93,3
DA:96,5
DA:101,17
DA:105,17
DA:106,15
DA:108,2
DA:109,3
DA:113,17
DA:116,19
DA:126,7
DA:127,1
DA:132,6
DA:134,8
DA:139,1
DA:141,1
DA:144,40
DA:145,40
DA:146,7
DA:153,20
DA:155,20
DA:156,1
DA:160,20
DA:162,20
DA:169,0
DA:174,20
DA:182,6
DA:184,6
DA:185,6
DA:186,6
DA:187,6
DA:188,6
DA:189,6
DA:194,6
DA:197,2
LF:51
LH:50
BRDA:69,0,0,7
BRDA:69,0,1,11
BRDA:85,1,0,23
BRDA:85,1,1,3
BRDA:85,1,2,17
BRDA:85,1,3,7
BRDA:96,2,0,3
BRDA:96,2,1,2
BRDA:105,3,0,15
BRDA:105,3,1,2
BRDA:116,4,0,18
BRDA:116,4,1,1
BRDA:116,5,0,19
BRDA:116,5,1,4
BRDA:126,6,0,1
BRDA:126,6,1,6
BRDA:169,7,0,0
BRDA:169,7,1,0
BRDA:188,8,0,6
BRDA:188,8,1,0
BRF:20
BRH:17
end_of_record
TN:
SF:client\src\hooks\use-upload.ts
FN:64,useUpload
FN:74,(anonymous_1)
FN:88,(anonymous_2)
FN:101,(anonymous_3)
FN:124,(anonymous_4)
FN:167,(anonymous_5)
FNF:6
FNH:0
FNDA:0,useUpload
FNDA:0,(anonymous_1)
FNDA:0,(anonymous_2)
FNDA:0,(anonymous_3)
FNDA:0,(anonymous_4)
FNDA:0,(anonymous_5)
DA:65,0
DA:66,0
DA:67,0
DA:73,0
DA:75,0
DA:87,0
DA:88,0
DA:89,0
DA:92,0
DA:100,0
DA:102,0
DA:110,0
DA:111,0
DA:123,0
DA:125,0
DA:126,0
DA:127,0
DA:129,0
DA:131,0
DA:132,0
DA:135,0
DA:136,0
DA:138,0
DA:139,0
DA:140,0
DA:142,0
DA:143,0
DA:144,0
DA:145,0
DA:147,0
DA:166,0
DA:175,0
DA:187,0
DA:188,0
DA:191,0
DA:192,0
DA:201,0
LF:37
LH:0
BRDA:64,0,0,0
BRDA:83,1,0,0
BRDA:83,1,1,0
BRDA:87,2,0,0
BRDA:87,2,1,0
BRDA:89,3,0,0
BRDA:89,3,1,0
BRDA:106,4,0,0
BRDA:106,4,1,0
BRDA:110,5,0,0
BRDA:110,5,1,0
BRDA:142,6,0,0
BRDA:142,6,1,0
BRDA:183,7,0,0
BRDA:183,7,1,0
BRDA:187,8,0,0
BRDA:187,8,1,0
BRDA:195,9,0,0
BRDA:195,9,1,0
BRF:19
BRH:0
end_of_record
TN:
SF:client\src\lib\auth-utils.ts
FN:11,isUnauthorizedError
FN:16,redirectToLogin
FN:24,(anonymous_2)
FNF:3
FNH:0
FNDA:0,isUnauthorizedError
FNDA:0,redirectToLogin
FNDA:0,(anonymous_2)
DA:12,0
DA:17,0
DA:18,0
DA:24,0
DA:25,0
LF:5
LH:0
BRDA:17,0,0,0
BRDA:17,0,1,0
BRF:2
BRH:0
end_of_record
TN:
SF:client\src\lib\queryClient.ts
FN:13,throwIfResNotOk
FN:20,apiRequest
FN:40,(anonymous_2)
FN:41,(anonymous_3)
FNF:4
FNH:0
FNDA:0,throwIfResNotOk
FNDA:0,apiRequest
FNDA:0,(anonymous_2)
FNDA:0,(anonymous_3)
DA:14,0
DA:15,0
DA:16,0
DA:25,0
DA:32,0
DA:33,0
DA:40,0
DA:41,0
DA:42,0
DA:46,0
DA:47,0
DA:50,0
DA:51,0
DA:54,0
LF:14
LH:0
BRDA:14,0,0,0
BRDA:14,0,1,0
BRDA:15,1,0,0
BRDA:15,1,1,0
BRDA:27,2,0,0
BRDA:27,2,1,0
BRDA:28,3,0,0
BRDA:28,3,1,0
BRDA:46,4,0,0
BRDA:46,4,1,0
BRDA:46,5,0,0
BRDA:46,5,1,0
BRF:12
BRH:0
end_of_record
TN:
SF:client\src\lib\utils.ts
FN:14,cn
FNF:1
FNH:0
FNDA:0,cn
DA:15,0
LF:1
LH:0
BRF:0
BRH:0
end_of_record
TN:
SF:server\db.ts
FNF:0
FNH:0
DA:15,0
DA:17,0
DA:18,0
DA:23,0
DA:24,0
LF:5
LH:0
BRDA:17,0,0,0
BRDA:17,0,1,0
BRF:2
BRH:0
end_of_record
TN:
SF:server\routes.ts
FN:23,registerRoutes
FN:31,(anonymous_1)
FN:43,(anonymous_2)
FN:62,(anonymous_3)
FN:82,(anonymous_4)
FN:93,(anonymous_5)
FN:105,(anonymous_6)
FN:131,(anonymous_7)
FN:142,(anonymous_8)
FN:166,(anonymous_9)
FN:204,(anonymous_10)
FN:226,(anonymous_11)
FN:257,(anonymous_12)
FN:299,(anonymous_13)
FNF:14
FNH:0
FNDA:0,registerRoutes
FNDA:0,(anonymous_1)
FNDA:0,(anonymous_2)
FNDA:0,(anonymous_3)
FNDA:0,(anonymous_4)
FNDA:0,(anonymous_5)
FNDA:0,(anonymous_6)
FNDA:0,(anonymous_7)
FNDA:0,(anonymous_8)
FNDA:0,(anonymous_9)
FNDA:0,(anonymous_10)
FNDA:0,(anonymous_11)
FNDA:0,(anonymous_12)
FNDA:0,(anonymous_13)
DA:21,0
DA:27,0
DA:28,0
DA:29,0
DA:31,0
DA:32,0
DA:33,0
DA:34,0
DA:35,0
DA:36,0
DA:38,0
DA:39,0
DA:43,0
DA:44,0
DA:45,0
DA:46,0
DA:47,0
DA:48,0
DA:51,0
DA:52,0
DA:54,0
DA:55,0
DA:57,0
DA:58,0
DA:62,0
DA:63,0
DA:64,0
DA:65,0
DA:70,0
DA:71,0
DA:73,0
DA:74,0
DA:75,0
DA:77,0
DA:82,0
DA:83,0
DA:84,0
DA:85,0
DA:86,0
DA:88,0
DA:89,0
DA:93,0
DA:94,0
DA:95,0
DA:96,0
DA:97,0
DA:98,0
DA:100,0
DA:101,0
DA:105,0
DA:106,0
DA:107,0
DA:110,0
DA:112,0
DA:119,0
DA:120,0
DA:122,0
DA:123,0
DA:124,0
DA:126,0
DA:131,0
DA:132,0
DA:133,0
DA:134,0
DA:135,0
DA:137,0
DA:138,0
DA:142,0
DA:143,0
DA:144,0
DA:145,0
DA:146,0
DA:147,0
DA:149,0
DA:150,0
DA:152,0
DA:153,0
DA:155,0
DA:156,0
DA:160,0
DA:166,0
DA:167,0
DA:168,0
DA:169,0
DA:170,0
DA:173,0
DA:175,0
DA:176,0
DA:177,0
DA:180,0
DA:181,0
DA:184,0
DA:185,0
DA:187,0
DA:190,0
DA:197,0
DA:199,0
DA:200,0
DA:204,0
DA:205,0
DA:206,0
DA:207,0
DA:209,0
DA:210,0
DA:213,0
DA:214,0
DA:215,0
DA:218,0
DA:219,0
DA:221,0
DA:222,0
DA:226,0
DA:227,0
DA:228,0
DA:229,0
DA:230,0
DA:231,0
DA:234,0
DA:235,0
DA:236,0
DA:239,0
DA:241,0
DA:252,0
DA:253,0
DA:257,0
DA:258,0
DA:259,0
DA:260,0
DA:261,0
DA:262,0
DA:266,0
DA:267,0
DA:270,0
DA:271,0
DA:272,0
DA:273,0
DA:276,0
DA:277,0
DA:278,0
DA:282,0
DA:283,0
DA:284,0
DA:287,0
DA:289,0
DA:294,0
DA:295,0
DA:299,0
DA:300,0
DA:301,0
DA:302,0
DA:303,0
DA:305,0
DA:306,0
DA:310,0
LF:154
LH:0
BRDA:35,0,0,0
BRDA:35,0,1,0
BRDA:47,1,0,0
BRDA:47,1,1,0
BRDA:51,2,0,0
BRDA:51,2,1,0
BRDA:68,3,0,0
BRDA:68,3,1,0
BRDA:74,4,0,0
BRDA:74,4,1,0
BRDA:97,5,0,0
BRDA:97,5,1,0
BRDA:116,6,0,0
BRDA:116,6,1,0
BRDA:123,7,0,0
BRDA:123,7,1,0
BRDA:146,8,0,0
BRDA:146,8,1,0
BRDA:149,9,0,0
BRDA:149,9,1,0
BRDA:169,10,0,0
BRDA:169,10,1,0
BRDA:176,11,0,0
BRDA:176,11,1,0
BRDA:180,12,0,0
BRDA:180,12,1,0
BRDA:185,13,0,0
BRDA:185,13,1,0
BRDA:193,14,0,0
BRDA:193,14,1,0
BRDA:209,15,0,0
BRDA:209,15,1,0
BRDA:214,16,0,0
BRDA:214,16,1,0
BRDA:214,17,0,0
BRDA:214,17,1,0
BRDA:228,18,0,0
BRDA:228,18,1,0
BRDA:230,19,0,0
BRDA:230,19,1,0
BRDA:230,20,0,0
BRDA:230,20,1,0
BRDA:235,21,0,0
BRDA:235,21,1,0
BRDA:239,22,0,0
BRDA:239,22,1,0
BRDA:249,23,0,0
BRDA:249,23,1,0
BRDA:259,24,0,0
BRDA:259,24,1,0
BRDA:261,25,0,0
BRDA:261,25,1,0
BRDA:261,26,0,0
BRDA:261,26,1,0
BRDA:266,27,0,0
BRDA:266,27,1,0
BRDA:266,28,0,0
BRDA:266,28,1,0
BRDA:270,29,0,0
BRDA:270,29,1,0
BRDA:272,30,0,0
BRDA:272,30,1,0
BRDA:277,31,0,0
BRDA:277,31,1,0
BRDA:283,32,0,0
BRDA:283,32,1,0
BRF:66
BRH:0
end_of_record
TN:
SF:server\security.ts
FN:17,securityHeaders
FN:61,corsPolicy
FN:78,(anonymous_2)
FN:107,(anonymous_3)
FN:110,(anonymous_4)
FN:124,(anonymous_5)
FN:129,(anonymous_6)
FN:143,(anonymous_7)
FN:149,createRateLimiter
FN:160,(anonymous_9)
FN:164,(anonymous_10)
FN:183,(anonymous_11)
FN:202,(anonymous_12)
FN:234,applySecurityMiddleware
FNF:14
FNH:0
FNDA:0,securityHeaders
FNDA:0,corsPolicy
FNDA:0,(anonymous_2)
FNDA:0,(anonymous_3)
FNDA:0,(anonymous_4)
FNDA:0,(anonymous_5)
FNDA:0,(anonymous_6)
FNDA:0,(anonymous_7)
FNDA:0,createRateLimiter
FNDA:0,(anonymous_9)
FNDA:0,(anonymous_10)
FNDA:0,(anonymous_11)
FNDA:0,(anonymous_12)
FNDA:0,applySecurityMiddleware
DA:20,0
DA:32,0
DA:35,0
DA:36,0
DA:40,0
DA:43,0
DA:46,0
DA:49,0
DA:52,0
DA:54,0
DA:62,0
DA:65,0
DA:73,0
DA:74,0
DA:78,0
DA:79,0
DA:81,0
DA:82,0
DA:84,0
DA:87,0
DA:88,0
DA:89,0
DA:93,0
DA:94,0
DA:95,0
DA:96,0
DA:97,0
DA:100,0
DA:108,0
DA:111,0
DA:112,0
DA:114,0
DA:115,0
DA:116,0
DA:117,0
DA:120,0
DA:121,0
DA:125,0
DA:130,0
DA:131,0
DA:132,0
DA:133,0
DA:134,0
DA:140,0
DA:143,0
DA:160,0
DA:162,0
DA:164,0
DA:165,0
DA:166,0
DA:169,0
DA:170,0
DA:171,0
DA:173,0
DA:174,0
DA:178,0
DA:182,0
DA:183,0
DA:184,0
DA:185,0
DA:190,0
DA:198,0
DA:204,0
DA:205,0
DA:206,0
DA:215,0
DA:225,0
DA:236,0
DA:239,0
DA:242,0
LF:70
LH:0
BRDA:35,0,0,0
BRDA:35,0,1,0
BRDA:35,1,0,0
BRDA:35,1,1,0
BRDA:73,2,0,0
BRDA:73,2,1,0
BRDA:78,3,0,0
BRDA:78,3,1,0
BRDA:79,4,0,0
BRDA:79,4,1,0
BRDA:87,5,0,0
BRDA:87,5,1,0
BRDA:93,6,0,0
BRDA:93,6,1,0
BRDA:114,7,0,0
BRDA:114,7,1,0
BRDA:114,8,0,0
BRDA:114,8,1,0
BRDA:133,9,0,0
BRDA:133,9,1,0
BRDA:159,10,0,0
BRDA:160,11,0,0
BRDA:160,12,0,0
BRDA:160,12,1,0
BRDA:160,12,2,0
BRDA:161,13,0,0
BRDA:173,14,0,0
BRDA:173,14,1,0
BRDA:182,15,0,0
BRDA:182,15,1,0
BRDA:184,16,0,0
BRDA:184,16,1,0
BRDA:204,17,0,0
BRDA:204,17,1,0
BRDA:204,17,2,0
BRDA:205,18,0,0
BRDA:205,18,1,0
BRDA:205,18,2,0
BRF:38
BRH:0
end_of_record
TN:
SF:server\storage.ts
FN:44,(anonymous_0)
FN:49,(anonymous_1)
FN:60,(anonymous_2)
FN:75,(anonymous_3)
FN:80,(anonymous_4)
FN:95,(anonymous_5)
FN:100,(anonymous_6)
FN:111,(anonymous_7)
FN:116,(anonymous_8)
FN:121,(anonymous_9)
FN:131,(anonymous_10)
FN:137,(anonymous_11)
FN:142,(anonymous_12)
FN:147,(anonymous_13)
FN:151,(anonymous_14)
FN:157,(anonymous_15)
FNF:16
FNH:0
FNDA:0,(anonymous_0)
FNDA:0,(anonymous_1)
FNDA:0,(anonymous_2)
FNDA:0,(anonymous_3)
FNDA:0,(anonymous_4)
FNDA:0,(anonymous_5)
FNDA:0,(anonymous_6)
FNDA:0,(anonymous_7)
FNDA:0,(anonymous_8)
FNDA:0,(anonymous_9)
FNDA:0,(anonymous_10)
FNDA:0,(anonymous_11)
FNDA:0,(anonymous_12)
FNDA:0,(anonymous_13)
FNDA:0,(anonymous_14)
FNDA:0,(anonymous_15)
DA:45,0
DA:46,0
DA:50,0
DA:51,0
DA:55,0
DA:62,0
DA:63,0
DA:65,0
DA:66,0
DA:67,0
DA:68,0
DA:69,0
DA:72,0
DA:76,0
DA:77,0
DA:82,0
DA:83,0
DA:84,0
DA:87,0
DA:88,0
DA:89,0
DA:92,0
DA:96,0
DA:97,0
DA:101,0
DA:102,0
DA:106,0
DA:112,0
DA:113,0
DA:117,0
DA:118,0
DA:123,0
DA:124,0
DA:128,0
DA:132,0
DA:138,0
DA:139,0
DA:143,0
DA:144,0
DA:148,0
DA:152,0
DA:158,0
DA:166,0
DA:173,0
DA:181,0
LF:45
LH:0
BRDA:50,0,0,0
BRDA:50,0,1,0
BRDA:67,1,0,0
BRDA:67,1,1,0
BRDA:101,2,0,0
BRDA:101,2,1,0
BRDA:174,3,0,0
BRDA:174,3,1,0
BRDA:175,4,0,0
BRDA:175,4,1,0
BRDA:176,5,0,0
BRDA:176,5,1,0
BRF:12
BRH:0
end_of_record
TN:
SF:server\replit_integrations\auth\index.ts
FNF:0
FNH:0
LF:0
LH:0
BRF:0
BRH:0
end_of_record
TN:
SF:server\replit_integrations\auth\replitAuth.ts
FN:23,(anonymous_0)
FN:32,getSession
FN:54,updateUserSession
FN:64,upsertUser
FN:74,setupAuth
FN:82,(anonymous_5)
FN:96,(anonymous_6)
FN:113,(anonymous_7)
FN:114,(anonymous_8)
FN:117,(anonymous_9)
FN:125,(anonymous_10)
FN:133,(anonymous_11)
FN:134,(anonymous_12)
FN:145,(anonymous_13)
FNF:14
FNH:0
FNDA:0,(anonymous_0)
FNDA:0,getSession
FNDA:0,updateUserSession
FNDA:0,upsertUser
FNDA:0,setupAuth
FNDA:0,(anonymous_5)
FNDA:0,(anonymous_6)
FNDA:0,(anonymous_7)
FNDA:0,(anonymous_8)
FNDA:0,(anonymous_9)
FNDA:0,(anonymous_10)
FNDA:0,(anonymous_11)
FNDA:0,(anonymous_12)
FNDA:0,(anonymous_13)
DA:22,0
DA:24,0
DA:33,0
DA:34,0
DA:35,0
DA:41,0
DA:58,0
DA:59,0
DA:60,0
DA:61,0
DA:65,0
DA:75,0
DA:76,0
DA:77,0
DA:78,0
DA:80,0
DA:82,0
DA:86,0
DA:87,0
DA:88,0
DA:89,0
DA:93,0
DA:96,0
DA:97,0
DA:98,0
DA:99,0
DA:108,0
DA:109,0
DA:113,0
DA:114,0
DA:117,0
DA:118,0
DA:119,0
DA:125,0
DA:126,0
DA:127,0
DA:133,0
DA:134,0
DA:135,0
DA:145,0
DA:146,0
DA:148,0
DA:149,0
DA:152,0
DA:153,0
DA:154,0
DA:157,0
DA:158,0
DA:159,0
DA:160,0
DA:163,0
DA:164,0
DA:165,0
DA:166,0
DA:167,0
DA:169,0
DA:170,0
LF:57
LH:0
BRDA:25,0,0,0
BRDA:25,0,1,0
BRDA:98,1,0,0
BRDA:98,1,1,0
BRDA:148,2,0,0
BRDA:148,2,1,0
BRDA:148,3,0,0
BRDA:148,3,1,0
BRDA:153,4,0,0
BRDA:153,4,1,0
BRDA:158,5,0,0
BRDA:158,5,1,0
BRF:12
BRH:0
end_of_record
TN:
SF:server\replit_integrations\auth\routes.ts
FN:16,registerAuthRoutes
FN:18,(anonymous_1)
FNF:2
FNH:0
FNDA:0,registerAuthRoutes
FNDA:0,(anonymous_1)
DA:18,0
DA:19,0
DA:20,0
DA:21,0
DA:22,0
DA:24,0
DA:25,0
LF:7
LH:0
BRF:0
BRH:0
end_of_record
TN:
SF:server\replit_integrations\auth\storage.ts
FN:23,(anonymous_0)
FN:28,(anonymous_1)
FNF:2
FNH:0
FNDA:0,(anonymous_0)
FNDA:0,(anonymous_1)
DA:24,0
DA:25,0
DA:29,0
DA:40,0
DA:44,0
LF:5
LH:0
BRF:0
BRH:0
end_of_record
TN:
SF:server\replit_integrations\object_storage\index.ts
FNF:0
FNH:0
LF:0
LH:0
BRF:0
BRH:0
end_of_record
TN:
SF:server\replit_integrations\object_storage\objectAcl.ts
FN:25,(anonymous_0)
FN:48,(anonymous_1)
FN:69,isPermissionAllowed
FN:86,(anonymous_3)
FN:95,createObjectAccessGroup
FN:116,setObjectAclPolicy
FN:133,getObjectAclPolicy
FN:145,canAccessObject
FNF:8
FNH:0
FNDA:0,(anonymous_0)
FNDA:0,(anonymous_1)
FNDA:0,isPermissionAllowed
FNDA:0,(anonymous_3)
FNDA:0,createObjectAccessGroup
FNDA:0,setObjectAclPolicy
FNDA:0,getObjectAclPolicy
FNDA:0,canAccessObject
DA:13,0
DA:25,0
DA:48,0
DA:49,0
DA:50,0
DA:74,0
DA:75,0
DA:79,0
DA:87,0
DA:88,0
DA:98,0
DA:111,0
DA:120,0
DA:121,0
DA:122,0
DA:125,0
DA:136,0
DA:137,0
DA:138,0
DA:139,0
DA:141,0
DA:155,0
DA:156,0
DA:157,0
DA:161,0
DA:165,0
DA:169,0
DA:170,0
DA:174,0
DA:175,0
DA:179,0
DA:180,0
DA:181,0
DA:185,0
DA:189,0
LF:35
LH:0
BRDA:25,0,0,0
BRDA:25,0,1,0
BRDA:48,1,0,0
BRDA:48,1,1,0
BRDA:74,2,0,0
BRDA:74,2,1,0
BRDA:98,3,0,0
BRDA:121,4,0,0
BRDA:121,4,1,0
BRDA:138,5,0,0
BRDA:138,5,1,0
BRDA:156,6,0,0
BRDA:156,6,1,0
BRDA:161,7,0,0
BRDA:161,7,1,0
BRDA:162,8,0,0
BRDA:162,8,1,0
BRDA:169,9,0,0
BRDA:169,9,1,0
BRDA:174,10,0,0
BRDA:174,10,1,0
BRDA:179,11,0,0
BRDA:179,11,1,0
BRDA:181,12,0,0
BRDA:181,12,1,0
BRDA:182,13,0,0
BRDA:182,13,1,0
BRF:27
BRH:0
end_of_record
TN:
SF:server\replit_integrations\object_storage\objectStorage.ts
FN:44,(anonymous_0)
FN:53,(anonymous_1)
FN:56,(anonymous_2)
FN:62,(anonymous_3)
FN:63,(anonymous_4)
FN:76,(anonymous_5)
FN:88,(anonymous_6)
FN:108,(anonymous_7)
FN:127,(anonymous_8)
FN:144,(anonymous_9)
FN:168,(anonymous_10)
FN:194,(anonymous_11)
FN:220,(anonymous_12)
FN:235,(anonymous_13)
FN:252,parseObjectPath
FN:273,signObjectURL
FNF:16
FNH:0
FNDA:0,(anonymous_0)
FNDA:0,(anonymous_1)
FNDA:0,(anonymous_2)
FNDA:0,(anonymous_3)
FNDA:0,(anonymous_4)
FNDA:0,(anonymous_5)
FNDA:0,(anonymous_6)
FNDA:0,(anonymous_7)
FNDA:0,(anonymous_8)
FNDA:0,(anonymous_9)
FNDA:0,(anonymous_10)
FNDA:0,(anonymous_11)
FNDA:0,(anonymous_12)
FNDA:0,(anonymous_13)
FNDA:0,parseObjectPath
FNDA:0,signObjectURL
DA:22,0
DA:25,0
DA:45,0
DA:46,0
DA:47,0
DA:57,0
DA:58,0
DA:62,0
DA:63,0
DA:66,0
DA:67,0
DA:72,0
DA:77,0
DA:78,0
DA:79,0
DA:84,0
DA:89,0
DA:90,0
DA:93,0
DA:94,0
DA:95,0
DA:98,0
DA:99,0
DA:100,0
DA:104,0
DA:109,0
DA:111,0
DA:113,0
DA:114,0
DA:116,0
DA:125,0
DA:127,0
DA:128,0
DA:129,0
DA:130,0
DA:134,0
DA:136,0
DA:137,0
DA:138,0
DA:145,0
DA:146,0
DA:147,0
DA:153,0
DA:154,0
DA:156,0
DA:159,0
DA:169,0
DA:170,0
DA:173,0
DA:174,0
DA:175,0
DA:178,0
DA:179,0
DA:180,0
DA:181,0
DA:183,0
DA:184,0
DA:185,0
DA:186,0
DA:187,0
DA:188,0
DA:189,0
DA:191,0
DA:197,0
DA:198,0
DA:202,0
DA:203,0
DA:205,0
DA:206,0
DA:207,0
DA:210,0
DA:211,0
DA:215,0
DA:216,0
DA:224,0
DA:225,0
DA:226,0
DA:229,0
DA:230,0
DA:231,0
DA:244,0
DA:256,0
DA:257,0
DA:259,0
DA:260,0
DA:261,0
DA:264,0
DA:265,0
DA:267,0
DA:284,0
DA:290,0
DA:300,0
DA:301,0
DA:307,0
DA:308,0
LF:95
LH:0
BRDA:57,0,0,0
BRDA:57,0,1,0
BRDA:66,1,0,0
BRDA:66,1,1,0
BRDA:77,2,0,0
BRDA:77,2,1,0
BRDA:78,3,0,0
BRDA:78,3,1,0
BRDA:99,4,0,0
BRDA:99,4,1,0
BRDA:108,5,0,0
BRDA:117,6,0,0
BRDA:117,6,1,0
BRDA:120,7,0,0
BRDA:120,7,1,0
BRDA:129,8,0,0
BRDA:129,8,1,0
BRDA:137,9,0,0
BRDA:137,9,1,0
BRDA:146,10,0,0
BRDA:146,10,1,0
BRDA:169,11,0,0
BRDA:169,11,1,0
BRDA:174,12,0,0
BRDA:174,12,1,0
BRDA:180,13,0,0
BRDA:180,13,1,0
BRDA:188,14,0,0
BRDA:188,14,1,0
BRDA:197,15,0,0
BRDA:197,15,1,0
BRDA:206,16,0,0
BRDA:206,16,1,0
BRDA:210,17,0,0
BRDA:210,17,1,0
BRDA:225,18,0,0
BRDA:225,18,1,0
BRDA:247,19,0,0
BRDA:247,19,1,0
BRDA:256,20,0,0
BRDA:256,20,1,0
BRDA:260,21,0,0
BRDA:260,21,1,0
BRDA:300,22,0,0
BRDA:300,22,1,0
BRF:45
BRH:0
end_of_record
TN:
SF:server\replit_integrations\object_storage\routes.ts
FN:26,registerObjectStorageRoutes
FN:48,(anonymous_1)
FN:83,(anonymous_2)
FNF:3
FNH:0
FNDA:0,registerObjectStorageRoutes
FNDA:0,(anonymous_1)
FNDA:0,(anonymous_2)
DA:27,0
DA:48,0
DA:49,0
DA:50,0
DA:52,0
DA:53,0
DA:58,0
DA:61,0
DA:63,0
DA:70,0
DA:71,0
DA:83,0
DA:84,0
DA:85,0
DA:86,0
DA:87,0
DA:89,0
DA:90,0
DA:91,0
DA:93,0
LF:20
LH:0
BRDA:52,0,0,0
BRDA:52,0,1,0
BRDA:90,1,0,0
BRDA:90,1,1,0
BRF:4
BRH:0
end_of_record
TN:
SF:shared\schema.ts
FN:24,(anonymous_0)
FN:29,(anonymous_1)
FN:47,(anonymous_2)
FN:52,(anonymous_3)
FN:69,(anonymous_4)
FN:74,(anonymous_5)
FNF:6
FNH:0
FNDA:0,(anonymous_0)
FNDA:0,(anonymous_1)
FNDA:0,(anonymous_2)
FNDA:0,(anonymous_3)
FNDA:0,(anonymous_4)
FNDA:0,(anonymous_5)
DA:18,0
DA:24,0
DA:29,0
DA:38,0
DA:47,0
DA:52,0
DA:60,0
DA:69,0
DA:74,0
DA:81,0
DA:86,0
DA:91,0
LF:12
LH:0
BRF:0
BRH:0
end_of_record
TN:
SF:shared\models\auth.ts
FN:23,(anonymous_0)
FNF:1
FNH:0
FNDA:0,(anonymous_0)
DA:16,0
DA:23,0
DA:28,0
LF:3
LH:0
BRF:0
BRH:0
end_of_record
